# JRE version: OpenJDK Runtime Environment (8.0_111-b14) (build 1.8.0_111-8u111-b14-2ubuntu0.16.04.2-b14)
# Java VM: OpenJDK 64-Bit Server VM (25.111-b14 mixed mode linux-amd64 compressed oops)
Heap:
 PSYoungGen      total 101888K, used 15555K [0x00000000e1500000, 0x00000000efa00000, 0x0000000100000000)
  eden space 98304K, 15% used [0x00000000e1500000,0x00000000e2430dc8,0x00000000e7500000)
  from space 3584K, 0% used [0x00000000e7500000,0x00000000e7500000,0x00000000e7880000)
  to   space 18944K, 0% used [0x00000000ee780000,0x00000000ee780000,0x00000000efa00000)
 ParOldGen       total 64512K, used 19550K [0x00000000a3e00000, 0x00000000a7d00000, 0x00000000e1500000)
  object space 64512K, 30% used [0x00000000a3e00000,0x00000000a5117af0,0x00000000a7d00000)
 Metaspace       used 20989K, capacity 21184K, committed 21552K, reserved 1069056K
  class space    used 2286K, capacity 2355K, committed 2432K, reserved 1048576K
GC Heap History (10 events):
Event: 1.075 GC heap before
{Heap before GC invocations=2 (full 0):
 PSYoungGen      total 28160K, used 28144K [0x00000000e1500000, 0x00000000e4c00000, 0x0000000100000000)
  eden space 24576K, 100% used [0x00000000e1500000,0x00000000e2d00000,0x00000000e2d00000)
  from space 3584K, 99% used [0x00000000e2d00000,0x00000000e307c030,0x00000000e3080000)
  to   space 3584K, 0% used [0x00000000e4880000,0x00000000e4880000,0x00000000e4c00000)
 ParOldGen       total 64512K, used 2103K [0x00000000a3e00000, 0x00000000a7d00000, 0x00000000e1500000)
  object space 64512K, 3% used [0x00000000a3e00000,0x00000000a400ddc8,0x00000000a7d00000)
 Metaspace       used 17131K, capacity 17362K, committed 17536K, reserved 1064960K
  class space    used 1967K, capacity 2054K, committed 2176K, reserved 1048576K
Event: 1.083 GC heap after
Heap after GC invocations=2 (full 0):
 PSYoungGen      total 52736K, used 3580K [0x00000000e1500000, 0x00000000e4c00000, 0x0000000100000000)
  eden space 49152K, 0% used [0x00000000e1500000,0x00000000e1500000,0x00000000e4500000)
  from space 3584K, 99% used [0x00000000e4880000,0x00000000e4bff360,0x00000000e4c00000)
  to   space 3584K, 0% used [0x00000000e4500000,0x00000000e4500000,0x00000000e4880000)
 ParOldGen       total 64512K, used 5254K [0x00000000a3e00000, 0x00000000a7d00000, 0x00000000e1500000)
  object space 64512K, 8% used [0x00000000a3e00000,0x00000000a4321b20,0x00000000a7d00000)
 Metaspace       used 17131K, capacity 17362K, committed 17536K, reserved 1064960K
  class space    used 1967K, capacity 2054K, committed 2176K, reserved 1048576K
}
Event: 1.319 GC heap before
{Heap before GC invocations=3 (full 0):
 PSYoungGen      total 52736K, used 52732K [0x00000000e1500000, 0x00000000e4c00000, 0x0000000100000000)
  eden space 49152K, 100% used [0x00000000e1500000,0x00000000e4500000,0x00000000e4500000)
  from space 3584K, 99% used [0x00000000e4880000,0x00000000e4bff360,0x00000000e4c00000)
  to   space 3584K, 0% used [0x00000000e4500000,0x00000000e4500000,0x00000000e4880000)
 ParOldGen       total 64512K, used 5254K [0x00000000a3e00000, 0x00000000a7d00000, 0x00000000e1500000)
  object space 64512K, 8% used [0x00000000a3e00000,0x00000000a4321b20,0x00000000a7d00000)
 Metaspace       used 18045K, capacity 18268K, committed 18560K, reserved 1064960K
  class space    used 2076K, capacity 2157K, committed 2176K, reserved 1048576K
Event: 1.352 GC heap after
Heap after GC invocations=3 (full 0):
 PSYoungGen      total 52736K, used 3558K [0x00000000e1500000, 0x00000000e7c00000, 0x0000000100000000)
  eden space 49152K, 0% used [0x00000000e1500000,0x00000000e1500000,0x00000000e4500000)
  from space 3584K, 99% used [0x00000000e4500000,0x00000000e4879b10,0x00000000e4880000)
  to   space 3584K, 0% used [0x00000000e7880000,0x00000000e7880000,0x00000000e7c00000)
 ParOldGen       total 64512K, used 20093K [0x00000000a3e00000, 0x00000000a7d00000, 0x00000000e1500000)
  object space 64512K, 31% used [0x00000000a3e00000,0x00000000a519f460,0x00000000a7d00000)
 Metaspace       used 18045K, capacity 18268K, committed 18560K, reserved 1064960K
  class space    used 2076K, capacity 2157K, committed 2176K, reserved 1048576K
}
Event: 1.664 GC heap before
{Heap before GC invocations=4 (full 0):
 PSYoungGen      total 52736K, used 52710K [0x00000000e1500000, 0x00000000e7c00000, 0x0000000100000000)
  eden space 49152K, 100% used [0x00000000e1500000,0x00000000e4500000,0x00000000e4500000)
  from space 3584K, 99% used [0x00000000e4500000,0x00000000e4879b10,0x00000000e4880000)
  to   space 3584K, 0% used [0x00000000e7880000,0x00000000e7880000,0x00000000e7c00000)
 ParOldGen       total 64512K, used 20093K [0x00000000a3e00000, 0x00000000a7d00000, 0x00000000e1500000)
  object space 64512K, 31% used [0x00000000a3e00000,0x00000000a519f460,0x00000000a7d00000)
 Metaspace       used 18373K, capacity 18548K, committed 18816K, reserved 1067008K
  class space    used 2091K, capacity 2159K, committed 2176K, reserved 1048576K
Event: 1.690 GC heap after
Heap after GC invocations=4 (full 0):
 PSYoungGen      total 101888K, used 3575K [0x00000000e1500000, 0x00000000e7c00000, 0x0000000100000000)
  eden space 98304K, 0% used [0x00000000e1500000,0x00000000e1500000,0x00000000e7500000)
  from space 3584K, 99% used [0x00000000e7880000,0x00000000e7bfdd00,0x00000000e7c00000)
  to   space 3584K, 0% used [0x00000000e7500000,0x00000000e7500000,0x00000000e7880000)
 ParOldGen       total 64512K, used 29790K [0x00000000a3e00000, 0x00000000a7d00000, 0x00000000e1500000)
  object space 64512K, 46% used [0x00000000a3e00000,0x00000000a5b178c0,0x00000000a7d00000)
 Metaspace       used 18373K, capacity 18548K, committed 18816K, reserved 1067008K
  class space    used 2091K, capacity 2159K, committed 2176K, reserved 1048576K
}
Event: 5.060 GC heap before
{Heap before GC invocations=5 (full 0):
 PSYoungGen      total 101888K, used 85302K [0x00000000e1500000, 0x00000000e7c00000, 0x0000000100000000)
  eden space 98304K, 83% used [0x00000000e1500000,0x00000000e64cfb00,0x00000000e7500000)
  from space 3584K, 99% used [0x00000000e7880000,0x00000000e7bfdd00,0x00000000e7c00000)
  to   space 3584K, 0% used [0x00000000e7500000,0x00000000e7500000,0x00000000e7880000)
 ParOldGen       total 64512K, used 29790K [0x00000000a3e00000, 0x00000000a7d00000, 0x00000000e1500000)
  object space 64512K, 46% used [0x00000000a3e00000,0x00000000a5b178c0,0x00000000a7d00000)
 Metaspace       used 20863K, capacity 21056K, committed 21296K, reserved 1069056K
  class space    used 2285K, capacity 2355K, committed 2432K, reserved 1048576K
Event: 5.086 GC heap after
Heap after GC invocations=5 (full 0):
 PSYoungGen      total 101888K, used 3576K [0x00000000e1500000, 0x00000000efa00000, 0x0000000100000000)
  eden space 98304K, 0% used [0x00000000e1500000,0x00000000e1500000,0x00000000e7500000)
  from space 3584K, 99% used [0x00000000e7500000,0x00000000e787e020,0x00000000e7880000)
  to   space 18944K, 0% used [0x00000000ee780000,0x00000000ee780000,0x00000000efa00000)
 ParOldGen       total 64512K, used 38640K [0x00000000a3e00000, 0x00000000a7d00000, 0x00000000e1500000)
  object space 64512K, 59% used [0x00000000a3e00000,0x00000000a63bc370,0x00000000a7d00000)
 Metaspace       used 20863K, capacity 21056K, committed 21296K, reserved 1069056K
  class space    used 2285K, capacity 2355K, committed 2432K, reserved 1048576K
}
Event: 5.086 GC heap before
{Heap before GC invocations=6 (full 1):
 PSYoungGen      total 101888K, used 3576K [0x00000000e1500000, 0x00000000efa00000, 0x0000000100000000)
  eden space 98304K, 0% used [0x00000000e1500000,0x00000000e1500000,0x00000000e7500000)
  from space 3584K, 99% used [0x00000000e7500000,0x00000000e787e020,0x00000000e7880000)
  to   space 18944K, 0% used [0x00000000ee780000,0x00000000ee780000,0x00000000efa00000)
 ParOldGen       total 64512K, used 38640K [0x00000000a3e00000, 0x00000000a7d00000, 0x00000000e1500000)
  object space 64512K, 59% used [0x00000000a3e00000,0x00000000a63bc370,0x00000000a7d00000)
 Metaspace       used 20863K, capacity 21056K, committed 21296K, reserved 1069056K
  class space    used 2285K, capacity 2355K, committed 2432K, reserved 1048576K
Event: 5.147 GC heap after
Heap after GC invocations=6 (full 1):
 PSYoungGen      total 101888K, used 0K [0x00000000e1500000, 0x00000000efa00000, 0x0000000100000000)
  eden space 98304K, 0% used [0x00000000e1500000,0x00000000e1500000,0x00000000e7500000)
  from space 3584K, 0% used [0x00000000e7500000,0x00000000e7500000,0x00000000e7880000)
  to   space 18944K, 0% used [0x00000000ee780000,0x00000000ee780000,0x00000000efa00000)
 ParOldGen       total 64512K, used 19550K [0x00000000a3e00000, 0x00000000a7d00000, 0x00000000e1500000)
  object space 64512K, 30% used [0x00000000a3e00000,0x00000000a5117af0,0x00000000a7d00000)
 Metaspace       used 20863K, capacity 21056K, committed 21296K, reserved 1069056K
  class space    used 2285K, capacity 2355K, committed 2432K, reserved 1048576K
}

