# JRE version: OpenJDK Runtime Environment (8.0_111-b14) (build 1.8.0_111-8u111-b14-2ubuntu0.16.04.2-b14)
# Java VM: OpenJDK 64-Bit Server VM (25.111-b14 mixed mode linux-amd64 compressed oops)
Heap:
 PSYoungGen      total 111616K, used 36313K [0x00000000e1500000, 0x00000000e9000000, 0x0000000100000000)
  eden space 98304K, 28% used [0x00000000e1500000,0x00000000e304caf0,0x00000000e7500000)
  from space 13312K, 62% used [0x00000000e8300000,0x00000000e8b29c20,0x00000000e9000000)
  to   space 13824K, 0% used [0x00000000e7500000,0x00000000e7500000,0x00000000e8280000)
 ParOldGen       total 64512K, used 26356K [0x00000000a3e00000, 0x00000000a7d00000, 0x00000000e1500000)
  object space 64512K, 40% used [0x00000000a3e00000,0x00000000a57bd0d0,0x00000000a7d00000)
 Metaspace       used 20496K, capacity 20662K, committed 20864K, reserved 1067008K
  class space    used 2284K, capacity 2354K, committed 2432K, reserved 1048576K
GC Heap History (10 events):
Event: 1.147 GC heap before
{Heap before GC invocations=2 (full 0):
 PSYoungGen      total 28160K, used 28128K [0x00000000e1500000, 0x00000000e3400000, 0x0000000100000000)
  eden space 24576K, 100% used [0x00000000e1500000,0x00000000e2d00000,0x00000000e2d00000)
  from space 3584K, 99% used [0x00000000e2d00000,0x00000000e3078030,0x00000000e3080000)
  to   space 3584K, 0% used [0x00000000e3080000,0x00000000e3080000,0x00000000e3400000)
 ParOldGen       total 64512K, used 2174K [0x00000000a3e00000, 0x00000000a7d00000, 0x00000000e1500000)
  object space 64512K, 3% used [0x00000000a3e00000,0x00000000a401fb90,0x00000000a7d00000)
 Metaspace       used 17215K, capacity 17422K, committed 17792K, reserved 1064960K
  class space    used 1972K, capacity 2054K, committed 2176K, reserved 1048576K
Event: 1.162 GC heap after
Heap after GC invocations=2 (full 0):
 PSYoungGen      total 28160K, used 3582K [0x00000000e1500000, 0x00000000e4c00000, 0x0000000100000000)
  eden space 24576K, 0% used [0x00000000e1500000,0x00000000e1500000,0x00000000e2d00000)
  from space 3584K, 99% used [0x00000000e3080000,0x00000000e33ffb00,0x00000000e3400000)
  to   space 3584K, 0% used [0x00000000e2d00000,0x00000000e2d00000,0x00000000e3080000)
 ParOldGen       total 64512K, used 5430K [0x00000000a3e00000, 0x00000000a7d00000, 0x00000000e1500000)
  object space 64512K, 8% used [0x00000000a3e00000,0x00000000a434da80,0x00000000a7d00000)
 Metaspace       used 17215K, capacity 17422K, committed 17792K, reserved 1064960K
  class space    used 1972K, capacity 2054K, committed 2176K, reserved 1048576K
}
Event: 1.263 GC heap before
{Heap before GC invocations=3 (full 0):
 PSYoungGen      total 28160K, used 28158K [0x00000000e1500000, 0x00000000e4c00000, 0x0000000100000000)
  eden space 24576K, 100% used [0x00000000e1500000,0x00000000e2d00000,0x00000000e2d00000)
  from space 3584K, 99% used [0x00000000e3080000,0x00000000e33ffb00,0x00000000e3400000)
  to   space 3584K, 0% used [0x00000000e2d00000,0x00000000e2d00000,0x00000000e3080000)
 ParOldGen       total 64512K, used 5430K [0x00000000a3e00000, 0x00000000a7d00000, 0x00000000e1500000)
  object space 64512K, 8% used [0x00000000a3e00000,0x00000000a434da80,0x00000000a7d00000)
 Metaspace       used 17230K, capacity 17422K, committed 17792K, reserved 1064960K
  class space    used 1972K, capacity 2054K, committed 2176K, reserved 1048576K
Event: 1.276 GC heap after
Heap after GC invocations=3 (full 0):
 PSYoungGen      total 28160K, used 3568K [0x00000000e1500000, 0x00000000e4c00000, 0x0000000100000000)
  eden space 24576K, 0% used [0x00000000e1500000,0x00000000e1500000,0x00000000e2d00000)
  from space 3584K, 99% used [0x00000000e2d00000,0x00000000e307c2b0,0x00000000e3080000)
  to   space 3584K, 0% used [0x00000000e4880000,0x00000000e4880000,0x00000000e4c00000)
 ParOldGen       total 64512K, used 9836K [0x00000000a3e00000, 0x00000000a7d00000, 0x00000000e1500000)
  object space 64512K, 15% used [0x00000000a3e00000,0x00000000a479b2a8,0x00000000a7d00000)
 Metaspace       used 17230K, capacity 17422K, committed 17792K, reserved 1064960K
  class space    used 1972K, capacity 2054K, committed 2176K, reserved 1048576K
}
Event: 1.440 GC heap before
{Heap before GC invocations=4 (full 0):
 PSYoungGen      total 28160K, used 28144K [0x00000000e1500000, 0x00000000e4c00000, 0x0000000100000000)
  eden space 24576K, 100% used [0x00000000e1500000,0x00000000e2d00000,0x00000000e2d00000)
  from space 3584K, 99% used [0x00000000e2d00000,0x00000000e307c2b0,0x00000000e3080000)
  to   space 3584K, 0% used [0x00000000e4880000,0x00000000e4880000,0x00000000e4c00000)
 ParOldGen       total 64512K, used 9836K [0x00000000a3e00000, 0x00000000a7d00000, 0x00000000e1500000)
  object space 64512K, 15% used [0x00000000a3e00000,0x00000000a479b2a8,0x00000000a7d00000)
 Metaspace       used 18136K, capacity 18360K, committed 18688K, reserved 1064960K
  class space    used 2081K, capacity 2189K, committed 2304K, reserved 1048576K
Event: 1.457 GC heap after
Heap after GC invocations=4 (full 0):
 PSYoungGen      total 52736K, used 3553K [0x00000000e1500000, 0x00000000e4c00000, 0x0000000100000000)
  eden space 49152K, 0% used [0x00000000e1500000,0x00000000e1500000,0x00000000e4500000)
  from space 3584K, 99% used [0x00000000e4880000,0x00000000e4bf87f0,0x00000000e4c00000)
  to   space 3584K, 0% used [0x00000000e4500000,0x00000000e4500000,0x00000000e4880000)
 ParOldGen       total 64512K, used 16879K [0x00000000a3e00000, 0x00000000a7d00000, 0x00000000e1500000)
  object space 64512K, 26% used [0x00000000a3e00000,0x00000000a4e7bcc0,0x00000000a7d00000)
 Metaspace       used 18136K, capacity 18360K, committed 18688K, reserved 1064960K
  class space    used 2081K, capacity 2189K, committed 2304K, reserved 1048576K
}
Event: 1.738 GC heap before
{Heap before GC invocations=5 (full 0):
 PSYoungGen      total 52736K, used 52705K [0x00000000e1500000, 0x00000000e4c00000, 0x0000000100000000)
  eden space 49152K, 100% used [0x00000000e1500000,0x00000000e4500000,0x00000000e4500000)
  from space 3584K, 99% used [0x00000000e4880000,0x00000000e4bf87f0,0x00000000e4c00000)
  to   space 3584K, 0% used [0x00000000e4500000,0x00000000e4500000,0x00000000e4880000)
 ParOldGen       total 64512K, used 16879K [0x00000000a3e00000, 0x00000000a7d00000, 0x00000000e1500000)
  object space 64512K, 26% used [0x00000000a3e00000,0x00000000a4e7bcc0,0x00000000a7d00000)
 Metaspace       used 18442K, capacity 18704K, committed 18944K, reserved 1067008K
  class space    used 2095K, capacity 2191K, committed 2304K, reserved 1048576K
Event: 1.758 GC heap after
Heap after GC invocations=5 (full 0):
 PSYoungGen      total 52736K, used 3555K [0x00000000e1500000, 0x00000000e9100000, 0x0000000100000000)
  eden space 49152K, 0% used [0x00000000e1500000,0x00000000e1500000,0x00000000e4500000)
  from space 3584K, 99% used [0x00000000e4500000,0x00000000e4878ca0,0x00000000e4880000)
  to   space 14336K, 0% used [0x00000000e8300000,0x00000000e8300000,0x00000000e9100000)
 ParOldGen       total 64512K, used 26348K [0x00000000a3e00000, 0x00000000a7d00000, 0x00000000e1500000)
  object space 64512K, 40% used [0x00000000a3e00000,0x00000000a57bb0d0,0x00000000a7d00000)
 Metaspace       used 18442K, capacity 18704K, committed 18944K, reserved 1067008K
  class space    used 2095K, capacity 2191K, committed 2304K, reserved 1048576K
}
Event: 2.051 GC heap before
{Heap before GC invocations=6 (full 0):
 PSYoungGen      total 52736K, used 52707K [0x00000000e1500000, 0x00000000e9100000, 0x0000000100000000)
  eden space 49152K, 100% used [0x00000000e1500000,0x00000000e4500000,0x00000000e4500000)
  from space 3584K, 99% used [0x00000000e4500000,0x00000000e4878ca0,0x00000000e4880000)
  to   space 14336K, 0% used [0x00000000e8300000,0x00000000e8300000,0x00000000e9100000)
 ParOldGen       total 64512K, used 26348K [0x00000000a3e00000, 0x00000000a7d00000, 0x00000000e1500000)
  object space 64512K, 40% used [0x00000000a3e00000,0x00000000a57bb0d0,0x00000000a7d00000)
 Metaspace       used 18597K, capacity 18832K, committed 19200K, reserved 1067008K
  class space    used 2096K, capacity 2191K, committed 2304K, reserved 1048576K
Event: 2.065 GC heap after
Heap after GC invocations=6 (full 0):
 PSYoungGen      total 111616K, used 8359K [0x00000000e1500000, 0x00000000e9000000, 0x0000000100000000)
  eden space 98304K, 0% used [0x00000000e1500000,0x00000000e1500000,0x00000000e7500000)
  from space 13312K, 62% used [0x00000000e8300000,0x00000000e8b29c20,0x00000000e9000000)
  to   space 13824K, 0% used [0x00000000e7500000,0x00000000e7500000,0x00000000e8280000)
 ParOldGen       total 64512K, used 26356K [0x00000000a3e00000, 0x00000000a7d00000, 0x00000000e1500000)
  object space 64512K, 40% used [0x00000000a3e00000,0x00000000a57bd0d0,0x00000000a7d00000)
 Metaspace       used 18597K, capacity 18832K, committed 19200K, reserved 1067008K
  class space    used 2096K, capacity 2191K, committed 2304K, reserved 1048576K
}

