# JRE version: OpenJDK Runtime Environment (7.0_111-b01) (build 1.7.0_111-b01)
# Java VM: OpenJDK Server VM (24.111-b01 mixed mode linux-x86 )
Heap
 PSYoungGen      total 71936K, used 70250K [0x9ae80000, 0x9fe00000, 0xaf740000)
  eden space 63232K, 100% used [0x9ae80000,0x9ec40000,0x9ec40000)
  from space 8704K, 80% used [0x9f500000,0x9fbdabf8,0x9fd80000)
  to   space 8960K, 99% used [0x9ec40000,0x9f4fd000,0x9f500000)
 ParOldGen       total 41984K, used 18271K [0x71d40000, 0x74640000, 0x9ae80000)
  object space 41984K, 43% used [0x71d40000,0x72f17e30,0x74640000)
 PSPermGen       total 16384K, used 13939K [0x69d40000, 0x6ad40000, 0x71d40000)
  object space 16384K, 85% used [0x69d40000,0x6aadce70,0x6ad40000)
GC Heap History (10 events):
Event: 2.393 GC heap after
Heap after GC invocations=2 (full 0):
 PSYoungGen      total 18432K, used 2558K [0x9ae80000, 0x9d280000, 0xaf740000)
  eden space 15872K, 0% used [0x9ae80000,0x9ae80000,0x9be00000)
  from space 2560K, 99% used [0x9c080000,0x9c2ffac0,0x9c300000)
  to   space 2560K, 0% used [0x9be00000,0x9be00000,0x9c080000)
 ParOldGen       total 41984K, used 2730K [0x71d40000, 0x74640000, 0x9ae80000)
  object space 41984K, 6% used [0x71d40000,0x71fea8b8,0x74640000)
 PSPermGen       total 16384K, used 12158K [0x69d40000, 0x6ad40000, 0x71d40000)
  object space 16384K, 74% used [0x69d40000,0x6a91f808,0x6ad40000)
}
Event: 2.592 GC heap before
{Heap before GC invocations=3 (full 0):
 PSYoungGen      total 18432K, used 18430K [0x9ae80000, 0x9d280000, 0xaf740000)
  eden space 15872K, 100% used [0x9ae80000,0x9be00000,0x9be00000)
  from space 2560K, 99% used [0x9c080000,0x9c2ffac0,0x9c300000)
  to   space 2560K, 0% used [0x9be00000,0x9be00000,0x9c080000)
 ParOldGen       total 41984K, used 2730K [0x71d40000, 0x74640000, 0x9ae80000)
  object space 41984K, 6% used [0x71d40000,0x71fea8b8,0x74640000)
 PSPermGen       total 16384K, used 12172K [0x69d40000, 0x6ad40000, 0x71d40000)
  object space 16384K, 74% used [0x69d40000,0x6a923040,0x6ad40000)
Event: 2.615 GC heap after
Heap after GC invocations=3 (full 0):
 PSYoungGen      total 18432K, used 2549K [0x9ae80000, 0x9d280000, 0xaf740000)
  eden space 15872K, 0% used [0x9ae80000,0x9ae80000,0x9be00000)
  from space 2560K, 99% used [0x9be00000,0x9c07d488,0x9c080000)
  to   space 2560K, 0% used [0x9d000000,0x9d000000,0x9d280000)
 ParOldGen       total 41984K, used 7416K [0x71d40000, 0x74640000, 0x9ae80000)
  object space 41984K, 17% used [0x71d40000,0x7247e1f8,0x74640000)
 PSPermGen       total 16384K, used 12172K [0x69d40000, 0x6ad40000, 0x71d40000)
  object space 16384K, 74% used [0x69d40000,0x6a923040,0x6ad40000)
}
Event: 2.759 GC heap before
{Heap before GC invocations=4 (full 0):
 PSYoungGen      total 18432K, used 18421K [0x9ae80000, 0x9d280000, 0xaf740000)
  eden space 15872K, 100% used [0x9ae80000,0x9be00000,0x9be00000)
  from space 2560K, 99% used [0x9be00000,0x9c07d488,0x9c080000)
  to   space 2560K, 0% used [0x9d000000,0x9d000000,0x9d280000)
 ParOldGen       total 41984K, used 7416K [0x71d40000, 0x74640000, 0x9ae80000)
  object space 41984K, 17% used [0x71d40000,0x7247e1f8,0x74640000)
 PSPermGen       total 16384K, used 12172K [0x69d40000, 0x6ad40000, 0x71d40000)
  object space 16384K, 74% used [0x69d40000,0x6a923330,0x6ad40000)
Event: 2.779 GC heap after
Heap after GC invocations=4 (full 0):
 PSYoungGen      total 34304K, used 2550K [0x9ae80000, 0x9d280000, 0xaf740000)
  eden space 31744K, 0% used [0x9ae80000,0x9ae80000,0x9cd80000)
  from space 2560K, 99% used [0x9d000000,0x9d27da78,0x9d280000)
  to   space 2560K, 0% used [0x9cd80000,0x9cd80000,0x9d000000)
 ParOldGen       total 41984K, used 11948K [0x71d40000, 0x74640000, 0x9ae80000)
  object space 41984K, 28% used [0x71d40000,0x728eb388,0x74640000)
 PSPermGen       total 16384K, used 12172K [0x69d40000, 0x6ad40000, 0x71d40000)
  object space 16384K, 74% used [0x69d40000,0x6a923330,0x6ad40000)
}
Event: 3.117 GC heap before
{Heap before GC invocations=5 (full 0):
 PSYoungGen      total 34304K, used 34294K [0x9ae80000, 0x9d280000, 0xaf740000)
  eden space 31744K, 100% used [0x9ae80000,0x9cd80000,0x9cd80000)
  from space 2560K, 99% used [0x9d000000,0x9d27da78,0x9d280000)
  to   space 2560K, 0% used [0x9cd80000,0x9cd80000,0x9d000000)
 ParOldGen       total 41984K, used 11948K [0x71d40000, 0x74640000, 0x9ae80000)
  object space 41984K, 28% used [0x71d40000,0x728eb388,0x74640000)
 PSPermGen       total 16384K, used 12852K [0x69d40000, 0x6ad40000, 0x71d40000)
  object space 16384K, 78% used [0x69d40000,0x6a9cd178,0x6ad40000)
Event: 3.131 GC heap after
Heap after GC invocations=5 (full 0):
 PSYoungGen      total 34304K, used 2547K [0x9ae80000, 0x9fd80000, 0xaf740000)
  eden space 31744K, 0% used [0x9ae80000,0x9ae80000,0x9cd80000)
  from space 2560K, 99% used [0x9cd80000,0x9cffcf48,0x9d000000)
  to   space 8704K, 0% used [0x9f500000,0x9f500000,0x9fd80000)
 ParOldGen       total 41984K, used 15369K [0x71d40000, 0x74640000, 0x9ae80000)
  object space 41984K, 36% used [0x71d40000,0x72c42508,0x74640000)
 PSPermGen       total 16384K, used 12852K [0x69d40000, 0x6ad40000, 0x71d40000)
  object space 16384K, 78% used [0x69d40000,0x6a9cd178,0x6ad40000)
}
Event: 3.576 GC heap before
{Heap before GC invocations=6 (full 0):
 PSYoungGen      total 34304K, used 34291K [0x9ae80000, 0x9fd80000, 0xaf740000)
  eden space 31744K, 100% used [0x9ae80000,0x9cd80000,0x9cd80000)
  from space 2560K, 99% used [0x9cd80000,0x9cffcf48,0x9d000000)
  to   space 8704K, 0% used [0x9f500000,0x9f500000,0x9fd80000)
 ParOldGen       total 41984K, used 15369K [0x71d40000, 0x74640000, 0x9ae80000)
  object space 41984K, 36% used [0x71d40000,0x72c42508,0x74640000)
 PSPermGen       total 16384K, used 12896K [0x69d40000, 0x6ad40000, 0x71d40000)
  object space 16384K, 78% used [0x69d40000,0x6a9d8140,0x6ad40000)
Event: 3.601 GC heap after
Heap after GC invocations=6 (full 0):
 PSYoungGen      total 71936K, used 7018K [0x9ae80000, 0x9fe00000, 0xaf740000)
  eden space 63232K, 0% used [0x9ae80000,0x9ae80000,0x9ec40000)
  from space 8704K, 80% used [0x9f500000,0x9fbdabf8,0x9fd80000)
  to   space 8960K, 0% used [0x9ec40000,0x9ec40000,0x9f500000)
 ParOldGen       total 41984K, used 15369K [0x71d40000, 0x74640000, 0x9ae80000)
  object space 41984K, 36% used [0x71d40000,0x72c42508,0x74640000)
 PSPermGen       total 16384K, used 12896K [0x69d40000, 0x6ad40000, 0x71d40000)
  object space 16384K, 78% used [0x69d40000,0x6a9d8140,0x6ad40000)
}
Event: 4.941 GC heap before
{Heap before GC invocations=7 (full 0):
 PSYoungGen      total 71936K, used 70250K [0x9ae80000, 0x9fe00000, 0xaf740000)
  eden space 63232K, 100% used [0x9ae80000,0x9ec40000,0x9ec40000)
  from space 8704K, 80% used [0x9f500000,0x9fbdabf8,0x9fd80000)
  to   space 8960K, 0% used [0x9ec40000,0x9ec40000,0x9f500000)
 ParOldGen       total 41984K, used 15369K [0x71d40000, 0x74640000, 0x9ae80000)
  object space 41984K, 36% used [0x71d40000,0x72c42508,0x74640000)
 PSPermGen       total 16384K, used 13939K [0x69d40000, 0x6ad40000, 0x71d40000)
  object space 16384K, 85% used [0x69d40000,0x6aadce70,0x6ad40000)

