# JRE version: OpenJDK Runtime Environment (7.0_111-b01) (build 1.7.0_111-b01)
# Java VM: OpenJDK Server VM (24.111-b01 mixed mode linux-x86 )
Heap
 PSYoungGen      total 75264K, used 70874K [0x9ae00000, 0xa0400000, 0xaf6c0000)
  eden space 63488K, 100% used [0x9ae00000,0x9ec00000,0x9ec00000)
  from space 11776K, 62% used [0x9f880000,0x9ffb68e0,0xa0400000)
  to   space 12288K, 99% used [0x9ec00000,0x9f7feec0,0x9f800000)
 ParOldGen       total 41984K, used 23835K [0x71cc0000, 0x745c0000, 0x9ae00000)
  object space 41984K, 56% used [0x71cc0000,0x73406e38,0x745c0000)
 PSPermGen       total 16384K, used 13948K [0x69cc0000, 0x6acc0000, 0x71cc0000)
  object space 16384K, 85% used [0x69cc0000,0x6aa5f1d8,0x6acc0000)
GC Heap History (10 events):
Event: 2.401 GC heap after
Heap after GC invocations=2 (full 0):
 PSYoungGen      total 18432K, used 2548K [0x9ae00000, 0x9d200000, 0xaf6c0000)
  eden space 15872K, 0% used [0x9ae00000,0x9ae00000,0x9bd80000)
  from space 2560K, 99% used [0x9c000000,0x9c27d2d0,0x9c280000)
  to   space 2560K, 0% used [0x9bd80000,0x9bd80000,0x9c000000)
 ParOldGen       total 41984K, used 2753K [0x71cc0000, 0x745c0000, 0x9ae00000)
  object space 41984K, 6% used [0x71cc0000,0x71f70628,0x745c0000)
 PSPermGen       total 16384K, used 12157K [0x69cc0000, 0x6acc0000, 0x71cc0000)
  object space 16384K, 74% used [0x69cc0000,0x6a89f7f8,0x6acc0000)
}
Event: 2.607 GC heap before
{Heap before GC invocations=3 (full 0):
 PSYoungGen      total 18432K, used 18420K [0x9ae00000, 0x9d200000, 0xaf6c0000)
  eden space 15872K, 100% used [0x9ae00000,0x9bd80000,0x9bd80000)
  from space 2560K, 99% used [0x9c000000,0x9c27d2d0,0x9c280000)
  to   space 2560K, 0% used [0x9bd80000,0x9bd80000,0x9c000000)
 ParOldGen       total 41984K, used 2753K [0x71cc0000, 0x745c0000, 0x9ae00000)
  object space 41984K, 6% used [0x71cc0000,0x71f70628,0x745c0000)
 PSPermGen       total 16384K, used 12172K [0x69cc0000, 0x6acc0000, 0x71cc0000)
  object space 16384K, 74% used [0x69cc0000,0x6a8a3030,0x6acc0000)
Event: 2.627 GC heap after
Heap after GC invocations=3 (full 0):
 PSYoungGen      total 18432K, used 2552K [0x9ae00000, 0x9d200000, 0xaf6c0000)
  eden space 15872K, 0% used [0x9ae00000,0x9ae00000,0x9bd80000)
  from space 2560K, 99% used [0x9bd80000,0x9bffe060,0x9c000000)
  to   space 2560K, 0% used [0x9cf80000,0x9cf80000,0x9d200000)
 ParOldGen       total 41984K, used 7330K [0x71cc0000, 0x745c0000, 0x9ae00000)
  object space 41984K, 17% used [0x71cc0000,0x723e8b60,0x745c0000)
 PSPermGen       total 16384K, used 12172K [0x69cc0000, 0x6acc0000, 0x71cc0000)
  object space 16384K, 74% used [0x69cc0000,0x6a8a3030,0x6acc0000)
}
Event: 2.709 GC heap before
{Heap before GC invocations=4 (full 0):
 PSYoungGen      total 18432K, used 18424K [0x9ae00000, 0x9d200000, 0xaf6c0000)
  eden space 15872K, 100% used [0x9ae00000,0x9bd80000,0x9bd80000)
  from space 2560K, 99% used [0x9bd80000,0x9bffe060,0x9c000000)
  to   space 2560K, 0% used [0x9cf80000,0x9cf80000,0x9d200000)
 ParOldGen       total 41984K, used 7330K [0x71cc0000, 0x745c0000, 0x9ae00000)
  object space 41984K, 17% used [0x71cc0000,0x723e8b60,0x745c0000)
 PSPermGen       total 16384K, used 12172K [0x69cc0000, 0x6acc0000, 0x71cc0000)
  object space 16384K, 74% used [0x69cc0000,0x6a8a3320,0x6acc0000)
Event: 2.737 GC heap after
Heap after GC invocations=4 (full 0):
 PSYoungGen      total 34304K, used 2547K [0x9ae00000, 0x9d200000, 0xaf6c0000)
  eden space 31744K, 0% used [0x9ae00000,0x9ae00000,0x9cd00000)
  from space 2560K, 99% used [0x9cf80000,0x9d1fcc10,0x9d200000)
  to   space 2560K, 0% used [0x9cd00000,0x9cd00000,0x9cf80000)
 ParOldGen       total 41984K, used 14015K [0x71cc0000, 0x745c0000, 0x9ae00000)
  object space 41984K, 33% used [0x71cc0000,0x72a6fd28,0x745c0000)
 PSPermGen       total 16384K, used 12172K [0x69cc0000, 0x6acc0000, 0x71cc0000)
  object space 16384K, 74% used [0x69cc0000,0x6a8a3320,0x6acc0000)
}
Event: 3.132 GC heap before
{Heap before GC invocations=5 (full 0):
 PSYoungGen      total 34304K, used 34291K [0x9ae00000, 0x9d200000, 0xaf6c0000)
  eden space 31744K, 100% used [0x9ae00000,0x9cd00000,0x9cd00000)
  from space 2560K, 99% used [0x9cf80000,0x9d1fcc10,0x9d200000)
  to   space 2560K, 0% used [0x9cd00000,0x9cd00000,0x9cf80000)
 ParOldGen       total 41984K, used 14015K [0x71cc0000, 0x745c0000, 0x9ae00000)
  object space 41984K, 33% used [0x71cc0000,0x72a6fd28,0x745c0000)
 PSPermGen       total 16384K, used 12852K [0x69cc0000, 0x6acc0000, 0x71cc0000)
  object space 16384K, 78% used [0x69cc0000,0x6a94d158,0x6acc0000)
Event: 3.172 GC heap after
Heap after GC invocations=5 (full 0):
 PSYoungGen      total 34304K, used 2550K [0x9ae00000, 0xa0500000, 0xaf6c0000)
  eden space 31744K, 0% used [0x9ae00000,0x9ae00000,0x9cd00000)
  from space 2560K, 99% used [0x9cd00000,0x9cf7da10,0x9cf80000)
  to   space 12800K, 0% used [0x9f880000,0x9f880000,0xa0500000)
 ParOldGen       total 41984K, used 21947K [0x71cc0000, 0x745c0000, 0x9ae00000)
  object space 41984K, 52% used [0x71cc0000,0x7322ee00,0x745c0000)
 PSPermGen       total 16384K, used 12852K [0x69cc0000, 0x6acc0000, 0x71cc0000)
  object space 16384K, 78% used [0x69cc0000,0x6a94d158,0x6acc0000)
}
Event: 3.603 GC heap before
{Heap before GC invocations=6 (full 0):
 PSYoungGen      total 34304K, used 34294K [0x9ae00000, 0xa0500000, 0xaf6c0000)
  eden space 31744K, 100% used [0x9ae00000,0x9cd00000,0x9cd00000)
  from space 2560K, 99% used [0x9cd00000,0x9cf7da10,0x9cf80000)
  to   space 12800K, 0% used [0x9f880000,0x9f880000,0xa0500000)
 ParOldGen       total 41984K, used 21947K [0x71cc0000, 0x745c0000, 0x9ae00000)
  object space 41984K, 52% used [0x71cc0000,0x7322ee00,0x745c0000)
 PSPermGen       total 16384K, used 12895K [0x69cc0000, 0x6acc0000, 0x71cc0000)
  object space 16384K, 78% used [0x69cc0000,0x6a957fb0,0x6acc0000)
Event: 3.629 GC heap after
Heap after GC invocations=6 (full 0):
 PSYoungGen      total 75264K, used 7386K [0x9ae00000, 0xa0400000, 0xaf6c0000)
  eden space 63488K, 0% used [0x9ae00000,0x9ae00000,0x9ec00000)
  from space 11776K, 62% used [0x9f880000,0x9ffb68e0,0xa0400000)
  to   space 12288K, 0% used [0x9ec00000,0x9ec00000,0x9f800000)
 ParOldGen       total 41984K, used 21947K [0x71cc0000, 0x745c0000, 0x9ae00000)
  object space 41984K, 52% used [0x71cc0000,0x7322ee00,0x745c0000)
 PSPermGen       total 16384K, used 12895K [0x69cc0000, 0x6acc0000, 0x71cc0000)
  object space 16384K, 78% used [0x69cc0000,0x6a957fb0,0x6acc0000)
}
Event: 5.000 GC heap before
{Heap before GC invocations=7 (full 0):
 PSYoungGen      total 75264K, used 70874K [0x9ae00000, 0xa0400000, 0xaf6c0000)
  eden space 63488K, 100% used [0x9ae00000,0x9ec00000,0x9ec00000)
  from space 11776K, 62% used [0x9f880000,0x9ffb68e0,0xa0400000)
  to   space 12288K, 0% used [0x9ec00000,0x9ec00000,0x9f800000)
 ParOldGen       total 41984K, used 21947K [0x71cc0000, 0x745c0000, 0x9ae00000)
  object space 41984K, 52% used [0x71cc0000,0x7322ee00,0x745c0000)
 PSPermGen       total 16384K, used 13948K [0x69cc0000, 0x6acc0000, 0x71cc0000)
  object space 16384K, 85% used [0x69cc0000,0x6aa5f1d8,0x6acc0000)

