# JRE version: OpenJDK Runtime Environment (7.0_111-b01) (build 1.7.0_111-b01)
# Java VM: OpenJDK Server VM (24.111-b01 mixed mode linux-x86 )
Heap
 PSYoungGen      total 71936K, used 68812K [0x9ae00000, 0x9fd80000, 0xaf6c0000)
  eden space 63232K, 97% used [0x9ae00000,0x9ea5b618,0x9ebc0000)
  from space 8704K, 80% used [0x9f480000,0x9fb57b90,0x9fd00000)
  to   space 8960K, 0% used [0x9ebc0000,0x9ebc0000,0x9f480000)
 ParOldGen       total 41984K, used 15286K [0x71cc0000, 0x745c0000, 0x9ae00000)
  object space 41984K, 36% used [0x71cc0000,0x72bad8a8,0x745c0000)
 PSPermGen       total 16384K, used 13924K [0x69cc0000, 0x6acc0000, 0x71cc0000)
  object space 16384K, 84% used [0x69cc0000,0x6aa590a8,0x6acc0000)
GC Heap History (10 events):
Event: 2.328 GC heap before
{Heap before GC invocations=2 (full 0):
 PSYoungGen      total 18432K, used 18418K [0x9ae00000, 0x9c280000, 0xaf6c0000)
  eden space 15872K, 100% used [0x9ae00000,0x9bd80000,0x9bd80000)
  from space 2560K, 99% used [0x9bd80000,0x9bffc850,0x9c000000)
  to   space 2560K, 0% used [0x9c000000,0x9c000000,0x9c280000)
 ParOldGen       total 41984K, used 579K [0x71cc0000, 0x745c0000, 0x9ae00000)
  object space 41984K, 1% used [0x71cc0000,0x71d50c68,0x745c0000)
 PSPermGen       total 16384K, used 12158K [0x69cc0000, 0x6acc0000, 0x71cc0000)
  object space 16384K, 74% used [0x69cc0000,0x6a89f808,0x6acc0000)
Event: 2.342 GC heap after
Heap after GC invocations=2 (full 0):
 PSYoungGen      total 18432K, used 2552K [0x9ae00000, 0x9d200000, 0xaf6c0000)
  eden space 15872K, 0% used [0x9ae00000,0x9ae00000,0x9bd80000)
  from space 2560K, 99% used [0x9c000000,0x9c27e070,0x9c280000)
  to   space 2560K, 0% used [0x9bd80000,0x9bd80000,0x9c000000)
 ParOldGen       total 41984K, used 2723K [0x71cc0000, 0x745c0000, 0x9ae00000)
  object space 41984K, 6% used [0x71cc0000,0x71f68dc8,0x745c0000)
 PSPermGen       total 16384K, used 12158K [0x69cc0000, 0x6acc0000, 0x71cc0000)
  object space 16384K, 74% used [0x69cc0000,0x6a89f808,0x6acc0000)
}
Event: 2.550 GC heap before
{Heap before GC invocations=3 (full 0):
 PSYoungGen      total 18432K, used 18424K [0x9ae00000, 0x9d200000, 0xaf6c0000)
  eden space 15872K, 100% used [0x9ae00000,0x9bd80000,0x9bd80000)
  from space 2560K, 99% used [0x9c000000,0x9c27e070,0x9c280000)
  to   space 2560K, 0% used [0x9bd80000,0x9bd80000,0x9c000000)
 ParOldGen       total 41984K, used 2723K [0x71cc0000, 0x745c0000, 0x9ae00000)
  object space 41984K, 6% used [0x71cc0000,0x71f68dc8,0x745c0000)
 PSPermGen       total 16384K, used 12172K [0x69cc0000, 0x6acc0000, 0x71cc0000)
  object space 16384K, 74% used [0x69cc0000,0x6a8a3040,0x6acc0000)
Event: 2.572 GC heap after
Heap after GC invocations=3 (full 0):
 PSYoungGen      total 18432K, used 2555K [0x9ae00000, 0x9d200000, 0xaf6c0000)
  eden space 15872K, 0% used [0x9ae00000,0x9ae00000,0x9bd80000)
  from space 2560K, 99% used [0x9bd80000,0x9bffed48,0x9c000000)
  to   space 2560K, 0% used [0x9cf80000,0x9cf80000,0x9d200000)
 ParOldGen       total 41984K, used 7402K [0x71cc0000, 0x745c0000, 0x9ae00000)
  object space 41984K, 17% used [0x71cc0000,0x723fa8b0,0x745c0000)
 PSPermGen       total 16384K, used 12172K [0x69cc0000, 0x6acc0000, 0x71cc0000)
  object space 16384K, 74% used [0x69cc0000,0x6a8a3040,0x6acc0000)
}
Event: 2.654 GC heap before
{Heap before GC invocations=4 (full 0):
 PSYoungGen      total 18432K, used 18427K [0x9ae00000, 0x9d200000, 0xaf6c0000)
  eden space 15872K, 100% used [0x9ae00000,0x9bd80000,0x9bd80000)
  from space 2560K, 99% used [0x9bd80000,0x9bffed48,0x9c000000)
  to   space 2560K, 0% used [0x9cf80000,0x9cf80000,0x9d200000)
 ParOldGen       total 41984K, used 7402K [0x71cc0000, 0x745c0000, 0x9ae00000)
  object space 41984K, 17% used [0x71cc0000,0x723fa8b0,0x745c0000)
 PSPermGen       total 16384K, used 12172K [0x69cc0000, 0x6acc0000, 0x71cc0000)
  object space 16384K, 74% used [0x69cc0000,0x6a8a3330,0x6acc0000)
Event: 2.675 GC heap after
Heap after GC invocations=4 (full 0):
 PSYoungGen      total 34304K, used 2544K [0x9ae00000, 0x9d200000, 0xaf6c0000)
  eden space 31744K, 0% used [0x9ae00000,0x9ae00000,0x9cd00000)
  from space 2560K, 99% used [0x9cf80000,0x9d1fc088,0x9d200000)
  to   space 2560K, 0% used [0x9cd00000,0x9cd00000,0x9cf80000)
 ParOldGen       total 41984K, used 11870K [0x71cc0000, 0x745c0000, 0x9ae00000)
  object space 41984K, 28% used [0x71cc0000,0x72857888,0x745c0000)
 PSPermGen       total 16384K, used 12172K [0x69cc0000, 0x6acc0000, 0x71cc0000)
  object space 16384K, 74% used [0x69cc0000,0x6a8a3330,0x6acc0000)
}
Event: 3.075 GC heap before
{Heap before GC invocations=5 (full 0):
 PSYoungGen      total 34304K, used 34288K [0x9ae00000, 0x9d200000, 0xaf6c0000)
  eden space 31744K, 100% used [0x9ae00000,0x9cd00000,0x9cd00000)
  from space 2560K, 99% used [0x9cf80000,0x9d1fc088,0x9d200000)
  to   space 2560K, 0% used [0x9cd00000,0x9cd00000,0x9cf80000)
 ParOldGen       total 41984K, used 11870K [0x71cc0000, 0x745c0000, 0x9ae00000)
  object space 41984K, 28% used [0x71cc0000,0x72857888,0x745c0000)
 PSPermGen       total 16384K, used 12852K [0x69cc0000, 0x6acc0000, 0x71cc0000)
  object space 16384K, 78% used [0x69cc0000,0x6a94d168,0x6acc0000)
Event: 3.086 GC heap after
Heap after GC invocations=5 (full 0):
 PSYoungGen      total 34304K, used 2546K [0x9ae00000, 0x9fd00000, 0xaf6c0000)
  eden space 31744K, 0% used [0x9ae00000,0x9ae00000,0x9cd00000)
  from space 2560K, 99% used [0x9cd00000,0x9cf7c9a0,0x9cf80000)
  to   space 8704K, 0% used [0x9f480000,0x9f480000,0x9fd00000)
 ParOldGen       total 41984K, used 15286K [0x71cc0000, 0x745c0000, 0x9ae00000)
  object space 41984K, 36% used [0x71cc0000,0x72bad8a8,0x745c0000)
 PSPermGen       total 16384K, used 12852K [0x69cc0000, 0x6acc0000, 0x71cc0000)
  object space 16384K, 78% used [0x69cc0000,0x6a94d168,0x6acc0000)
}
Event: 3.514 GC heap before
{Heap before GC invocations=6 (full 0):
 PSYoungGen      total 34304K, used 34290K [0x9ae00000, 0x9fd00000, 0xaf6c0000)
  eden space 31744K, 100% used [0x9ae00000,0x9cd00000,0x9cd00000)
  from space 2560K, 99% used [0x9cd00000,0x9cf7c9a0,0x9cf80000)
  to   space 8704K, 0% used [0x9f480000,0x9f480000,0x9fd00000)
 ParOldGen       total 41984K, used 15286K [0x71cc0000, 0x745c0000, 0x9ae00000)
  object space 41984K, 36% used [0x71cc0000,0x72bad8a8,0x745c0000)
 PSPermGen       total 16384K, used 12896K [0x69cc0000, 0x6acc0000, 0x71cc0000)
  object space 16384K, 78% used [0x69cc0000,0x6a9580b8,0x6acc0000)
Event: 3.535 GC heap after
Heap after GC invocations=6 (full 0):
 PSYoungGen      total 71936K, used 7006K [0x9ae00000, 0x9fd80000, 0xaf6c0000)
  eden space 63232K, 0% used [0x9ae00000,0x9ae00000,0x9ebc0000)
  from space 8704K, 80% used [0x9f480000,0x9fb57b90,0x9fd00000)
  to   space 8960K, 0% used [0x9ebc0000,0x9ebc0000,0x9f480000)
 ParOldGen       total 41984K, used 15286K [0x71cc0000, 0x745c0000, 0x9ae00000)
  object space 41984K, 36% used [0x71cc0000,0x72bad8a8,0x745c0000)
 PSPermGen       total 16384K, used 12896K [0x69cc0000, 0x6acc0000, 0x71cc0000)
  object space 16384K, 78% used [0x69cc0000,0x6a9580b8,0x6acc0000)
}

