# JRE version: OpenJDK Runtime Environment (8.0_111-b14) (build 1.8.0_111-8u111-b14-2ubuntu0.16.04.2-b14)
# Java VM: OpenJDK 64-Bit Server VM (25.111-b14 mixed mode linux-amd64 compressed oops)
Heap:
 PSYoungGen      total 114688K, used 38477K [0x00000000e1500000, 0x00000000e9600000, 0x0000000100000000)
  eden space 98304K, 31% used [0x00000000e1500000,0x00000000e32d35e0,0x00000000e7500000)
  from space 16384K, 48% used [0x00000000e8600000,0x00000000e8dbff50,0x00000000e9600000)
  to   space 16896K, 0% used [0x00000000e7500000,0x00000000e7500000,0x00000000e8580000)
 ParOldGen       total 64512K, used 34233K [0x00000000a3e00000, 0x00000000a7d00000, 0x00000000e1500000)
  object space 64512K, 53% used [0x00000000a3e00000,0x00000000a5f6e7e8,0x00000000a7d00000)
 Metaspace       used 20264K, capacity 20478K, committed 20864K, reserved 1067008K
  class space    used 2279K, capacity 2354K, committed 2432K, reserved 1048576K
GC Heap History (10 events):
Event: 1.030 GC heap before
{Heap before GC invocations=2 (full 0):
 PSYoungGen      total 28160K, used 28144K [0x00000000e1500000, 0x00000000e3400000, 0x0000000100000000)
  eden space 24576K, 100% used [0x00000000e1500000,0x00000000e2d00000,0x00000000e2d00000)
  from space 3584K, 99% used [0x00000000e2d00000,0x00000000e307c040,0x00000000e3080000)
  to   space 3584K, 0% used [0x00000000e3080000,0x00000000e3080000,0x00000000e3400000)
 ParOldGen       total 64512K, used 2137K [0x00000000a3e00000, 0x00000000a7d00000, 0x00000000e1500000)
  object space 64512K, 3% used [0x00000000a3e00000,0x00000000a4016570,0x00000000a7d00000)
 Metaspace       used 17133K, capacity 17366K, committed 17536K, reserved 1064960K
  class space    used 1967K, capacity 2054K, committed 2176K, reserved 1048576K
Event: 1.039 GC heap after
Heap after GC invocations=2 (full 0):
 PSYoungGen      total 28160K, used 3578K [0x00000000e1500000, 0x00000000e4c00000, 0x0000000100000000)
  eden space 24576K, 0% used [0x00000000e1500000,0x00000000e1500000,0x00000000e2d00000)
  from space 3584K, 99% used [0x00000000e3080000,0x00000000e33fea00,0x00000000e3400000)
  to   space 3584K, 0% used [0x00000000e2d00000,0x00000000e2d00000,0x00000000e3080000)
 ParOldGen       total 64512K, used 5415K [0x00000000a3e00000, 0x00000000a7d00000, 0x00000000e1500000)
  object space 64512K, 8% used [0x00000000a3e00000,0x00000000a4349ff8,0x00000000a7d00000)
 Metaspace       used 17133K, capacity 17366K, committed 17536K, reserved 1064960K
  class space    used 1967K, capacity 2054K, committed 2176K, reserved 1048576K
}
Event: 1.128 GC heap before
{Heap before GC invocations=3 (full 0):
 PSYoungGen      total 28160K, used 28154K [0x00000000e1500000, 0x00000000e4c00000, 0x0000000100000000)
  eden space 24576K, 100% used [0x00000000e1500000,0x00000000e2d00000,0x00000000e2d00000)
  from space 3584K, 99% used [0x00000000e3080000,0x00000000e33fea00,0x00000000e3400000)
  to   space 3584K, 0% used [0x00000000e2d00000,0x00000000e2d00000,0x00000000e3080000)
 ParOldGen       total 64512K, used 5415K [0x00000000a3e00000, 0x00000000a7d00000, 0x00000000e1500000)
  object space 64512K, 8% used [0x00000000a3e00000,0x00000000a4349ff8,0x00000000a7d00000)
 Metaspace       used 17150K, capacity 17366K, committed 17536K, reserved 1064960K
  class space    used 1969K, capacity 2054K, committed 2176K, reserved 1048576K
Event: 1.148 GC heap after
Heap after GC invocations=3 (full 0):
 PSYoungGen      total 28160K, used 3570K [0x00000000e1500000, 0x00000000e4c00000, 0x0000000100000000)
  eden space 24576K, 0% used [0x00000000e1500000,0x00000000e1500000,0x00000000e2d00000)
  from space 3584K, 99% used [0x00000000e2d00000,0x00000000e307cb50,0x00000000e3080000)
  to   space 3584K, 0% used [0x00000000e4880000,0x00000000e4880000,0x00000000e4c00000)
 ParOldGen       total 64512K, used 15980K [0x00000000a3e00000, 0x00000000a7d00000, 0x00000000e1500000)
  object space 64512K, 24% used [0x00000000a3e00000,0x00000000a4d9b210,0x00000000a7d00000)
 Metaspace       used 17150K, capacity 17366K, committed 17536K, reserved 1064960K
  class space    used 1969K, capacity 2054K, committed 2176K, reserved 1048576K
}
Event: 1.281 GC heap before
{Heap before GC invocations=4 (full 0):
 PSYoungGen      total 28160K, used 28146K [0x00000000e1500000, 0x00000000e4c00000, 0x0000000100000000)
  eden space 24576K, 100% used [0x00000000e1500000,0x00000000e2d00000,0x00000000e2d00000)
  from space 3584K, 99% used [0x00000000e2d00000,0x00000000e307cb50,0x00000000e3080000)
  to   space 3584K, 0% used [0x00000000e4880000,0x00000000e4880000,0x00000000e4c00000)
 ParOldGen       total 64512K, used 15980K [0x00000000a3e00000, 0x00000000a7d00000, 0x00000000e1500000)
  object space 64512K, 24% used [0x00000000a3e00000,0x00000000a4d9b210,0x00000000a7d00000)
 Metaspace       used 18039K, capacity 18208K, committed 18304K, reserved 1064960K
  class space    used 2076K, capacity 2157K, committed 2176K, reserved 1048576K
Event: 1.303 GC heap after
Heap after GC invocations=4 (full 0):
 PSYoungGen      total 52736K, used 3559K [0x00000000e1500000, 0x00000000e4c00000, 0x0000000100000000)
  eden space 49152K, 0% used [0x00000000e1500000,0x00000000e1500000,0x00000000e4500000)
  from space 3584K, 99% used [0x00000000e4880000,0x00000000e4bf9d30,0x00000000e4c00000)
  to   space 3584K, 0% used [0x00000000e4500000,0x00000000e4500000,0x00000000e4880000)
 ParOldGen       total 64512K, used 24906K [0x00000000a3e00000, 0x00000000a7d00000, 0x00000000e1500000)
  object space 64512K, 38% used [0x00000000a3e00000,0x00000000a5652ae0,0x00000000a7d00000)
 Metaspace       used 18039K, capacity 18208K, committed 18304K, reserved 1064960K
  class space    used 2076K, capacity 2157K, committed 2176K, reserved 1048576K
}
Event: 1.537 GC heap before
{Heap before GC invocations=5 (full 0):
 PSYoungGen      total 52736K, used 52711K [0x00000000e1500000, 0x00000000e4c00000, 0x0000000100000000)
  eden space 49152K, 100% used [0x00000000e1500000,0x00000000e4500000,0x00000000e4500000)
  from space 3584K, 99% used [0x00000000e4880000,0x00000000e4bf9d30,0x00000000e4c00000)
  to   space 3584K, 0% used [0x00000000e4500000,0x00000000e4500000,0x00000000e4880000)
 ParOldGen       total 64512K, used 24906K [0x00000000a3e00000, 0x00000000a7d00000, 0x00000000e1500000)
  object space 64512K, 38% used [0x00000000a3e00000,0x00000000a5652ae0,0x00000000a7d00000)
 Metaspace       used 18330K, capacity 18548K, committed 18816K, reserved 1067008K
  class space    used 2090K, capacity 2159K, committed 2176K, reserved 1048576K
Event: 1.560 GC heap after
Heap after GC invocations=5 (full 0):
 PSYoungGen      total 52736K, used 3576K [0x00000000e1500000, 0x00000000e9700000, 0x0000000100000000)
  eden space 49152K, 0% used [0x00000000e1500000,0x00000000e1500000,0x00000000e4500000)
  from space 3584K, 99% used [0x00000000e4500000,0x00000000e487e060,0x00000000e4880000)
  to   space 17408K, 0% used [0x00000000e8600000,0x00000000e8600000,0x00000000e9700000)
 ParOldGen       total 64512K, used 34233K [0x00000000a3e00000, 0x00000000a7d00000, 0x00000000e1500000)
  object space 64512K, 53% used [0x00000000a3e00000,0x00000000a5f6e7e8,0x00000000a7d00000)
 Metaspace       used 18330K, capacity 18548K, committed 18816K, reserved 1067008K
  class space    used 2090K, capacity 2159K, committed 2176K, reserved 1048576K
}
Event: 1.748 GC heap before
{Heap before GC invocations=6 (full 0):
 PSYoungGen      total 52736K, used 52728K [0x00000000e1500000, 0x00000000e9700000, 0x0000000100000000)
  eden space 49152K, 100% used [0x00000000e1500000,0x00000000e4500000,0x00000000e4500000)
  from space 3584K, 99% used [0x00000000e4500000,0x00000000e487e060,0x00000000e4880000)
  to   space 17408K, 0% used [0x00000000e8600000,0x00000000e8600000,0x00000000e9700000)
 ParOldGen       total 64512K, used 34233K [0x00000000a3e00000, 0x00000000a7d00000, 0x00000000e1500000)
  object space 64512K, 53% used [0x00000000a3e00000,0x00000000a5f6e7e8,0x00000000a7d00000)
 Metaspace       used 18473K, capacity 18680K, committed 18816K, reserved 1067008K
  class space    used 2091K, capacity 2159K, committed 2176K, reserved 1048576K
Event: 1.758 GC heap after
Heap after GC invocations=6 (full 0):
 PSYoungGen      total 114688K, used 7935K [0x00000000e1500000, 0x00000000e9600000, 0x0000000100000000)
  eden space 98304K, 0% used [0x00000000e1500000,0x00000000e1500000,0x00000000e7500000)
  from space 16384K, 48% used [0x00000000e8600000,0x00000000e8dbff50,0x00000000e9600000)
  to   space 16896K, 0% used [0x00000000e7500000,0x00000000e7500000,0x00000000e8580000)
 ParOldGen       total 64512K, used 34233K [0x00000000a3e00000, 0x00000000a7d00000, 0x00000000e1500000)
  object space 64512K, 53% used [0x00000000a3e00000,0x00000000a5f6e7e8,0x00000000a7d00000)
 Metaspace       used 18473K, capacity 18680K, committed 18816K, reserved 1067008K
  class space    used 2091K, capacity 2159K, committed 2176K, reserved 1048576K
}

