# JRE version: OpenJDK Runtime Environment (7.0_111-b01) (build 1.7.0_111-b01)
# Java VM: OpenJDK Server VM (24.111-b01 mixed mode linux-x86 )
Heap
 PSYoungGen      total 70912K, used 16217K [0x9aec0000, 0xa2900000, 0xaf780000)
  eden space 55296K, 11% used [0x9aec0000,0x9b52b8a8,0x9e4c0000)
  from space 15616K, 61% used [0x9e4c0000,0x9ee2af50,0x9f400000)
  to   space 15360K, 0% used [0xa1a00000,0xa1a00000,0xa2900000)
 ParOldGen       total 40960K, used 8144K [0x71d80000, 0x74580000, 0x9aec0000)
  object space 40960K, 19% used [0x71d80000,0x725742c0,0x74580000)
 PSPermGen       total 25856K, used 13894K [0x69d80000, 0x6b6c0000, 0x71d80000)
  object space 25856K, 53% used [0x69d80000,0x6ab11b40,0x6b6c0000)
GC Heap History (10 events):
Event: 2.758 GC heap before
{Heap before GC invocations=4 (full 0):
 PSYoungGen      total 18432K, used 18427K [0x9aec0000, 0x9d2c0000, 0xaf780000)
  eden space 15872K, 100% used [0x9aec0000,0x9be40000,0x9be40000)
  from space 2560K, 99% used [0x9be40000,0x9c0bed48,0x9c0c0000)
  to   space 2560K, 0% used [0x9d040000,0x9d040000,0x9d2c0000)
 ParOldGen       total 41984K, used 12721K [0x71d80000, 0x74680000, 0x9aec0000)
  object space 41984K, 30% used [0x71d80000,0x729ec518,0x74680000)
 PSPermGen       total 16384K, used 12172K [0x69d80000, 0x6ad80000, 0x71d80000)
  object space 16384K, 74% used [0x69d80000,0x6a963330,0x6ad80000)
Event: 2.813 GC heap after
Heap after GC invocations=4 (full 0):
 PSYoungGen      total 34304K, used 2550K [0x9aec0000, 0x9d2c0000, 0xaf780000)
  eden space 31744K, 0% used [0x9aec0000,0x9aec0000,0x9cdc0000)
  from space 2560K, 99% used [0x9d040000,0x9d2bd928,0x9d2c0000)
  to   space 2560K, 0% used [0x9cdc0000,0x9cdc0000,0x9d040000)
 ParOldGen       total 41984K, used 22011K [0x71d80000, 0x74680000, 0x9aec0000)
  object space 41984K, 52% used [0x71d80000,0x732fec30,0x74680000)
 PSPermGen       total 16384K, used 12172K [0x69d80000, 0x6ad80000, 0x71d80000)
  object space 16384K, 74% used [0x69d80000,0x6a963330,0x6ad80000)
}
Event: 3.170 GC heap before
{Heap before GC invocations=5 (full 0):
 PSYoungGen      total 34304K, used 34294K [0x9aec0000, 0x9d2c0000, 0xaf780000)
  eden space 31744K, 100% used [0x9aec0000,0x9cdc0000,0x9cdc0000)
  from space 2560K, 99% used [0x9d040000,0x9d2bd928,0x9d2c0000)
  to   space 2560K, 0% used [0x9cdc0000,0x9cdc0000,0x9d040000)
 ParOldGen       total 41984K, used 22011K [0x71d80000, 0x74680000, 0x9aec0000)
  object space 41984K, 52% used [0x71d80000,0x732fec30,0x74680000)
 PSPermGen       total 16384K, used 12852K [0x69d80000, 0x6ad80000, 0x71d80000)
  object space 16384K, 78% used [0x69d80000,0x6aa0d168,0x6ad80000)
Event: 3.206 GC heap after
Heap after GC invocations=5 (full 0):
 PSYoungGen      total 34304K, used 2544K [0x9aec0000, 0xa0bc0000, 0xaf780000)
  eden space 31744K, 0% used [0x9aec0000,0x9aec0000,0x9cdc0000)
  from space 2560K, 99% used [0x9cdc0000,0x9d03c068,0x9d040000)
  to   space 15872K, 0% used [0x9fc40000,0x9fc40000,0xa0bc0000)
 ParOldGen       total 41984K, used 29689K [0x71d80000, 0x74680000, 0x9aec0000)
  object space 41984K, 70% used [0x71d80000,0x73a7e6e0,0x74680000)
 PSPermGen       total 16384K, used 12852K [0x69d80000, 0x6ad80000, 0x71d80000)
  object space 16384K, 78% used [0x69d80000,0x6aa0d168,0x6ad80000)
}
Event: 3.206 GC heap before
{Heap before GC invocations=6 (full 1):
 PSYoungGen      total 34304K, used 2544K [0x9aec0000, 0xa0bc0000, 0xaf780000)
  eden space 31744K, 0% used [0x9aec0000,0x9aec0000,0x9cdc0000)
  from space 2560K, 99% used [0x9cdc0000,0x9d03c068,0x9d040000)
  to   space 15872K, 0% used [0x9fc40000,0x9fc40000,0xa0bc0000)
 ParOldGen       total 41984K, used 29689K [0x71d80000, 0x74680000, 0x9aec0000)
  object space 41984K, 70% used [0x71d80000,0x73a7e6e0,0x74680000)
 PSPermGen       total 16384K, used 12852K [0x69d80000, 0x6ad80000, 0x71d80000)
  object space 16384K, 78% used [0x69d80000,0x6aa0d168,0x6ad80000)
Event: 3.312 GC heap after
Heap after GC invocations=6 (full 1):
 PSYoungGen      total 34304K, used 0K [0x9aec0000, 0xa0bc0000, 0xaf780000)
  eden space 31744K, 0% used [0x9aec0000,0x9aec0000,0x9cdc0000)
  from space 2560K, 0% used [0x9cdc0000,0x9cdc0000,0x9d040000)
  to   space 15872K, 0% used [0x9fc40000,0x9fc40000,0xa0bc0000)
 ParOldGen       total 40960K, used 8144K [0x71d80000, 0x74580000, 0x9aec0000)
  object space 40960K, 19% used [0x71d80000,0x725742c0,0x74580000)
 PSPermGen       total 25856K, used 12848K [0x69d80000, 0x6b6c0000, 0x71d80000)
  object space 25856K, 49% used [0x69d80000,0x6aa0c208,0x6b6c0000)
}
Event: 3.795 GC heap before
{Heap before GC invocations=7 (full 1):
 PSYoungGen      total 34304K, used 31744K [0x9aec0000, 0xa0bc0000, 0xaf780000)
  eden space 31744K, 100% used [0x9aec0000,0x9cdc0000,0x9cdc0000)
  from space 2560K, 0% used [0x9cdc0000,0x9cdc0000,0x9d040000)
  to   space 15872K, 0% used [0x9fc40000,0x9fc40000,0xa0bc0000)
 ParOldGen       total 40960K, used 8144K [0x71d80000, 0x74580000, 0x9aec0000)
  object space 40960K, 19% used [0x71d80000,0x725742c0,0x74580000)
 PSPermGen       total 25856K, used 12892K [0x69d80000, 0x6b6c0000, 0x71d80000)
  object space 25856K, 49% used [0x69d80000,0x6aa17158,0x6b6c0000)
Event: 3.809 GC heap after
Heap after GC invocations=7 (full 1):
 PSYoungGen      total 62464K, used 4505K [0x9aec0000, 0xa0340000, 0xaf780000)
  eden space 55296K, 0% used [0x9aec0000,0x9aec0000,0x9e4c0000)
  from space 7168K, 62% used [0x9fc40000,0xa00a6650,0xa0340000)
  to   space 15616K, 0% used [0x9e4c0000,0x9e4c0000,0x9f400000)
 ParOldGen       total 40960K, used 8144K [0x71d80000, 0x74580000, 0x9aec0000)
  object space 40960K, 19% used [0x71d80000,0x725742c0,0x74580000)
 PSPermGen       total 25856K, used 12892K [0x69d80000, 0x6b6c0000, 0x71d80000)
  object space 25856K, 49% used [0x69d80000,0x6aa17158,0x6b6c0000)
}
Event: 4.429 GC heap before
{Heap before GC invocations=8 (full 1):
 PSYoungGen      total 62464K, used 59801K [0x9aec0000, 0xa0340000, 0xaf780000)
  eden space 55296K, 100% used [0x9aec0000,0x9e4c0000,0x9e4c0000)
  from space 7168K, 62% used [0x9fc40000,0xa00a6650,0xa0340000)
  to   space 15616K, 0% used [0x9e4c0000,0x9e4c0000,0x9f400000)
 ParOldGen       total 40960K, used 8144K [0x71d80000, 0x74580000, 0x9aec0000)
  object space 40960K, 19% used [0x71d80000,0x725742c0,0x74580000)
 PSPermGen       total 25856K, used 12925K [0x69d80000, 0x6b6c0000, 0x71d80000)
  object space 25856K, 49% used [0x69d80000,0x6aa1f740,0x6b6c0000)
Event: 4.452 GC heap after
Heap after GC invocations=8 (full 1):
 PSYoungGen      total 70912K, used 9643K [0x9aec0000, 0xa2900000, 0xaf780000)
  eden space 55296K, 0% used [0x9aec0000,0x9aec0000,0x9e4c0000)
  from space 15616K, 61% used [0x9e4c0000,0x9ee2af50,0x9f400000)
  to   space 15360K, 0% used [0xa1a00000,0xa1a00000,0xa2900000)
 ParOldGen       total 40960K, used 8144K [0x71d80000, 0x74580000, 0x9aec0000)
  object space 40960K, 19% used [0x71d80000,0x725742c0,0x74580000)
 PSPermGen       total 25856K, used 12925K [0x69d80000, 0x6b6c0000, 0x71d80000)
  object space 25856K, 49% used [0x69d80000,0x6aa1f740,0x6b6c0000)
}

