# JRE version: OpenJDK Runtime Environment (7.0_111-b01) (build 1.7.0_111-b01)
# Java VM: OpenJDK Server VM (24.111-b01 mixed mode linux-x86 )
Heap
 PSYoungGen      total 71936K, used 15141K [0x9ae00000, 0xa2b40000, 0xaf6c0000)
  eden space 56064K, 10% used [0x9ae00000,0x9b380250,0x9e4c0000)
  from space 15872K, 59% used [0x9e4c0000,0x9ee094c0,0x9f440000)
  to   space 15616K, 0% used [0xa1c00000,0xa1c00000,0xa2b40000)
 ParOldGen       total 40960K, used 8157K [0x71cc0000, 0x744c0000, 0x9ae00000)
  object space 40960K, 19% used [0x71cc0000,0x724b7670,0x744c0000)
 PSPermGen       total 25856K, used 13948K [0x69cc0000, 0x6b600000, 0x71cc0000)
  object space 25856K, 53% used [0x69cc0000,0x6aa5f0e8,0x6b600000)
GC Heap History (10 events):
Event: 2.633 GC heap before
{Heap before GC invocations=4 (full 0):
 PSYoungGen      total 18432K, used 18416K [0x9ae00000, 0x9d200000, 0xaf6c0000)
  eden space 15872K, 100% used [0x9ae00000,0x9bd80000,0x9bd80000)
  from space 2560K, 99% used [0x9bd80000,0x9bffc080,0x9c000000)
  to   space 2560K, 0% used [0x9cf80000,0x9cf80000,0x9d200000)
 ParOldGen       total 41984K, used 12677K [0x71cc0000, 0x745c0000, 0x9ae00000)
  object space 41984K, 30% used [0x71cc0000,0x729214c0,0x745c0000)
 PSPermGen       total 16384K, used 12172K [0x69cc0000, 0x6acc0000, 0x71cc0000)
  object space 16384K, 74% used [0x69cc0000,0x6a8a3330,0x6acc0000)
Event: 2.679 GC heap after
Heap after GC invocations=4 (full 0):
 PSYoungGen      total 34304K, used 2548K [0x9ae00000, 0x9d200000, 0xaf6c0000)
  eden space 31744K, 0% used [0x9ae00000,0x9ae00000,0x9cd00000)
  from space 2560K, 99% used [0x9cf80000,0x9d1fd360,0x9d200000)
  to   space 2560K, 0% used [0x9cd00000,0x9cd00000,0x9cf80000)
 ParOldGen       total 41984K, used 22218K [0x71cc0000, 0x745c0000, 0x9ae00000)
  object space 41984K, 52% used [0x71cc0000,0x73272b48,0x745c0000)
 PSPermGen       total 16384K, used 12172K [0x69cc0000, 0x6acc0000, 0x71cc0000)
  object space 16384K, 74% used [0x69cc0000,0x6a8a3330,0x6acc0000)
}
Event: 3.060 GC heap before
{Heap before GC invocations=5 (full 0):
 PSYoungGen      total 34304K, used 34292K [0x9ae00000, 0x9d200000, 0xaf6c0000)
  eden space 31744K, 100% used [0x9ae00000,0x9cd00000,0x9cd00000)
  from space 2560K, 99% used [0x9cf80000,0x9d1fd360,0x9d200000)
  to   space 2560K, 0% used [0x9cd00000,0x9cd00000,0x9cf80000)
 ParOldGen       total 41984K, used 22218K [0x71cc0000, 0x745c0000, 0x9ae00000)
  object space 41984K, 52% used [0x71cc0000,0x73272b48,0x745c0000)
 PSPermGen       total 16384K, used 12852K [0x69cc0000, 0x6acc0000, 0x71cc0000)
  object space 16384K, 78% used [0x69cc0000,0x6a94d178,0x6acc0000)
Event: 3.101 GC heap after
Heap after GC invocations=5 (full 0):
 PSYoungGen      total 34304K, used 2554K [0x9ae00000, 0xa0b80000, 0xaf6c0000)
  eden space 31744K, 0% used [0x9ae00000,0x9ae00000,0x9cd00000)
  from space 2560K, 99% used [0x9cd00000,0x9cf7eb40,0x9cf80000)
  to   space 16128K, 0% used [0x9fbc0000,0x9fbc0000,0xa0b80000)
 ParOldGen       total 41984K, used 30189K [0x71cc0000, 0x745c0000, 0x9ae00000)
  object space 41984K, 71% used [0x71cc0000,0x73a3b768,0x745c0000)
 PSPermGen       total 16384K, used 12852K [0x69cc0000, 0x6acc0000, 0x71cc0000)
  object space 16384K, 78% used [0x69cc0000,0x6a94d178,0x6acc0000)
}
Event: 3.102 GC heap before
{Heap before GC invocations=6 (full 1):
 PSYoungGen      total 34304K, used 2554K [0x9ae00000, 0xa0b80000, 0xaf6c0000)
  eden space 31744K, 0% used [0x9ae00000,0x9ae00000,0x9cd00000)
  from space 2560K, 99% used [0x9cd00000,0x9cf7eb40,0x9cf80000)
  to   space 16128K, 0% used [0x9fbc0000,0x9fbc0000,0xa0b80000)
 ParOldGen       total 41984K, used 30189K [0x71cc0000, 0x745c0000, 0x9ae00000)
  object space 41984K, 71% used [0x71cc0000,0x73a3b768,0x745c0000)
 PSPermGen       total 16384K, used 12852K [0x69cc0000, 0x6acc0000, 0x71cc0000)
  object space 16384K, 78% used [0x69cc0000,0x6a94d178,0x6acc0000)
Event: 3.204 GC heap after
Heap after GC invocations=6 (full 1):
 PSYoungGen      total 34304K, used 0K [0x9ae00000, 0xa0b80000, 0xaf6c0000)
  eden space 31744K, 0% used [0x9ae00000,0x9ae00000,0x9cd00000)
  from space 2560K, 0% used [0x9cd00000,0x9cd00000,0x9cf80000)
  to   space 16128K, 0% used [0x9fbc0000,0x9fbc0000,0xa0b80000)
 ParOldGen       total 40960K, used 8157K [0x71cc0000, 0x744c0000, 0x9ae00000)
  object space 40960K, 19% used [0x71cc0000,0x724b7670,0x744c0000)
 PSPermGen       total 25856K, used 12848K [0x69cc0000, 0x6b600000, 0x71cc0000)
  object space 25856K, 49% used [0x69cc0000,0x6a94c208,0x6b600000)
}
Event: 3.721 GC heap before
{Heap before GC invocations=7 (full 1):
 PSYoungGen      total 34304K, used 31744K [0x9ae00000, 0xa0b80000, 0xaf6c0000)
  eden space 31744K, 100% used [0x9ae00000,0x9cd00000,0x9cd00000)
  from space 2560K, 0% used [0x9cd00000,0x9cd00000,0x9cf80000)
  to   space 16128K, 0% used [0x9fbc0000,0x9fbc0000,0xa0b80000)
 ParOldGen       total 40960K, used 8157K [0x71cc0000, 0x744c0000, 0x9ae00000)
  object space 40960K, 19% used [0x71cc0000,0x724b7670,0x744c0000)
 PSPermGen       total 25856K, used 12892K [0x69cc0000, 0x6b600000, 0x71cc0000)
  object space 25856K, 49% used [0x69cc0000,0x6a957158,0x6b600000)
Event: 3.748 GC heap after
Heap after GC invocations=7 (full 1):
 PSYoungGen      total 64256K, used 4447K [0x9ae00000, 0xa03c0000, 0xaf6c0000)
  eden space 56064K, 0% used [0x9ae00000,0x9ae00000,0x9e4c0000)
  from space 8192K, 54% used [0x9fbc0000,0xa0017d90,0xa03c0000)
  to   space 15872K, 0% used [0x9e4c0000,0x9e4c0000,0x9f440000)
 ParOldGen       total 40960K, used 8157K [0x71cc0000, 0x744c0000, 0x9ae00000)
  object space 40960K, 19% used [0x71cc0000,0x724b7670,0x744c0000)
 PSPermGen       total 25856K, used 12892K [0x69cc0000, 0x6b600000, 0x71cc0000)
  object space 25856K, 49% used [0x69cc0000,0x6a957158,0x6b600000)
}
Event: 4.380 GC heap before
{Heap before GC invocations=8 (full 1):
 PSYoungGen      total 64256K, used 60511K [0x9ae00000, 0xa03c0000, 0xaf6c0000)
  eden space 56064K, 100% used [0x9ae00000,0x9e4c0000,0x9e4c0000)
  from space 8192K, 54% used [0x9fbc0000,0xa0017d90,0xa03c0000)
  to   space 15872K, 0% used [0x9e4c0000,0x9e4c0000,0x9f440000)
 ParOldGen       total 40960K, used 8157K [0x71cc0000, 0x744c0000, 0x9ae00000)
  object space 40960K, 19% used [0x71cc0000,0x724b7670,0x744c0000)
 PSPermGen       total 25856K, used 12935K [0x69cc0000, 0x6b600000, 0x71cc0000)
  object space 25856K, 50% used [0x69cc0000,0x6a961f28,0x6b600000)
Event: 4.398 GC heap after
Heap after GC invocations=8 (full 1):
 PSYoungGen      total 71936K, used 9509K [0x9ae00000, 0xa2b40000, 0xaf6c0000)
  eden space 56064K, 0% used [0x9ae00000,0x9ae00000,0x9e4c0000)
  from space 15872K, 59% used [0x9e4c0000,0x9ee094c0,0x9f440000)
  to   space 15616K, 0% used [0xa1c00000,0xa1c00000,0xa2b40000)
 ParOldGen       total 40960K, used 8157K [0x71cc0000, 0x744c0000, 0x9ae00000)
  object space 40960K, 19% used [0x71cc0000,0x724b7670,0x744c0000)
 PSPermGen       total 25856K, used 12935K [0x69cc0000, 0x6b600000, 0x71cc0000)
  object space 25856K, 50% used [0x69cc0000,0x6a961f28,0x6b600000)
}

