# JRE version: OpenJDK Runtime Environment (7.0_111-b01) (build 1.7.0_111-b01)
# Java VM: OpenJDK Server VM (24.111-b01 mixed mode linux-x86 )
Heap
 PSYoungGen      total 72448K, used 15966K [0x9ae80000, 0xa2d80000, 0xaf740000)
  eden space 56576K, 10% used [0x9ae80000,0x9b471570,0x9e5c0000)
  from space 15872K, 62% used [0x9e5c0000,0x9ef664d0,0x9f540000)
  to   space 15872K, 0% used [0xa1e00000,0xa1e00000,0xa2d80000)
 ParOldGen       total 40704K, used 8158K [0x71d40000, 0x74500000, 0x9ae80000)
  object space 40704K, 20% used [0x71d40000,0x72537900,0x74500000)
 PSPermGen       total 25856K, used 13962K [0x69d40000, 0x6b680000, 0x71d40000)
  object space 25856K, 53% used [0x69d40000,0x6aae2870,0x6b680000)
GC Heap History (10 events):
Event: 2.637 GC heap before
{Heap before GC invocations=4 (full 0):
 PSYoungGen      total 18432K, used 18429K [0x9ae80000, 0x9d280000, 0xaf740000)
  eden space 15872K, 100% used [0x9ae80000,0x9be00000,0x9be00000)
  from space 2560K, 99% used [0x9be00000,0x9c07f478,0x9c080000)
  to   space 2560K, 0% used [0x9d000000,0x9d000000,0x9d280000)
 ParOldGen       total 41984K, used 12664K [0x71d40000, 0x74640000, 0x9ae80000)
  object space 41984K, 30% used [0x71d40000,0x7299e330,0x74640000)
 PSPermGen       total 16384K, used 12172K [0x69d40000, 0x6ad40000, 0x71d40000)
  object space 16384K, 74% used [0x69d40000,0x6a923330,0x6ad40000)
Event: 2.684 GC heap after
Heap after GC invocations=4 (full 0):
 PSYoungGen      total 34304K, used 2553K [0x9ae80000, 0x9d280000, 0xaf740000)
  eden space 31744K, 0% used [0x9ae80000,0x9ae80000,0x9cd80000)
  from space 2560K, 99% used [0x9d000000,0x9d27e548,0x9d280000)
  to   space 2560K, 0% used [0x9cd80000,0x9cd80000,0x9d000000)
 ParOldGen       total 41984K, used 22096K [0x71d40000, 0x74640000, 0x9ae80000)
  object space 41984K, 52% used [0x71d40000,0x732d42f0,0x74640000)
 PSPermGen       total 16384K, used 12172K [0x69d40000, 0x6ad40000, 0x71d40000)
  object space 16384K, 74% used [0x69d40000,0x6a923330,0x6ad40000)
}
Event: 3.077 GC heap before
{Heap before GC invocations=5 (full 0):
 PSYoungGen      total 34304K, used 34297K [0x9ae80000, 0x9d280000, 0xaf740000)
  eden space 31744K, 100% used [0x9ae80000,0x9cd80000,0x9cd80000)
  from space 2560K, 99% used [0x9d000000,0x9d27e548,0x9d280000)
  to   space 2560K, 0% used [0x9cd80000,0x9cd80000,0x9d000000)
 ParOldGen       total 41984K, used 22096K [0x71d40000, 0x74640000, 0x9ae80000)
  object space 41984K, 52% used [0x71d40000,0x732d42f0,0x74640000)
 PSPermGen       total 16384K, used 12852K [0x69d40000, 0x6ad40000, 0x71d40000)
  object space 16384K, 78% used [0x69d40000,0x6a9cd168,0x6ad40000)
Event: 3.119 GC heap after
Heap after GC invocations=5 (full 0):
 PSYoungGen      total 34304K, used 2552K [0x9ae80000, 0xa0c00000, 0xaf740000)
  eden space 31744K, 0% used [0x9ae80000,0x9ae80000,0x9cd80000)
  from space 2560K, 99% used [0x9cd80000,0x9cffe120,0x9d000000)
  to   space 16128K, 0% used [0x9fc40000,0x9fc40000,0xa0c00000)
 ParOldGen       total 41984K, used 30054K [0x71d40000, 0x74640000, 0x9ae80000)
  object space 41984K, 71% used [0x71d40000,0x73a999f0,0x74640000)
 PSPermGen       total 16384K, used 12852K [0x69d40000, 0x6ad40000, 0x71d40000)
  object space 16384K, 78% used [0x69d40000,0x6a9cd168,0x6ad40000)
}
Event: 3.119 GC heap before
{Heap before GC invocations=6 (full 1):
 PSYoungGen      total 34304K, used 2552K [0x9ae80000, 0xa0c00000, 0xaf740000)
  eden space 31744K, 0% used [0x9ae80000,0x9ae80000,0x9cd80000)
  from space 2560K, 99% used [0x9cd80000,0x9cffe120,0x9d000000)
  to   space 16128K, 0% used [0x9fc40000,0x9fc40000,0xa0c00000)
 ParOldGen       total 41984K, used 30054K [0x71d40000, 0x74640000, 0x9ae80000)
  object space 41984K, 71% used [0x71d40000,0x73a999f0,0x74640000)
 PSPermGen       total 16384K, used 12852K [0x69d40000, 0x6ad40000, 0x71d40000)
  object space 16384K, 78% used [0x69d40000,0x6a9cd168,0x6ad40000)
Event: 3.220 GC heap after
Heap after GC invocations=6 (full 1):
 PSYoungGen      total 34304K, used 0K [0x9ae80000, 0xa0c00000, 0xaf740000)
  eden space 31744K, 0% used [0x9ae80000,0x9ae80000,0x9cd80000)
  from space 2560K, 0% used [0x9cd80000,0x9cd80000,0x9d000000)
  to   space 16128K, 0% used [0x9fc40000,0x9fc40000,0xa0c00000)
 ParOldGen       total 40704K, used 8158K [0x71d40000, 0x74500000, 0x9ae80000)
  object space 40704K, 20% used [0x71d40000,0x72537900,0x74500000)
 PSPermGen       total 25856K, used 12848K [0x69d40000, 0x6b680000, 0x71d40000)
  object space 25856K, 49% used [0x69d40000,0x6a9cc208,0x6b680000)
}
Event: 3.715 GC heap before
{Heap before GC invocations=7 (full 1):
 PSYoungGen      total 34304K, used 31744K [0x9ae80000, 0xa0c00000, 0xaf740000)
  eden space 31744K, 100% used [0x9ae80000,0x9cd80000,0x9cd80000)
  from space 2560K, 0% used [0x9cd80000,0x9cd80000,0x9d000000)
  to   space 16128K, 0% used [0x9fc40000,0x9fc40000,0xa0c00000)
 ParOldGen       total 40704K, used 8158K [0x71d40000, 0x74500000, 0x9ae80000)
  object space 40704K, 20% used [0x71d40000,0x72537900,0x74500000)
 PSPermGen       total 25856K, used 12892K [0x69d40000, 0x6b680000, 0x71d40000)
  object space 25856K, 49% used [0x69d40000,0x6a9d7158,0x6b680000)
Event: 3.729 GC heap after
Heap after GC invocations=7 (full 1):
 PSYoungGen      total 65280K, used 4472K [0x9ae80000, 0xa04c0000, 0xaf740000)
  eden space 56576K, 0% used [0x9ae80000,0x9ae80000,0x9e5c0000)
  from space 8704K, 51% used [0x9fc40000,0xa009e080,0xa04c0000)
  to   space 15872K, 0% used [0x9e5c0000,0x9e5c0000,0x9f540000)
 ParOldGen       total 40704K, used 8158K [0x71d40000, 0x74500000, 0x9ae80000)
  object space 40704K, 20% used [0x71d40000,0x72537900,0x74500000)
 PSPermGen       total 25856K, used 12892K [0x69d40000, 0x6b680000, 0x71d40000)
  object space 25856K, 49% used [0x69d40000,0x6a9d7158,0x6b680000)
}
Event: 4.379 GC heap before
{Heap before GC invocations=8 (full 1):
 PSYoungGen      total 65280K, used 61048K [0x9ae80000, 0xa04c0000, 0xaf740000)
  eden space 56576K, 100% used [0x9ae80000,0x9e5c0000,0x9e5c0000)
  from space 8704K, 51% used [0x9fc40000,0xa009e080,0xa04c0000)
  to   space 15872K, 0% used [0x9e5c0000,0x9e5c0000,0x9f540000)
 ParOldGen       total 40704K, used 8158K [0x71d40000, 0x74500000, 0x9ae80000)
  object space 40704K, 20% used [0x71d40000,0x72537900,0x74500000)
 PSPermGen       total 25856K, used 12936K [0x69d40000, 0x6b680000, 0x71d40000)
  object space 25856K, 50% used [0x69d40000,0x6a9e2218,0x6b680000)
Event: 4.398 GC heap after
Heap after GC invocations=8 (full 1):
 PSYoungGen      total 72448K, used 9881K [0x9ae80000, 0xa2d80000, 0xaf740000)
  eden space 56576K, 0% used [0x9ae80000,0x9ae80000,0x9e5c0000)
  from space 15872K, 62% used [0x9e5c0000,0x9ef664d0,0x9f540000)
  to   space 15872K, 0% used [0xa1e00000,0xa1e00000,0xa2d80000)
 ParOldGen       total 40704K, used 8158K [0x71d40000, 0x74500000, 0x9ae80000)
  object space 40704K, 20% used [0x71d40000,0x72537900,0x74500000)
 PSPermGen       total 25856K, used 12936K [0x69d40000, 0x6b680000, 0x71d40000)
  object space 25856K, 50% used [0x69d40000,0x6a9e2218,0x6b680000)
}

