# JRE version: OpenJDK Runtime Environment (7.0_111-b01) (build 1.7.0_111-b01)
# Java VM: OpenJDK Server VM (24.111-b01 mixed mode linux-x86 )
Heap
 PSYoungGen      total 70912K, used 20415K [0x9ae40000, 0xa2880000, 0xaf700000)
  eden space 55296K, 19% used [0x9ae40000,0x9b8d8eb0,0x9e440000)
  from space 15616K, 61% used [0x9e440000,0x9ed96f40,0x9f380000)
  to   space 15360K, 0% used [0xa1980000,0xa1980000,0xa2880000)
 ParOldGen       total 40960K, used 8157K [0x71d00000, 0x74500000, 0x9ae40000)
  object space 40960K, 19% used [0x71d00000,0x724f7628,0x74500000)
 PSPermGen       total 25856K, used 14017K [0x69d00000, 0x6b640000, 0x71d00000)
  object space 25856K, 54% used [0x69d00000,0x6aab05b0,0x6b640000)
GC Heap History (10 events):
Event: 2.709 GC heap before
{Heap before GC invocations=4 (full 0):
 PSYoungGen      total 18432K, used 18424K [0x9ae40000, 0x9d240000, 0xaf700000)
  eden space 15872K, 100% used [0x9ae40000,0x9bdc0000,0x9bdc0000)
  from space 2560K, 99% used [0x9bdc0000,0x9c03e020,0x9c040000)
  to   space 2560K, 0% used [0x9cfc0000,0x9cfc0000,0x9d240000)
 ParOldGen       total 41984K, used 12668K [0x71d00000, 0x74600000, 0x9ae40000)
  object space 41984K, 30% used [0x71d00000,0x7295f208,0x74600000)
 PSPermGen       total 16384K, used 12172K [0x69d00000, 0x6ad00000, 0x71d00000)
  object space 16384K, 74% used [0x69d00000,0x6a8e3330,0x6ad00000)
Event: 2.745 GC heap after
Heap after GC invocations=4 (full 0):
 PSYoungGen      total 34304K, used 2555K [0x9ae40000, 0x9d240000, 0xaf700000)
  eden space 31744K, 0% used [0x9ae40000,0x9ae40000,0x9cd40000)
  from space 2560K, 99% used [0x9cfc0000,0x9d23ec50,0x9d240000)
  to   space 2560K, 0% used [0x9cd40000,0x9cd40000,0x9cfc0000)
 ParOldGen       total 41984K, used 22211K [0x71d00000, 0x74600000, 0x9ae40000)
  object space 41984K, 52% used [0x71d00000,0x732b0f30,0x74600000)
 PSPermGen       total 16384K, used 12172K [0x69d00000, 0x6ad00000, 0x71d00000)
  object space 16384K, 74% used [0x69d00000,0x6a8e3330,0x6ad00000)
}
Event: 3.117 GC heap before
{Heap before GC invocations=5 (full 0):
 PSYoungGen      total 34304K, used 34299K [0x9ae40000, 0x9d240000, 0xaf700000)
  eden space 31744K, 100% used [0x9ae40000,0x9cd40000,0x9cd40000)
  from space 2560K, 99% used [0x9cfc0000,0x9d23ec50,0x9d240000)
  to   space 2560K, 0% used [0x9cd40000,0x9cd40000,0x9cfc0000)
 ParOldGen       total 41984K, used 22211K [0x71d00000, 0x74600000, 0x9ae40000)
  object space 41984K, 52% used [0x71d00000,0x732b0f30,0x74600000)
 PSPermGen       total 16384K, used 12852K [0x69d00000, 0x6ad00000, 0x71d00000)
  object space 16384K, 78% used [0x69d00000,0x6a98d148,0x6ad00000)
Event: 3.147 GC heap after
Heap after GC invocations=5 (full 0):
 PSYoungGen      total 34304K, used 2555K [0x9ae40000, 0xa0b40000, 0xaf700000)
  eden space 31744K, 0% used [0x9ae40000,0x9ae40000,0x9cd40000)
  from space 2560K, 99% used [0x9cd40000,0x9cfbef80,0x9cfc0000)
  to   space 15872K, 0% used [0x9fbc0000,0x9fbc0000,0xa0b40000)
 ParOldGen       total 41984K, used 29693K [0x71d00000, 0x74600000, 0x9ae40000)
  object space 41984K, 70% used [0x71d00000,0x739ff790,0x74600000)
 PSPermGen       total 16384K, used 12852K [0x69d00000, 0x6ad00000, 0x71d00000)
  object space 16384K, 78% used [0x69d00000,0x6a98d148,0x6ad00000)
}
Event: 3.147 GC heap before
{Heap before GC invocations=6 (full 1):
 PSYoungGen      total 34304K, used 2555K [0x9ae40000, 0xa0b40000, 0xaf700000)
  eden space 31744K, 0% used [0x9ae40000,0x9ae40000,0x9cd40000)
  from space 2560K, 99% used [0x9cd40000,0x9cfbef80,0x9cfc0000)
  to   space 15872K, 0% used [0x9fbc0000,0x9fbc0000,0xa0b40000)
 ParOldGen       total 41984K, used 29693K [0x71d00000, 0x74600000, 0x9ae40000)
  object space 41984K, 70% used [0x71d00000,0x739ff790,0x74600000)
 PSPermGen       total 16384K, used 12852K [0x69d00000, 0x6ad00000, 0x71d00000)
  object space 16384K, 78% used [0x69d00000,0x6a98d148,0x6ad00000)
Event: 3.249 GC heap after
Heap after GC invocations=6 (full 1):
 PSYoungGen      total 34304K, used 0K [0x9ae40000, 0xa0b40000, 0xaf700000)
  eden space 31744K, 0% used [0x9ae40000,0x9ae40000,0x9cd40000)
  from space 2560K, 0% used [0x9cd40000,0x9cd40000,0x9cfc0000)
  to   space 15872K, 0% used [0x9fbc0000,0x9fbc0000,0xa0b40000)
 ParOldGen       total 40960K, used 8157K [0x71d00000, 0x74500000, 0x9ae40000)
  object space 40960K, 19% used [0x71d00000,0x724f7628,0x74500000)
 PSPermGen       total 25856K, used 12848K [0x69d00000, 0x6b640000, 0x71d00000)
  object space 25856K, 49% used [0x69d00000,0x6a98c1d8,0x6b640000)
}
Event: 3.667 GC heap before
{Heap before GC invocations=7 (full 1):
 PSYoungGen      total 34304K, used 31744K [0x9ae40000, 0xa0b40000, 0xaf700000)
  eden space 31744K, 100% used [0x9ae40000,0x9cd40000,0x9cd40000)
  from space 2560K, 0% used [0x9cd40000,0x9cd40000,0x9cfc0000)
  to   space 15872K, 0% used [0x9fbc0000,0x9fbc0000,0xa0b40000)
 ParOldGen       total 40960K, used 8157K [0x71d00000, 0x74500000, 0x9ae40000)
  object space 40960K, 19% used [0x71d00000,0x724f7628,0x74500000)
 PSPermGen       total 25856K, used 12891K [0x69d00000, 0x6b640000, 0x71d00000)
  object space 25856K, 49% used [0x69d00000,0x6a996e78,0x6b640000)
Event: 3.684 GC heap after
Heap after GC invocations=7 (full 1):
 PSYoungGen      total 62464K, used 4450K [0x9ae40000, 0xa02c0000, 0xaf700000)
  eden space 55296K, 0% used [0x9ae40000,0x9ae40000,0x9e440000)
  from space 7168K, 62% used [0x9fbc0000,0xa0018930,0xa02c0000)
  to   space 15616K, 0% used [0x9e440000,0x9e440000,0x9f380000)
 ParOldGen       total 40960K, used 8157K [0x71d00000, 0x74500000, 0x9ae40000)
  object space 40960K, 19% used [0x71d00000,0x724f7628,0x74500000)
 PSPermGen       total 25856K, used 12891K [0x69d00000, 0x6b640000, 0x71d00000)
  object space 25856K, 49% used [0x69d00000,0x6a996e78,0x6b640000)
}
Event: 4.314 GC heap before
{Heap before GC invocations=8 (full 1):
 PSYoungGen      total 62464K, used 59746K [0x9ae40000, 0xa02c0000, 0xaf700000)
  eden space 55296K, 100% used [0x9ae40000,0x9e440000,0x9e440000)
  from space 7168K, 62% used [0x9fbc0000,0xa0018930,0xa02c0000)
  to   space 15616K, 0% used [0x9e440000,0x9e440000,0x9f380000)
 ParOldGen       total 40960K, used 8157K [0x71d00000, 0x74500000, 0x9ae40000)
  object space 40960K, 19% used [0x71d00000,0x724f7628,0x74500000)
 PSPermGen       total 25856K, used 12924K [0x69d00000, 0x6b640000, 0x71d00000)
  object space 25856K, 49% used [0x69d00000,0x6a99f3c0,0x6b640000)
Event: 4.337 GC heap after
Heap after GC invocations=8 (full 1):
 PSYoungGen      total 70912K, used 9563K [0x9ae40000, 0xa2880000, 0xaf700000)
  eden space 55296K, 0% used [0x9ae40000,0x9ae40000,0x9e440000)
  from space 15616K, 61% used [0x9e440000,0x9ed96f40,0x9f380000)
  to   space 15360K, 0% used [0xa1980000,0xa1980000,0xa2880000)
 ParOldGen       total 40960K, used 8157K [0x71d00000, 0x74500000, 0x9ae40000)
  object space 40960K, 19% used [0x71d00000,0x724f7628,0x74500000)
 PSPermGen       total 25856K, used 12924K [0x69d00000, 0x6b640000, 0x71d00000)
  object space 25856K, 49% used [0x69d00000,0x6a99f3c0,0x6b640000)
}

