# JRE version: OpenJDK Runtime Environment (7.0_111-b01) (build 1.7.0_111-b01)
# Java VM: OpenJDK Server VM (24.111-b01 mixed mode linux-x86 )
Heap
 PSYoungGen      total 72960K, used 14690K [0x9ae00000, 0xa2f40000, 0xaf6c0000)
  eden space 57088K, 8% used [0x9ae00000,0x9b28a9d8,0x9e5c0000)
  from space 15872K, 63% used [0x9e5c0000,0x9ef8df88,0x9f540000)
  to   space 15872K, 0% used [0xa1fc0000,0xa1fc0000,0xa2f40000)
 ParOldGen       total 41216K, used 8812K [0x71cc0000, 0x74500000, 0x9ae00000)
  object space 41216K, 21% used [0x71cc0000,0x7255b098,0x74500000)
 PSPermGen       total 25856K, used 13895K [0x69cc0000, 0x6b600000, 0x71cc0000)
  object space 25856K, 53% used [0x69cc0000,0x6aa51f90,0x6b600000)
GC Heap History (10 events):
Event: 2.681 GC heap before
{Heap before GC invocations=4 (full 0):
 PSYoungGen      total 18432K, used 18424K [0x9ae00000, 0x9d200000, 0xaf6c0000)
  eden space 15872K, 100% used [0x9ae00000,0x9bd80000,0x9bd80000)
  from space 2560K, 99% used [0x9bd80000,0x9bffe050,0x9c000000)
  to   space 2560K, 0% used [0x9cf80000,0x9cf80000,0x9d200000)
 ParOldGen       total 41984K, used 12671K [0x71cc0000, 0x745c0000, 0x9ae00000)
  object space 41984K, 30% used [0x71cc0000,0x7291fe98,0x745c0000)
 PSPermGen       total 16384K, used 12172K [0x69cc0000, 0x6acc0000, 0x71cc0000)
  object space 16384K, 74% used [0x69cc0000,0x6a8a3320,0x6acc0000)
Event: 2.732 GC heap after
Heap after GC invocations=4 (full 0):
 PSYoungGen      total 34304K, used 2545K [0x9ae00000, 0x9d200000, 0xaf6c0000)
  eden space 31744K, 0% used [0x9ae00000,0x9ae00000,0x9cd00000)
  from space 2560K, 99% used [0x9cf80000,0x9d1fc538,0x9d200000)
  to   space 2560K, 0% used [0x9cd00000,0x9cd00000,0x9cf80000)
 ParOldGen       total 41984K, used 22224K [0x71cc0000, 0x745c0000, 0x9ae00000)
  object space 41984K, 52% used [0x71cc0000,0x732742f8,0x745c0000)
 PSPermGen       total 16384K, used 12172K [0x69cc0000, 0x6acc0000, 0x71cc0000)
  object space 16384K, 74% used [0x69cc0000,0x6a8a3320,0x6acc0000)
}
Event: 3.111 GC heap before
{Heap before GC invocations=5 (full 0):
 PSYoungGen      total 34304K, used 34289K [0x9ae00000, 0x9d200000, 0xaf6c0000)
  eden space 31744K, 100% used [0x9ae00000,0x9cd00000,0x9cd00000)
  from space 2560K, 99% used [0x9cf80000,0x9d1fc538,0x9d200000)
  to   space 2560K, 0% used [0x9cd00000,0x9cd00000,0x9cf80000)
 ParOldGen       total 41984K, used 22224K [0x71cc0000, 0x745c0000, 0x9ae00000)
  object space 41984K, 52% used [0x71cc0000,0x732742f8,0x745c0000)
 PSPermGen       total 16384K, used 12852K [0x69cc0000, 0x6acc0000, 0x71cc0000)
  object space 16384K, 78% used [0x69cc0000,0x6a94d148,0x6acc0000)
Event: 3.149 GC heap after
Heap after GC invocations=5 (full 0):
 PSYoungGen      total 34304K, used 2558K [0x9ae00000, 0xa0b80000, 0xaf6c0000)
  eden space 31744K, 0% used [0x9ae00000,0x9ae00000,0x9cd00000)
  from space 2560K, 99% used [0x9cd00000,0x9cf7fa00,0x9cf80000)
  to   space 16128K, 0% used [0x9fbc0000,0x9fbc0000,0xa0b80000)
 ParOldGen       total 41984K, used 30193K [0x71cc0000, 0x745c0000, 0x9ae00000)
  object space 41984K, 71% used [0x71cc0000,0x73a3c7f0,0x745c0000)
 PSPermGen       total 16384K, used 12852K [0x69cc0000, 0x6acc0000, 0x71cc0000)
  object space 16384K, 78% used [0x69cc0000,0x6a94d148,0x6acc0000)
}
Event: 3.149 GC heap before
{Heap before GC invocations=6 (full 1):
 PSYoungGen      total 34304K, used 2558K [0x9ae00000, 0xa0b80000, 0xaf6c0000)
  eden space 31744K, 0% used [0x9ae00000,0x9ae00000,0x9cd00000)
  from space 2560K, 99% used [0x9cd00000,0x9cf7fa00,0x9cf80000)
  to   space 16128K, 0% used [0x9fbc0000,0x9fbc0000,0xa0b80000)
 ParOldGen       total 41984K, used 30193K [0x71cc0000, 0x745c0000, 0x9ae00000)
  object space 41984K, 71% used [0x71cc0000,0x73a3c7f0,0x745c0000)
 PSPermGen       total 16384K, used 12852K [0x69cc0000, 0x6acc0000, 0x71cc0000)
  object space 16384K, 78% used [0x69cc0000,0x6a94d148,0x6acc0000)
Event: 3.248 GC heap after
Heap after GC invocations=6 (full 1):
 PSYoungGen      total 34304K, used 0K [0x9ae00000, 0xa0b80000, 0xaf6c0000)
  eden space 31744K, 0% used [0x9ae00000,0x9ae00000,0x9cd00000)
  from space 2560K, 0% used [0x9cd00000,0x9cd00000,0x9cf80000)
  to   space 16128K, 0% used [0x9fbc0000,0x9fbc0000,0xa0b80000)
 ParOldGen       total 41216K, used 8812K [0x71cc0000, 0x74500000, 0x9ae00000)
  object space 41216K, 21% used [0x71cc0000,0x7255b098,0x74500000)
 PSPermGen       total 25856K, used 12848K [0x69cc0000, 0x6b600000, 0x71cc0000)
  object space 25856K, 49% used [0x69cc0000,0x6a94c1f8,0x6b600000)
}
Event: 3.683 GC heap before
{Heap before GC invocations=7 (full 1):
 PSYoungGen      total 34304K, used 31744K [0x9ae00000, 0xa0b80000, 0xaf6c0000)
  eden space 31744K, 100% used [0x9ae00000,0x9cd00000,0x9cd00000)
  from space 2560K, 0% used [0x9cd00000,0x9cd00000,0x9cf80000)
  to   space 16128K, 0% used [0x9fbc0000,0x9fbc0000,0xa0b80000)
 ParOldGen       total 41216K, used 8812K [0x71cc0000, 0x74500000, 0x9ae00000)
  object space 41216K, 21% used [0x71cc0000,0x7255b098,0x74500000)
 PSPermGen       total 25856K, used 12891K [0x69cc0000, 0x6b600000, 0x71cc0000)
  object space 25856K, 49% used [0x69cc0000,0x6a956e98,0x6b600000)
Event: 3.700 GC heap after
Heap after GC invocations=7 (full 1):
 PSYoungGen      total 66304K, used 4460K [0x9ae00000, 0xa04c0000, 0xaf6c0000)
  eden space 57088K, 0% used [0x9ae00000,0x9ae00000,0x9e5c0000)
  from space 9216K, 48% used [0x9fbc0000,0xa001b200,0xa04c0000)
  to   space 15872K, 0% used [0x9e5c0000,0x9e5c0000,0x9f540000)
 ParOldGen       total 41216K, used 8812K [0x71cc0000, 0x74500000, 0x9ae00000)
  object space 41216K, 21% used [0x71cc0000,0x7255b098,0x74500000)
 PSPermGen       total 25856K, used 12891K [0x69cc0000, 0x6b600000, 0x71cc0000)
  object space 25856K, 49% used [0x69cc0000,0x6a956e98,0x6b600000)
}
Event: 4.365 GC heap before
{Heap before GC invocations=8 (full 1):
 PSYoungGen      total 66304K, used 61548K [0x9ae00000, 0xa04c0000, 0xaf6c0000)
  eden space 57088K, 100% used [0x9ae00000,0x9e5c0000,0x9e5c0000)
  from space 9216K, 48% used [0x9fbc0000,0xa001b200,0xa04c0000)
  to   space 15872K, 0% used [0x9e5c0000,0x9e5c0000,0x9f540000)
 ParOldGen       total 41216K, used 8812K [0x71cc0000, 0x74500000, 0x9ae00000)
  object space 41216K, 21% used [0x71cc0000,0x7255b098,0x74500000)
 PSPermGen       total 25856K, used 12936K [0x69cc0000, 0x6b600000, 0x71cc0000)
  object space 25856K, 50% used [0x69cc0000,0x6a962138,0x6b600000)
Event: 4.394 GC heap after
Heap after GC invocations=8 (full 1):
 PSYoungGen      total 72960K, used 10039K [0x9ae00000, 0xa2f40000, 0xaf6c0000)
  eden space 57088K, 0% used [0x9ae00000,0x9ae00000,0x9e5c0000)
  from space 15872K, 63% used [0x9e5c0000,0x9ef8df88,0x9f540000)
  to   space 15872K, 0% used [0xa1fc0000,0xa1fc0000,0xa2f40000)
 ParOldGen       total 41216K, used 8812K [0x71cc0000, 0x74500000, 0x9ae00000)
  object space 41216K, 21% used [0x71cc0000,0x7255b098,0x74500000)
 PSPermGen       total 25856K, used 12936K [0x69cc0000, 0x6b600000, 0x71cc0000)
  object space 25856K, 50% used [0x69cc0000,0x6a962138,0x6b600000)
}

