# JRE version: OpenJDK Runtime Environment (7.0_111-b01) (build 1.7.0_111-b01)
# Java VM: OpenJDK Server VM (24.111-b01 mixed mode linux-x86 )
Heap
 PSYoungGen      total 71168K, used 70063K [0x9ae80000, 0x9fe80000, 0xaf740000)
  eden space 62720K, 100% used [0x9ae80000,0x9ebc0000,0x9ebc0000)
  from space 8448K, 86% used [0x9f4c0000,0x9fbebd30,0x9fd00000)
  to   space 9216K, 45% used [0x9ebc0000,0x9efdf638,0x9f4c0000)
 ParOldGen       total 41984K, used 16636K [0x71d40000, 0x74640000, 0x9ae80000)
  object space 41984K, 39% used [0x71d40000,0x72d7f0a8,0x74640000)
 PSPermGen       total 16384K, used 13965K [0x69d40000, 0x6ad40000, 0x71d40000)
  object space 16384K, 85% used [0x69d40000,0x6aae3748,0x6ad40000)
GC Heap History (10 events):
Event: 2.473 GC heap after
Heap after GC invocations=2 (full 0):
 PSYoungGen      total 18432K, used 2544K [0x9ae80000, 0x9d280000, 0xaf740000)
  eden space 15872K, 0% used [0x9ae80000,0x9ae80000,0x9be00000)
  from space 2560K, 99% used [0x9c080000,0x9c2fc070,0x9c300000)
  to   space 2560K, 0% used [0x9be00000,0x9be00000,0x9c080000)
 ParOldGen       total 41984K, used 2737K [0x71d40000, 0x74640000, 0x9ae80000)
  object space 41984K, 6% used [0x71d40000,0x71fec488,0x74640000)
 PSPermGen       total 16384K, used 12158K [0x69d40000, 0x6ad40000, 0x71d40000)
  object space 16384K, 74% used [0x69d40000,0x6a91f808,0x6ad40000)
}
Event: 2.578 GC heap before
{Heap before GC invocations=3 (full 0):
 PSYoungGen      total 18432K, used 18416K [0x9ae80000, 0x9d280000, 0xaf740000)
  eden space 15872K, 100% used [0x9ae80000,0x9be00000,0x9be00000)
  from space 2560K, 99% used [0x9c080000,0x9c2fc070,0x9c300000)
  to   space 2560K, 0% used [0x9be00000,0x9be00000,0x9c080000)
 ParOldGen       total 41984K, used 2737K [0x71d40000, 0x74640000, 0x9ae80000)
  object space 41984K, 6% used [0x71d40000,0x71fec488,0x74640000)
 PSPermGen       total 16384K, used 12172K [0x69d40000, 0x6ad40000, 0x71d40000)
  object space 16384K, 74% used [0x69d40000,0x6a923040,0x6ad40000)
Event: 2.601 GC heap after
Heap after GC invocations=3 (full 0):
 PSYoungGen      total 18432K, used 2556K [0x9ae80000, 0x9d280000, 0xaf740000)
  eden space 15872K, 0% used [0x9ae80000,0x9ae80000,0x9be00000)
  from space 2560K, 99% used [0x9be00000,0x9c07f3d0,0x9c080000)
  to   space 2560K, 0% used [0x9d000000,0x9d000000,0x9d280000)
 ParOldGen       total 41984K, used 7403K [0x71d40000, 0x74640000, 0x9ae80000)
  object space 41984K, 17% used [0x71d40000,0x7247ae48,0x74640000)
 PSPermGen       total 16384K, used 12172K [0x69d40000, 0x6ad40000, 0x71d40000)
  object space 16384K, 74% used [0x69d40000,0x6a923040,0x6ad40000)
}
Event: 2.705 GC heap before
{Heap before GC invocations=4 (full 0):
 PSYoungGen      total 18432K, used 18428K [0x9ae80000, 0x9d280000, 0xaf740000)
  eden space 15872K, 100% used [0x9ae80000,0x9be00000,0x9be00000)
  from space 2560K, 99% used [0x9be00000,0x9c07f3d0,0x9c080000)
  to   space 2560K, 0% used [0x9d000000,0x9d000000,0x9d280000)
 ParOldGen       total 41984K, used 7403K [0x71d40000, 0x74640000, 0x9ae80000)
  object space 41984K, 17% used [0x71d40000,0x7247ae48,0x74640000)
 PSPermGen       total 16384K, used 12172K [0x69d40000, 0x6ad40000, 0x71d40000)
  object space 16384K, 74% used [0x69d40000,0x6a923330,0x6ad40000)
Event: 2.724 GC heap after
Heap after GC invocations=4 (full 0):
 PSYoungGen      total 34304K, used 2556K [0x9ae80000, 0x9d280000, 0xaf740000)
  eden space 31744K, 0% used [0x9ae80000,0x9ae80000,0x9cd80000)
  from space 2560K, 99% used [0x9d000000,0x9d27f3d0,0x9d280000)
  to   space 2560K, 0% used [0x9cd80000,0x9cd80000,0x9d000000)
 ParOldGen       total 41984K, used 12173K [0x71d40000, 0x74640000, 0x9ae80000)
  object space 41984K, 28% used [0x71d40000,0x729237b0,0x74640000)
 PSPermGen       total 16384K, used 12172K [0x69d40000, 0x6ad40000, 0x71d40000)
  object space 16384K, 74% used [0x69d40000,0x6a923330,0x6ad40000)
}
Event: 3.058 GC heap before
{Heap before GC invocations=5 (full 0):
 PSYoungGen      total 34304K, used 34300K [0x9ae80000, 0x9d280000, 0xaf740000)
  eden space 31744K, 100% used [0x9ae80000,0x9cd80000,0x9cd80000)
  from space 2560K, 99% used [0x9d000000,0x9d27f3d0,0x9d280000)
  to   space 2560K, 0% used [0x9cd80000,0x9cd80000,0x9d000000)
 ParOldGen       total 41984K, used 12173K [0x71d40000, 0x74640000, 0x9ae80000)
  object space 41984K, 28% used [0x71d40000,0x729237b0,0x74640000)
 PSPermGen       total 16384K, used 12852K [0x69d40000, 0x6ad40000, 0x71d40000)
  object space 16384K, 78% used [0x69d40000,0x6a9cd168,0x6ad40000)
Event: 3.070 GC heap after
Heap after GC invocations=5 (full 0):
 PSYoungGen      total 34304K, used 2551K [0x9ae80000, 0x9fd00000, 0xaf740000)
  eden space 31744K, 0% used [0x9ae80000,0x9ae80000,0x9cd80000)
  from space 2560K, 99% used [0x9cd80000,0x9cffdfd0,0x9d000000)
  to   space 8448K, 0% used [0x9f4c0000,0x9f4c0000,0x9fd00000)
 ParOldGen       total 41984K, used 15105K [0x71d40000, 0x74640000, 0x9ae80000)
  object space 41984K, 35% used [0x71d40000,0x72c00428,0x74640000)
 PSPermGen       total 16384K, used 12852K [0x69d40000, 0x6ad40000, 0x71d40000)
  object space 16384K, 78% used [0x69d40000,0x6a9cd168,0x6ad40000)
}
Event: 3.528 GC heap before
{Heap before GC invocations=6 (full 0):
 PSYoungGen      total 34304K, used 34295K [0x9ae80000, 0x9fd00000, 0xaf740000)
  eden space 31744K, 100% used [0x9ae80000,0x9cd80000,0x9cd80000)
  from space 2560K, 99% used [0x9cd80000,0x9cffdfd0,0x9d000000)
  to   space 8448K, 0% used [0x9f4c0000,0x9f4c0000,0x9fd00000)
 ParOldGen       total 41984K, used 15105K [0x71d40000, 0x74640000, 0x9ae80000)
  object space 41984K, 35% used [0x71d40000,0x72c00428,0x74640000)
 PSPermGen       total 16384K, used 12895K [0x69d40000, 0x6ad40000, 0x71d40000)
  object space 16384K, 78% used [0x69d40000,0x6a9d7c98,0x6ad40000)
Event: 3.565 GC heap after
Heap after GC invocations=6 (full 0):
 PSYoungGen      total 71168K, used 7343K [0x9ae80000, 0x9fe80000, 0xaf740000)
  eden space 62720K, 0% used [0x9ae80000,0x9ae80000,0x9ebc0000)
  from space 8448K, 86% used [0x9f4c0000,0x9fbebd30,0x9fd00000)
  to   space 9216K, 0% used [0x9ebc0000,0x9ebc0000,0x9f4c0000)
 ParOldGen       total 41984K, used 15105K [0x71d40000, 0x74640000, 0x9ae80000)
  object space 41984K, 35% used [0x71d40000,0x72c00428,0x74640000)
 PSPermGen       total 16384K, used 12895K [0x69d40000, 0x6ad40000, 0x71d40000)
  object space 16384K, 78% used [0x69d40000,0x6a9d7c98,0x6ad40000)
}
Event: 5.510 GC heap before
{Heap before GC invocations=7 (full 0):
 PSYoungGen      total 71168K, used 70063K [0x9ae80000, 0x9fe80000, 0xaf740000)
  eden space 62720K, 100% used [0x9ae80000,0x9ebc0000,0x9ebc0000)
  from space 8448K, 86% used [0x9f4c0000,0x9fbebd30,0x9fd00000)
  to   space 9216K, 0% used [0x9ebc0000,0x9ebc0000,0x9f4c0000)
 ParOldGen       total 41984K, used 15105K [0x71d40000, 0x74640000, 0x9ae80000)
  object space 41984K, 35% used [0x71d40000,0x72c00428,0x74640000)
 PSPermGen       total 16384K, used 13965K [0x69d40000, 0x6ad40000, 0x71d40000)
  object space 16384K, 85% used [0x69d40000,0x6aae3748,0x6ad40000)

