# JRE version: OpenJDK Runtime Environment (7.0_111-b01) (build 1.7.0_111-b01)
# Java VM: OpenJDK Server VM (24.111-b01 mixed mode linux-x86 )
Heap
 PSYoungGen      total 71680K, used 16756K [0x9adc0000, 0xa2a80000, 0xaf680000)
  eden space 56064K, 12% used [0x9adc0000,0x9b49ef80,0x9e480000)
  from space 15616K, 62% used [0x9e480000,0x9edfe0d0,0x9f3c0000)
  to   space 15616K, 0% used [0xa1b40000,0xa1b40000,0xa2a80000)
 ParOldGen       total 40704K, used 8115K [0x71c80000, 0x74440000, 0x9adc0000)
  object space 40704K, 19% used [0x71c80000,0x7246cea8,0x74440000)
 PSPermGen       total 25856K, used 13936K [0x69c80000, 0x6b5c0000, 0x71c80000)
  object space 25856K, 53% used [0x69c80000,0x6aa1c038,0x6b5c0000)
GC Heap History (10 events):
Event: 2.727 GC heap before
{Heap before GC invocations=4 (full 0):
 PSYoungGen      total 18432K, used 18427K [0x9adc0000, 0x9d1c0000, 0xaf680000)
  eden space 15872K, 100% used [0x9adc0000,0x9bd40000,0x9bd40000)
  from space 2560K, 99% used [0x9bd40000,0x9bfbed38,0x9bfc0000)
  to   space 2560K, 0% used [0x9cf40000,0x9cf40000,0x9d1c0000)
 ParOldGen       total 41984K, used 12667K [0x71c80000, 0x74580000, 0x9adc0000)
  object space 41984K, 30% used [0x71c80000,0x728ded80,0x74580000)
 PSPermGen       total 16384K, used 12172K [0x69c80000, 0x6ac80000, 0x71c80000)
  object space 16384K, 74% used [0x69c80000,0x6a863320,0x6ac80000)
Event: 2.777 GC heap after
Heap after GC invocations=4 (full 0):
 PSYoungGen      total 34304K, used 2553K [0x9adc0000, 0x9d1c0000, 0xaf680000)
  eden space 31744K, 0% used [0x9adc0000,0x9adc0000,0x9ccc0000)
  from space 2560K, 99% used [0x9cf40000,0x9d1be5f0,0x9d1c0000)
  to   space 2560K, 0% used [0x9ccc0000,0x9ccc0000,0x9cf40000)
 ParOldGen       total 41984K, used 21921K [0x71c80000, 0x74580000, 0x9adc0000)
  object space 41984K, 52% used [0x71c80000,0x731e87c0,0x74580000)
 PSPermGen       total 16384K, used 12172K [0x69c80000, 0x6ac80000, 0x71c80000)
  object space 16384K, 74% used [0x69c80000,0x6a863320,0x6ac80000)
}
Event: 3.132 GC heap before
{Heap before GC invocations=5 (full 0):
 PSYoungGen      total 34304K, used 34297K [0x9adc0000, 0x9d1c0000, 0xaf680000)
  eden space 31744K, 100% used [0x9adc0000,0x9ccc0000,0x9ccc0000)
  from space 2560K, 99% used [0x9cf40000,0x9d1be5f0,0x9d1c0000)
  to   space 2560K, 0% used [0x9ccc0000,0x9ccc0000,0x9cf40000)
 ParOldGen       total 41984K, used 21921K [0x71c80000, 0x74580000, 0x9adc0000)
  object space 41984K, 52% used [0x71c80000,0x731e87c0,0x74580000)
 PSPermGen       total 16384K, used 12852K [0x69c80000, 0x6ac80000, 0x71c80000)
  object space 16384K, 78% used [0x69c80000,0x6a90d168,0x6ac80000)
Event: 3.171 GC heap after
Heap after GC invocations=5 (full 0):
 PSYoungGen      total 34304K, used 2556K [0x9adc0000, 0xa0ac0000, 0xaf680000)
  eden space 31744K, 0% used [0x9adc0000,0x9adc0000,0x9ccc0000)
  from space 2560K, 99% used [0x9ccc0000,0x9cf3f170,0x9cf40000)
  to   space 15872K, 0% used [0x9fb40000,0x9fb40000,0xa0ac0000)
 ParOldGen       total 41984K, used 29838K [0x71c80000, 0x74580000, 0x9adc0000)
  object space 41984K, 71% used [0x71c80000,0x739a3ac8,0x74580000)
 PSPermGen       total 16384K, used 12852K [0x69c80000, 0x6ac80000, 0x71c80000)
  object space 16384K, 78% used [0x69c80000,0x6a90d168,0x6ac80000)
}
Event: 3.172 GC heap before
{Heap before GC invocations=6 (full 1):
 PSYoungGen      total 34304K, used 2556K [0x9adc0000, 0xa0ac0000, 0xaf680000)
  eden space 31744K, 0% used [0x9adc0000,0x9adc0000,0x9ccc0000)
  from space 2560K, 99% used [0x9ccc0000,0x9cf3f170,0x9cf40000)
  to   space 15872K, 0% used [0x9fb40000,0x9fb40000,0xa0ac0000)
 ParOldGen       total 41984K, used 29838K [0x71c80000, 0x74580000, 0x9adc0000)
  object space 41984K, 71% used [0x71c80000,0x739a3ac8,0x74580000)
 PSPermGen       total 16384K, used 12852K [0x69c80000, 0x6ac80000, 0x71c80000)
  object space 16384K, 78% used [0x69c80000,0x6a90d168,0x6ac80000)
Event: 3.273 GC heap after
Heap after GC invocations=6 (full 1):
 PSYoungGen      total 34304K, used 0K [0x9adc0000, 0xa0ac0000, 0xaf680000)
  eden space 31744K, 0% used [0x9adc0000,0x9adc0000,0x9ccc0000)
  from space 2560K, 0% used [0x9ccc0000,0x9ccc0000,0x9cf40000)
  to   space 15872K, 0% used [0x9fb40000,0x9fb40000,0xa0ac0000)
 ParOldGen       total 40704K, used 8115K [0x71c80000, 0x74440000, 0x9adc0000)
  object space 40704K, 19% used [0x71c80000,0x7246cea8,0x74440000)
 PSPermGen       total 25856K, used 12848K [0x69c80000, 0x6b5c0000, 0x71c80000)
  object space 25856K, 49% used [0x69c80000,0x6a90c208,0x6b5c0000)
}
Event: 3.698 GC heap before
{Heap before GC invocations=7 (full 1):
 PSYoungGen      total 34304K, used 31744K [0x9adc0000, 0xa0ac0000, 0xaf680000)
  eden space 31744K, 100% used [0x9adc0000,0x9ccc0000,0x9ccc0000)
  from space 2560K, 0% used [0x9ccc0000,0x9ccc0000,0x9cf40000)
  to   space 15872K, 0% used [0x9fb40000,0x9fb40000,0xa0ac0000)
 ParOldGen       total 40704K, used 8115K [0x71c80000, 0x74440000, 0x9adc0000)
  object space 40704K, 19% used [0x71c80000,0x7246cea8,0x74440000)
 PSPermGen       total 25856K, used 12892K [0x69c80000, 0x6b5c0000, 0x71c80000)
  object space 25856K, 49% used [0x69c80000,0x6a917060,0x6b5c0000)
Event: 3.714 GC heap after
Heap after GC invocations=7 (full 1):
 PSYoungGen      total 64000K, used 4803K [0x9adc0000, 0xa0300000, 0xaf680000)
  eden space 56064K, 0% used [0x9adc0000,0x9adc0000,0x9e480000)
  from space 7936K, 60% used [0x9fb40000,0x9fff0ed0,0xa0300000)
  to   space 15616K, 0% used [0x9e480000,0x9e480000,0x9f3c0000)
 ParOldGen       total 40704K, used 8115K [0x71c80000, 0x74440000, 0x9adc0000)
  object space 40704K, 19% used [0x71c80000,0x7246cea8,0x74440000)
 PSPermGen       total 25856K, used 12892K [0x69c80000, 0x6b5c0000, 0x71c80000)
  object space 25856K, 49% used [0x69c80000,0x6a917060,0x6b5c0000)
}
Event: 4.338 GC heap before
{Heap before GC invocations=8 (full 1):
 PSYoungGen      total 64000K, used 60867K [0x9adc0000, 0xa0300000, 0xaf680000)
  eden space 56064K, 100% used [0x9adc0000,0x9e480000,0x9e480000)
  from space 7936K, 60% used [0x9fb40000,0x9fff0ed0,0xa0300000)
  to   space 15616K, 0% used [0x9e480000,0x9e480000,0x9f3c0000)
 ParOldGen       total 40704K, used 8115K [0x71c80000, 0x74440000, 0x9adc0000)
  object space 40704K, 19% used [0x71c80000,0x7246cea8,0x74440000)
 PSPermGen       total 25856K, used 12925K [0x69c80000, 0x6b5c0000, 0x71c80000)
  object space 25856K, 49% used [0x69c80000,0x6a91f740,0x6b5c0000)
Event: 4.354 GC heap after
Heap after GC invocations=8 (full 1):
 PSYoungGen      total 71680K, used 9720K [0x9adc0000, 0xa2a80000, 0xaf680000)
  eden space 56064K, 0% used [0x9adc0000,0x9adc0000,0x9e480000)
  from space 15616K, 62% used [0x9e480000,0x9edfe0d0,0x9f3c0000)
  to   space 15616K, 0% used [0xa1b40000,0xa1b40000,0xa2a80000)
 ParOldGen       total 40704K, used 8115K [0x71c80000, 0x74440000, 0x9adc0000)
  object space 40704K, 19% used [0x71c80000,0x7246cea8,0x74440000)
 PSPermGen       total 25856K, used 12925K [0x69c80000, 0x6b5c0000, 0x71c80000)
  object space 25856K, 49% used [0x69c80000,0x6a91f740,0x6b5c0000)
}

