# JRE version: OpenJDK Runtime Environment (7.0_111-b01) (build 1.7.0_111-b01)
# Java VM: OpenJDK Server VM (24.111-b01 mixed mode linux-x86 )
Heap
 PSYoungGen      total 72448K, used 15651K [0x9adc0000, 0xa2cc0000, 0xaf680000)
  eden space 56576K, 10% used [0x9adc0000,0x9b35c640,0x9e500000)
  from space 15872K, 62% used [0x9e500000,0x9eeac7b0,0x9f480000)
  to   space 15872K, 0% used [0xa1d40000,0xa1d40000,0xa2cc0000)
 ParOldGen       total 40704K, used 8155K [0x71c80000, 0x74440000, 0x9adc0000)
  object space 40704K, 20% used [0x71c80000,0x72476f70,0x74440000)
 PSPermGen       total 25856K, used 13894K [0x69c80000, 0x6b5c0000, 0x71c80000)
  object space 25856K, 53% used [0x69c80000,0x6aa11ae8,0x6b5c0000)
GC Heap History (10 events):
Event: 2.763 GC heap before
{Heap before GC invocations=4 (full 0):
 PSYoungGen      total 18432K, used 18416K [0x9adc0000, 0x9d1c0000, 0xaf680000)
  eden space 15872K, 100% used [0x9adc0000,0x9bd40000,0x9bd40000)
  from space 2560K, 99% used [0x9bd40000,0x9bfbc050,0x9bfc0000)
  to   space 2560K, 0% used [0x9cf40000,0x9cf40000,0x9d1c0000)
 ParOldGen       total 41984K, used 12679K [0x71c80000, 0x74580000, 0x9adc0000)
  object space 41984K, 30% used [0x71c80000,0x728e1f98,0x74580000)
 PSPermGen       total 16384K, used 12172K [0x69c80000, 0x6ac80000, 0x71c80000)
  object space 16384K, 74% used [0x69c80000,0x6a863330,0x6ac80000)
Event: 2.824 GC heap after
Heap after GC invocations=4 (full 0):
 PSYoungGen      total 34304K, used 2552K [0x9adc0000, 0x9d1c0000, 0xaf680000)
  eden space 31744K, 0% used [0x9adc0000,0x9adc0000,0x9ccc0000)
  from space 2560K, 99% used [0x9cf40000,0x9d1be060,0x9d1c0000)
  to   space 2560K, 0% used [0x9ccc0000,0x9ccc0000,0x9cf40000)
 ParOldGen       total 41984K, used 22214K [0x71c80000, 0x74580000, 0x9adc0000)
  object space 41984K, 52% used [0x71c80000,0x732318f0,0x74580000)
 PSPermGen       total 16384K, used 12172K [0x69c80000, 0x6ac80000, 0x71c80000)
  object space 16384K, 74% used [0x69c80000,0x6a863330,0x6ac80000)
}
Event: 3.174 GC heap before
{Heap before GC invocations=5 (full 0):
 PSYoungGen      total 34304K, used 34296K [0x9adc0000, 0x9d1c0000, 0xaf680000)
  eden space 31744K, 100% used [0x9adc0000,0x9ccc0000,0x9ccc0000)
  from space 2560K, 99% used [0x9cf40000,0x9d1be060,0x9d1c0000)
  to   space 2560K, 0% used [0x9ccc0000,0x9ccc0000,0x9cf40000)
 ParOldGen       total 41984K, used 22214K [0x71c80000, 0x74580000, 0x9adc0000)
  object space 41984K, 52% used [0x71c80000,0x732318f0,0x74580000)
 PSPermGen       total 16384K, used 12852K [0x69c80000, 0x6ac80000, 0x71c80000)
  object space 16384K, 78% used [0x69c80000,0x6a90d168,0x6ac80000)
Event: 3.211 GC heap after
Heap after GC invocations=5 (full 0):
 PSYoungGen      total 34304K, used 2557K [0x9adc0000, 0xa0b40000, 0xaf680000)
  eden space 31744K, 0% used [0x9adc0000,0x9adc0000,0x9ccc0000)
  from space 2560K, 99% used [0x9ccc0000,0x9cf3f470,0x9cf40000)
  to   space 16128K, 0% used [0x9fb80000,0x9fb80000,0xa0b40000)
 ParOldGen       total 41984K, used 30184K [0x71c80000, 0x74580000, 0x9adc0000)
  object space 41984K, 71% used [0x71c80000,0x739fa378,0x74580000)
 PSPermGen       total 16384K, used 12852K [0x69c80000, 0x6ac80000, 0x71c80000)
  object space 16384K, 78% used [0x69c80000,0x6a90d168,0x6ac80000)
}
Event: 3.211 GC heap before
{Heap before GC invocations=6 (full 1):
 PSYoungGen      total 34304K, used 2557K [0x9adc0000, 0xa0b40000, 0xaf680000)
  eden space 31744K, 0% used [0x9adc0000,0x9adc0000,0x9ccc0000)
  from space 2560K, 99% used [0x9ccc0000,0x9cf3f470,0x9cf40000)
  to   space 16128K, 0% used [0x9fb80000,0x9fb80000,0xa0b40000)
 ParOldGen       total 41984K, used 30184K [0x71c80000, 0x74580000, 0x9adc0000)
  object space 41984K, 71% used [0x71c80000,0x739fa378,0x74580000)
 PSPermGen       total 16384K, used 12852K [0x69c80000, 0x6ac80000, 0x71c80000)
  object space 16384K, 78% used [0x69c80000,0x6a90d168,0x6ac80000)
Event: 3.313 GC heap after
Heap after GC invocations=6 (full 1):
 PSYoungGen      total 34304K, used 0K [0x9adc0000, 0xa0b40000, 0xaf680000)
  eden space 31744K, 0% used [0x9adc0000,0x9adc0000,0x9ccc0000)
  from space 2560K, 0% used [0x9ccc0000,0x9ccc0000,0x9cf40000)
  to   space 16128K, 0% used [0x9fb80000,0x9fb80000,0xa0b40000)
 ParOldGen       total 40704K, used 8155K [0x71c80000, 0x74440000, 0x9adc0000)
  object space 40704K, 20% used [0x71c80000,0x72476f70,0x74440000)
 PSPermGen       total 25856K, used 12848K [0x69c80000, 0x6b5c0000, 0x71c80000)
  object space 25856K, 49% used [0x69c80000,0x6a90c208,0x6b5c0000)
}
Event: 3.724 GC heap before
{Heap before GC invocations=7 (full 1):
 PSYoungGen      total 34304K, used 31744K [0x9adc0000, 0xa0b40000, 0xaf680000)
  eden space 31744K, 100% used [0x9adc0000,0x9ccc0000,0x9ccc0000)
  from space 2560K, 0% used [0x9ccc0000,0x9ccc0000,0x9cf40000)
  to   space 16128K, 0% used [0x9fb80000,0x9fb80000,0xa0b40000)
 ParOldGen       total 40704K, used 8155K [0x71c80000, 0x74440000, 0x9adc0000)
  object space 40704K, 20% used [0x71c80000,0x72476f70,0x74440000)
 PSPermGen       total 25856K, used 12892K [0x69c80000, 0x6b5c0000, 0x71c80000)
  object space 25856K, 49% used [0x69c80000,0x6a9171d0,0x6b5c0000)
Event: 3.743 GC heap after
Heap after GC invocations=7 (full 1):
 PSYoungGen      total 65280K, used 4469K [0x9adc0000, 0xa0400000, 0xaf680000)
  eden space 56576K, 0% used [0x9adc0000,0x9adc0000,0x9e500000)
  from space 8704K, 51% used [0x9fb80000,0x9ffdd4e0,0xa0400000)
  to   space 15872K, 0% used [0x9e500000,0x9e500000,0x9f480000)
 ParOldGen       total 40704K, used 8155K [0x71c80000, 0x74440000, 0x9adc0000)
  object space 40704K, 20% used [0x71c80000,0x72476f70,0x74440000)
 PSPermGen       total 25856K, used 12892K [0x69c80000, 0x6b5c0000, 0x71c80000)
  object space 25856K, 49% used [0x69c80000,0x6a9171d0,0x6b5c0000)
}
Event: 4.390 GC heap before
{Heap before GC invocations=8 (full 1):
 PSYoungGen      total 65280K, used 61045K [0x9adc0000, 0xa0400000, 0xaf680000)
  eden space 56576K, 100% used [0x9adc0000,0x9e500000,0x9e500000)
  from space 8704K, 51% used [0x9fb80000,0x9ffdd4e0,0xa0400000)
  to   space 15872K, 0% used [0x9e500000,0x9e500000,0x9f480000)
 ParOldGen       total 40704K, used 8155K [0x71c80000, 0x74440000, 0x9adc0000)
  object space 40704K, 20% used [0x71c80000,0x72476f70,0x74440000)
 PSPermGen       total 25856K, used 12936K [0x69c80000, 0x6b5c0000, 0x71c80000)
  object space 25856K, 50% used [0x69c80000,0x6a922218,0x6b5c0000)
Event: 4.408 GC heap after
Heap after GC invocations=8 (full 1):
 PSYoungGen      total 72448K, used 9905K [0x9adc0000, 0xa2cc0000, 0xaf680000)
  eden space 56576K, 0% used [0x9adc0000,0x9adc0000,0x9e500000)
  from space 15872K, 62% used [0x9e500000,0x9eeac7b0,0x9f480000)
  to   space 15872K, 0% used [0xa1d40000,0xa1d40000,0xa2cc0000)
 ParOldGen       total 40704K, used 8155K [0x71c80000, 0x74440000, 0x9adc0000)
  object space 40704K, 20% used [0x71c80000,0x72476f70,0x74440000)
 PSPermGen       total 25856K, used 12936K [0x69c80000, 0x6b5c0000, 0x71c80000)
  object space 25856K, 50% used [0x69c80000,0x6a922218,0x6b5c0000)
}

