# JRE version: OpenJDK Runtime Environment (7.0_111-b01) (build 1.7.0_111-b01)
# Java VM: OpenJDK Server VM (24.111-b01 mixed mode linux-x86 )
Heap
 PSYoungGen      total 74240K, used 70224K [0x9ae00000, 0xa0200000, 0xaf6c0000)
  eden space 63488K, 99% used [0x9ae00000,0x9eb61f20,0x9ec00000)
  from space 10752K, 68% used [0x9f780000,0x9feb22e0,0xa0200000)
  to   space 11264K, 0% used [0x9ec00000,0x9ec00000,0x9f700000)
 ParOldGen       total 41984K, used 19758K [0x71cc0000, 0x745c0000, 0x9ae00000)
  object space 41984K, 47% used [0x71cc0000,0x7300ba48,0x745c0000)
 PSPermGen       total 16384K, used 13923K [0x69cc0000, 0x6acc0000, 0x71cc0000)
  object space 16384K, 84% used [0x69cc0000,0x6aa58f98,0x6acc0000)
GC Heap History (10 events):
Event: 2.455 GC heap before
{Heap before GC invocations=2 (full 0):
 PSYoungGen      total 18432K, used 18418K [0x9ae00000, 0x9c280000, 0xaf6c0000)
  eden space 15872K, 100% used [0x9ae00000,0x9bd80000,0x9bd80000)
  from space 2560K, 99% used [0x9bd80000,0x9bffc850,0x9c000000)
  to   space 2560K, 0% used [0x9c000000,0x9c000000,0x9c280000)
 ParOldGen       total 41984K, used 585K [0x71cc0000, 0x745c0000, 0x9ae00000)
  object space 41984K, 1% used [0x71cc0000,0x71d524c8,0x745c0000)
 PSPermGen       total 16384K, used 12158K [0x69cc0000, 0x6acc0000, 0x71cc0000)
  object space 16384K, 74% used [0x69cc0000,0x6a89f808,0x6acc0000)
Event: 2.469 GC heap after
Heap after GC invocations=2 (full 0):
 PSYoungGen      total 18432K, used 2544K [0x9ae00000, 0x9d200000, 0xaf6c0000)
  eden space 15872K, 0% used [0x9ae00000,0x9ae00000,0x9bd80000)
  from space 2560K, 99% used [0x9c000000,0x9c27c080,0x9c280000)
  to   space 2560K, 0% used [0x9bd80000,0x9bd80000,0x9c000000)
 ParOldGen       total 41984K, used 2733K [0x71cc0000, 0x745c0000, 0x9ae00000)
  object space 41984K, 6% used [0x71cc0000,0x71f6b540,0x745c0000)
 PSPermGen       total 16384K, used 12158K [0x69cc0000, 0x6acc0000, 0x71cc0000)
  object space 16384K, 74% used [0x69cc0000,0x6a89f808,0x6acc0000)
}
Event: 2.614 GC heap before
{Heap before GC invocations=3 (full 0):
 PSYoungGen      total 18432K, used 18416K [0x9ae00000, 0x9d200000, 0xaf6c0000)
  eden space 15872K, 100% used [0x9ae00000,0x9bd80000,0x9bd80000)
  from space 2560K, 99% used [0x9c000000,0x9c27c080,0x9c280000)
  to   space 2560K, 0% used [0x9bd80000,0x9bd80000,0x9c000000)
 ParOldGen       total 41984K, used 2733K [0x71cc0000, 0x745c0000, 0x9ae00000)
  object space 41984K, 6% used [0x71cc0000,0x71f6b540,0x745c0000)
 PSPermGen       total 16384K, used 12172K [0x69cc0000, 0x6acc0000, 0x71cc0000)
  object space 16384K, 74% used [0x69cc0000,0x6a8a3040,0x6acc0000)
Event: 2.637 GC heap after
Heap after GC invocations=3 (full 0):
 PSYoungGen      total 18432K, used 2544K [0x9ae00000, 0x9d200000, 0xaf6c0000)
  eden space 15872K, 0% used [0x9ae00000,0x9ae00000,0x9bd80000)
  from space 2560K, 99% used [0x9bd80000,0x9bffc048,0x9c000000)
  to   space 2560K, 0% used [0x9cf80000,0x9cf80000,0x9d200000)
 ParOldGen       total 41984K, used 7404K [0x71cc0000, 0x745c0000, 0x9ae00000)
  object space 41984K, 17% used [0x71cc0000,0x723fb320,0x745c0000)
 PSPermGen       total 16384K, used 12172K [0x69cc0000, 0x6acc0000, 0x71cc0000)
  object space 16384K, 74% used [0x69cc0000,0x6a8a3040,0x6acc0000)
}
Event: 2.768 GC heap before
{Heap before GC invocations=4 (full 0):
 PSYoungGen      total 18432K, used 18416K [0x9ae00000, 0x9d200000, 0xaf6c0000)
  eden space 15872K, 100% used [0x9ae00000,0x9bd80000,0x9bd80000)
  from space 2560K, 99% used [0x9bd80000,0x9bffc048,0x9c000000)
  to   space 2560K, 0% used [0x9cf80000,0x9cf80000,0x9d200000)
 ParOldGen       total 41984K, used 7404K [0x71cc0000, 0x745c0000, 0x9ae00000)
  object space 41984K, 17% used [0x71cc0000,0x723fb320,0x745c0000)
 PSPermGen       total 16384K, used 12172K [0x69cc0000, 0x6acc0000, 0x71cc0000)
  object space 16384K, 74% used [0x69cc0000,0x6a8a3330,0x6acc0000)
Event: 2.791 GC heap after
Heap after GC invocations=4 (full 0):
 PSYoungGen      total 34304K, used 2555K [0x9ae00000, 0x9d200000, 0xaf6c0000)
  eden space 31744K, 0% used [0x9ae00000,0x9ae00000,0x9cd00000)
  from space 2560K, 99% used [0x9cf80000,0x9d1fec38,0x9d200000)
  to   space 2560K, 0% used [0x9cd00000,0x9cd00000,0x9cf80000)
 ParOldGen       total 41984K, used 11810K [0x71cc0000, 0x745c0000, 0x9ae00000)
  object space 41984K, 28% used [0x71cc0000,0x72848970,0x745c0000)
 PSPermGen       total 16384K, used 12172K [0x69cc0000, 0x6acc0000, 0x71cc0000)
  object space 16384K, 74% used [0x69cc0000,0x6a8a3330,0x6acc0000)
}
Event: 3.175 GC heap before
{Heap before GC invocations=5 (full 0):
 PSYoungGen      total 34304K, used 34299K [0x9ae00000, 0x9d200000, 0xaf6c0000)
  eden space 31744K, 100% used [0x9ae00000,0x9cd00000,0x9cd00000)
  from space 2560K, 99% used [0x9cf80000,0x9d1fec38,0x9d200000)
  to   space 2560K, 0% used [0x9cd00000,0x9cd00000,0x9cf80000)
 ParOldGen       total 41984K, used 11810K [0x71cc0000, 0x745c0000, 0x9ae00000)
  object space 41984K, 28% used [0x71cc0000,0x72848970,0x745c0000)
 PSPermGen       total 16384K, used 12852K [0x69cc0000, 0x6acc0000, 0x71cc0000)
  object space 16384K, 78% used [0x69cc0000,0x6a94d168,0x6acc0000)
Event: 3.215 GC heap after
Heap after GC invocations=5 (full 0):
 PSYoungGen      total 34304K, used 2553K [0x9ae00000, 0xa0300000, 0xaf6c0000)
  eden space 31744K, 0% used [0x9ae00000,0x9ae00000,0x9cd00000)
  from space 2560K, 99% used [0x9cd00000,0x9cf7e7a0,0x9cf80000)
  to   space 11776K, 0% used [0x9f780000,0x9f780000,0xa0300000)
 ParOldGen       total 41984K, used 19758K [0x71cc0000, 0x745c0000, 0x9ae00000)
  object space 41984K, 47% used [0x71cc0000,0x7300ba48,0x745c0000)
 PSPermGen       total 16384K, used 12852K [0x69cc0000, 0x6acc0000, 0x71cc0000)
  object space 16384K, 78% used [0x69cc0000,0x6a94d168,0x6acc0000)
}
Event: 3.651 GC heap before
{Heap before GC invocations=6 (full 0):
 PSYoungGen      total 34304K, used 34297K [0x9ae00000, 0xa0300000, 0xaf6c0000)
  eden space 31744K, 100% used [0x9ae00000,0x9cd00000,0x9cd00000)
  from space 2560K, 99% used [0x9cd00000,0x9cf7e7a0,0x9cf80000)
  to   space 11776K, 0% used [0x9f780000,0x9f780000,0xa0300000)
 ParOldGen       total 41984K, used 19758K [0x71cc0000, 0x745c0000, 0x9ae00000)
  object space 41984K, 47% used [0x71cc0000,0x7300ba48,0x745c0000)
 PSPermGen       total 16384K, used 12895K [0x69cc0000, 0x6acc0000, 0x71cc0000)
  object space 16384K, 78% used [0x69cc0000,0x6a957d98,0x6acc0000)
Event: 3.674 GC heap after
Heap after GC invocations=6 (full 0):
 PSYoungGen      total 74240K, used 7368K [0x9ae00000, 0xa0200000, 0xaf6c0000)
  eden space 63488K, 0% used [0x9ae00000,0x9ae00000,0x9ec00000)
  from space 10752K, 68% used [0x9f780000,0x9feb22e0,0xa0200000)
  to   space 11264K, 0% used [0x9ec00000,0x9ec00000,0x9f700000)
 ParOldGen       total 41984K, used 19758K [0x71cc0000, 0x745c0000, 0x9ae00000)
  object space 41984K, 47% used [0x71cc0000,0x7300ba48,0x745c0000)
 PSPermGen       total 16384K, used 12895K [0x69cc0000, 0x6acc0000, 0x71cc0000)
  object space 16384K, 78% used [0x69cc0000,0x6a957d98,0x6acc0000)
}

