# JRE version: OpenJDK Runtime Environment (7.0_111-b01) (build 1.7.0_111-b01)
# Java VM: OpenJDK Server VM (24.111-b01 mixed mode linux-x86 )
Heap
 PSYoungGen      total 75520K, used 17686K [0x9ae80000, 0xa4780000, 0xaf740000)
  eden space 63488K, 8% used [0x9ae80000,0x9b407fc8,0x9ec80000)
  from space 12032K, 99% used [0x9ec80000,0x9f83db40,0x9f840000)
  to   space 14848K, 0% used [0xa3900000,0xa3900000,0xa4780000)
 ParOldGen       total 41984K, used 24104K [0x71d40000, 0x74640000, 0x9ae80000)
  object space 41984K, 57% used [0x71d40000,0x734ca158,0x74640000)
 PSPermGen       total 16384K, used 14047K [0x69d40000, 0x6ad40000, 0x71d40000)
  object space 16384K, 85% used [0x69d40000,0x6aaf7c40,0x6ad40000)
GC Heap History (10 events):
Event: 2.563 GC heap before
{Heap before GC invocations=3 (full 0):
 PSYoungGen      total 18432K, used 18424K [0x9ae80000, 0x9d280000, 0xaf740000)
  eden space 15872K, 100% used [0x9ae80000,0x9be00000,0x9be00000)
  from space 2560K, 99% used [0x9c080000,0x9c2fe080,0x9c300000)
  to   space 2560K, 0% used [0x9be00000,0x9be00000,0x9c080000)
 ParOldGen       total 41984K, used 2724K [0x71d40000, 0x74640000, 0x9ae80000)
  object space 41984K, 6% used [0x71d40000,0x71fe9218,0x74640000)
 PSPermGen       total 16384K, used 12172K [0x69d40000, 0x6ad40000, 0x71d40000)
  object space 16384K, 74% used [0x69d40000,0x6a923030,0x6ad40000)
Event: 2.586 GC heap after
Heap after GC invocations=3 (full 0):
 PSYoungGen      total 18432K, used 2556K [0x9ae80000, 0x9d280000, 0xaf740000)
  eden space 15872K, 0% used [0x9ae80000,0x9ae80000,0x9be00000)
  from space 2560K, 99% used [0x9be00000,0x9c07f3b0,0x9c080000)
  to   space 2560K, 0% used [0x9d000000,0x9d000000,0x9d280000)
 ParOldGen       total 41984K, used 7380K [0x71d40000, 0x74640000, 0x9ae80000)
  object space 41984K, 17% used [0x71d40000,0x724751d0,0x74640000)
 PSPermGen       total 16384K, used 12172K [0x69d40000, 0x6ad40000, 0x71d40000)
  object space 16384K, 74% used [0x69d40000,0x6a923030,0x6ad40000)
}
Event: 2.687 GC heap before
{Heap before GC invocations=4 (full 0):
 PSYoungGen      total 18432K, used 18428K [0x9ae80000, 0x9d280000, 0xaf740000)
  eden space 15872K, 100% used [0x9ae80000,0x9be00000,0x9be00000)
  from space 2560K, 99% used [0x9be00000,0x9c07f3b0,0x9c080000)
  to   space 2560K, 0% used [0x9d000000,0x9d000000,0x9d280000)
 ParOldGen       total 41984K, used 7380K [0x71d40000, 0x74640000, 0x9ae80000)
  object space 41984K, 17% used [0x71d40000,0x724751d0,0x74640000)
 PSPermGen       total 16384K, used 12172K [0x69d40000, 0x6ad40000, 0x71d40000)
  object space 16384K, 74% used [0x69d40000,0x6a923320,0x6ad40000)
Event: 2.733 GC heap after
Heap after GC invocations=4 (full 0):
 PSYoungGen      total 34304K, used 2556K [0x9ae80000, 0x9d280000, 0xaf740000)
  eden space 31744K, 0% used [0x9ae80000,0x9ae80000,0x9cd80000)
  from space 2560K, 99% used [0x9d000000,0x9d27f3a0,0x9d280000)
  to   space 2560K, 0% used [0x9cd80000,0x9cd80000,0x9d000000)
 ParOldGen       total 41984K, used 14343K [0x71d40000, 0x74640000, 0x9ae80000)
  object space 41984K, 34% used [0x71d40000,0x72b41fd0,0x74640000)
 PSPermGen       total 16384K, used 12172K [0x69d40000, 0x6ad40000, 0x71d40000)
  object space 16384K, 74% used [0x69d40000,0x6a923320,0x6ad40000)
}
Event: 3.083 GC heap before
{Heap before GC invocations=5 (full 0):
 PSYoungGen      total 34304K, used 34300K [0x9ae80000, 0x9d280000, 0xaf740000)
  eden space 31744K, 100% used [0x9ae80000,0x9cd80000,0x9cd80000)
  from space 2560K, 99% used [0x9d000000,0x9d27f3a0,0x9d280000)
  to   space 2560K, 0% used [0x9cd80000,0x9cd80000,0x9d000000)
 ParOldGen       total 41984K, used 14343K [0x71d40000, 0x74640000, 0x9ae80000)
  object space 41984K, 34% used [0x71d40000,0x72b41fd0,0x74640000)
 PSPermGen       total 16384K, used 12852K [0x69d40000, 0x6ad40000, 0x71d40000)
  object space 16384K, 78% used [0x69d40000,0x6a9cd158,0x6ad40000)
Event: 3.125 GC heap after
Heap after GC invocations=5 (full 0):
 PSYoungGen      total 34304K, used 2549K [0x9ae80000, 0xa0580000, 0xaf740000)
  eden space 31744K, 0% used [0x9ae80000,0x9ae80000,0x9cd80000)
  from space 2560K, 99% used [0x9cd80000,0x9cffd520,0x9d000000)
  to   space 12800K, 0% used [0x9f900000,0x9f900000,0xa0580000)
 ParOldGen       total 41984K, used 21880K [0x71d40000, 0x74640000, 0x9ae80000)
  object space 41984K, 52% used [0x71d40000,0x7329e280,0x74640000)
 PSPermGen       total 16384K, used 12852K [0x69d40000, 0x6ad40000, 0x71d40000)
  object space 16384K, 78% used [0x69d40000,0x6a9cd158,0x6ad40000)
}
Event: 3.553 GC heap before
{Heap before GC invocations=6 (full 0):
 PSYoungGen      total 34304K, used 34293K [0x9ae80000, 0xa0580000, 0xaf740000)
  eden space 31744K, 100% used [0x9ae80000,0x9cd80000,0x9cd80000)
  from space 2560K, 99% used [0x9cd80000,0x9cffd520,0x9d000000)
  to   space 12800K, 0% used [0x9f900000,0x9f900000,0xa0580000)
 ParOldGen       total 41984K, used 21880K [0x71d40000, 0x74640000, 0x9ae80000)
  object space 41984K, 52% used [0x71d40000,0x7329e280,0x74640000)
 PSPermGen       total 16384K, used 12896K [0x69d40000, 0x6ad40000, 0x71d40000)
  object space 16384K, 78% used [0x69d40000,0x6a9d80a8,0x6ad40000)
Event: 3.579 GC heap after
Heap after GC invocations=6 (full 0):
 PSYoungGen      total 74752K, used 7022K [0x9ae80000, 0xa0400000, 0xaf740000)
  eden space 63488K, 0% used [0x9ae80000,0x9ae80000,0x9ec80000)
  from space 11264K, 62% used [0x9f900000,0x9ffdbb70,0xa0400000)
  to   space 12032K, 0% used [0x9ec80000,0x9ec80000,0x9f840000)
 ParOldGen       total 41984K, used 21880K [0x71d40000, 0x74640000, 0x9ae80000)
  object space 41984K, 52% used [0x71d40000,0x7329e280,0x74640000)
 PSPermGen       total 16384K, used 12896K [0x69d40000, 0x6ad40000, 0x71d40000)
  object space 16384K, 78% used [0x69d40000,0x6a9d80a8,0x6ad40000)
}
Event: 5.294 GC heap before
{Heap before GC invocations=7 (full 0):
 PSYoungGen      total 74752K, used 70510K [0x9ae80000, 0xa0400000, 0xaf740000)
  eden space 63488K, 100% used [0x9ae80000,0x9ec80000,0x9ec80000)
  from space 11264K, 62% used [0x9f900000,0x9ffdbb70,0xa0400000)
  to   space 12032K, 0% used [0x9ec80000,0x9ec80000,0x9f840000)
 ParOldGen       total 41984K, used 21880K [0x71d40000, 0x74640000, 0x9ae80000)
  object space 41984K, 52% used [0x71d40000,0x7329e280,0x74640000)
 PSPermGen       total 16384K, used 13972K [0x69d40000, 0x6ad40000, 0x71d40000)
  object space 16384K, 85% used [0x69d40000,0x6aae5198,0x6ad40000)
Event: 5.351 GC heap after
Heap after GC invocations=7 (full 0):
 PSYoungGen      total 75520K, used 12022K [0x9ae80000, 0xa4780000, 0xaf740000)
  eden space 63488K, 0% used [0x9ae80000,0x9ae80000,0x9ec80000)
  from space 12032K, 99% used [0x9ec80000,0x9f83db40,0x9f840000)
  to   space 14848K, 0% used [0xa3900000,0xa3900000,0xa4780000)
 ParOldGen       total 41984K, used 24104K [0x71d40000, 0x74640000, 0x9ae80000)
  object space 41984K, 57% used [0x71d40000,0x734ca158,0x74640000)
 PSPermGen       total 16384K, used 13972K [0x69d40000, 0x6ad40000, 0x71d40000)
  object space 16384K, 85% used [0x69d40000,0x6aae5198,0x6ad40000)
}

