# JRE version: OpenJDK Runtime Environment (7.0_111-b01) (build 1.7.0_111-b01)
# Java VM: OpenJDK Server VM (24.111-b01 mixed mode linux-x86 )
Heap
 PSYoungGen      total 71680K, used 69356K [0x9ae40000, 0x9fe40000, 0xaf700000)
  eden space 62976K, 98% used [0x9ae40000,0x9eac6d78,0x9ebc0000)
  from space 8704K, 84% used [0x9f4c0000,0x9fbf4630,0x9fd40000)
  to   space 9216K, 0% used [0x9ebc0000,0x9ebc0000,0x9f4c0000)
 ParOldGen       total 41984K, used 15566K [0x71d00000, 0x74600000, 0x9ae40000)
  object space 41984K, 37% used [0x71d00000,0x72c33820,0x74600000)
 PSPermGen       total 16384K, used 13864K [0x69d00000, 0x6ad00000, 0x71d00000)
  object space 16384K, 84% used [0x69d00000,0x6aa8a2f8,0x6ad00000)
GC Heap History (10 events):
Event: 2.478 GC heap before
{Heap before GC invocations=2 (full 0):
 PSYoungGen      total 18432K, used 18418K [0x9ae40000, 0x9c2c0000, 0xaf700000)
  eden space 15872K, 100% used [0x9ae40000,0x9bdc0000,0x9bdc0000)
  from space 2560K, 99% used [0x9bdc0000,0x9c03c850,0x9c040000)
  to   space 2560K, 0% used [0x9c040000,0x9c040000,0x9c2c0000)
 ParOldGen       total 41984K, used 574K [0x71d00000, 0x74600000, 0x9ae40000)
  object space 41984K, 1% used [0x71d00000,0x71d8fa20,0x74600000)
 PSPermGen       total 16384K, used 12158K [0x69d00000, 0x6ad00000, 0x71d00000)
  object space 16384K, 74% used [0x69d00000,0x6a8df808,0x6ad00000)
Event: 2.497 GC heap after
Heap after GC invocations=2 (full 0):
 PSYoungGen      total 18432K, used 2544K [0x9ae40000, 0x9d240000, 0xaf700000)
  eden space 15872K, 0% used [0x9ae40000,0x9ae40000,0x9bdc0000)
  from space 2560K, 99% used [0x9c040000,0x9c2bc050,0x9c2c0000)
  to   space 2560K, 0% used [0x9bdc0000,0x9bdc0000,0x9c040000)
 ParOldGen       total 41984K, used 2725K [0x71d00000, 0x74600000, 0x9ae40000)
  object space 41984K, 6% used [0x71d00000,0x71fa9420,0x74600000)
 PSPermGen       total 16384K, used 12158K [0x69d00000, 0x6ad00000, 0x71d00000)
  object space 16384K, 74% used [0x69d00000,0x6a8df808,0x6ad00000)
}
Event: 2.702 GC heap before
{Heap before GC invocations=3 (full 0):
 PSYoungGen      total 18432K, used 18416K [0x9ae40000, 0x9d240000, 0xaf700000)
  eden space 15872K, 100% used [0x9ae40000,0x9bdc0000,0x9bdc0000)
  from space 2560K, 99% used [0x9c040000,0x9c2bc050,0x9c2c0000)
  to   space 2560K, 0% used [0x9bdc0000,0x9bdc0000,0x9c040000)
 ParOldGen       total 41984K, used 2725K [0x71d00000, 0x74600000, 0x9ae40000)
  object space 41984K, 6% used [0x71d00000,0x71fa9420,0x74600000)
 PSPermGen       total 16384K, used 12172K [0x69d00000, 0x6ad00000, 0x71d00000)
  object space 16384K, 74% used [0x69d00000,0x6a8e3040,0x6ad00000)
Event: 2.726 GC heap after
Heap after GC invocations=3 (full 0):
 PSYoungGen      total 18432K, used 2545K [0x9ae40000, 0x9d240000, 0xaf700000)
  eden space 15872K, 0% used [0x9ae40000,0x9ae40000,0x9bdc0000)
  from space 2560K, 99% used [0x9bdc0000,0x9c03c708,0x9c040000)
  to   space 2560K, 0% used [0x9cfc0000,0x9cfc0000,0x9d240000)
 ParOldGen       total 41984K, used 7398K [0x71d00000, 0x74600000, 0x9ae40000)
  object space 41984K, 17% used [0x71d00000,0x724398d8,0x74600000)
 PSPermGen       total 16384K, used 12172K [0x69d00000, 0x6ad00000, 0x71d00000)
  object space 16384K, 74% used [0x69d00000,0x6a8e3040,0x6ad00000)
}
Event: 2.810 GC heap before
{Heap before GC invocations=4 (full 0):
 PSYoungGen      total 18432K, used 18417K [0x9ae40000, 0x9d240000, 0xaf700000)
  eden space 15872K, 100% used [0x9ae40000,0x9bdc0000,0x9bdc0000)
  from space 2560K, 99% used [0x9bdc0000,0x9c03c708,0x9c040000)
  to   space 2560K, 0% used [0x9cfc0000,0x9cfc0000,0x9d240000)
 ParOldGen       total 41984K, used 7398K [0x71d00000, 0x74600000, 0x9ae40000)
  object space 41984K, 17% used [0x71d00000,0x724398d8,0x74600000)
 PSPermGen       total 16384K, used 12172K [0x69d00000, 0x6ad00000, 0x71d00000)
  object space 16384K, 74% used [0x69d00000,0x6a8e3330,0x6ad00000)
Event: 2.831 GC heap after
Heap after GC invocations=4 (full 0):
 PSYoungGen      total 34304K, used 2550K [0x9ae40000, 0x9d240000, 0xaf700000)
  eden space 31744K, 0% used [0x9ae40000,0x9ae40000,0x9cd40000)
  from space 2560K, 99% used [0x9cfc0000,0x9d23d908,0x9d240000)
  to   space 2560K, 0% used [0x9cd40000,0x9cd40000,0x9cfc0000)
 ParOldGen       total 41984K, used 12176K [0x71d00000, 0x74600000, 0x9ae40000)
  object space 41984K, 29% used [0x71d00000,0x728e4260,0x74600000)
 PSPermGen       total 16384K, used 12172K [0x69d00000, 0x6ad00000, 0x71d00000)
  object space 16384K, 74% used [0x69d00000,0x6a8e3330,0x6ad00000)
}
Event: 3.253 GC heap before
{Heap before GC invocations=5 (full 0):
 PSYoungGen      total 34304K, used 34294K [0x9ae40000, 0x9d240000, 0xaf700000)
  eden space 31744K, 100% used [0x9ae40000,0x9cd40000,0x9cd40000)
  from space 2560K, 99% used [0x9cfc0000,0x9d23d908,0x9d240000)
  to   space 2560K, 0% used [0x9cd40000,0x9cd40000,0x9cfc0000)
 ParOldGen       total 41984K, used 12176K [0x71d00000, 0x74600000, 0x9ae40000)
  object space 41984K, 29% used [0x71d00000,0x728e4260,0x74600000)
 PSPermGen       total 16384K, used 12852K [0x69d00000, 0x6ad00000, 0x71d00000)
  object space 16384K, 78% used [0x69d00000,0x6a98d178,0x6ad00000)
Event: 3.293 GC heap after
Heap after GC invocations=5 (full 0):
 PSYoungGen      total 34304K, used 2548K [0x9ae40000, 0x9fd40000, 0xaf700000)
  eden space 31744K, 0% used [0x9ae40000,0x9ae40000,0x9cd40000)
  from space 2560K, 99% used [0x9cd40000,0x9cfbd1a0,0x9cfc0000)
  to   space 8704K, 0% used [0x9f4c0000,0x9f4c0000,0x9fd40000)
 ParOldGen       total 41984K, used 15566K [0x71d00000, 0x74600000, 0x9ae40000)
  object space 41984K, 37% used [0x71d00000,0x72c33820,0x74600000)
 PSPermGen       total 16384K, used 12852K [0x69d00000, 0x6ad00000, 0x71d00000)
  object space 16384K, 78% used [0x69d00000,0x6a98d178,0x6ad00000)
}
Event: 3.748 GC heap before
{Heap before GC invocations=6 (full 0):
 PSYoungGen      total 34304K, used 34292K [0x9ae40000, 0x9fd40000, 0xaf700000)
  eden space 31744K, 100% used [0x9ae40000,0x9cd40000,0x9cd40000)
  from space 2560K, 99% used [0x9cd40000,0x9cfbd1a0,0x9cfc0000)
  to   space 8704K, 0% used [0x9f4c0000,0x9f4c0000,0x9fd40000)
 ParOldGen       total 41984K, used 15566K [0x71d00000, 0x74600000, 0x9ae40000)
  object space 41984K, 37% used [0x71d00000,0x72c33820,0x74600000)
 PSPermGen       total 16384K, used 12895K [0x69d00000, 0x6ad00000, 0x71d00000)
  object space 16384K, 78% used [0x69d00000,0x6a997da8,0x6ad00000)
Event: 3.771 GC heap after
Heap after GC invocations=6 (full 0):
 PSYoungGen      total 71680K, used 7377K [0x9ae40000, 0x9fe40000, 0xaf700000)
  eden space 62976K, 0% used [0x9ae40000,0x9ae40000,0x9ebc0000)
  from space 8704K, 84% used [0x9f4c0000,0x9fbf4630,0x9fd40000)
  to   space 9216K, 0% used [0x9ebc0000,0x9ebc0000,0x9f4c0000)
 ParOldGen       total 41984K, used 15566K [0x71d00000, 0x74600000, 0x9ae40000)
  object space 41984K, 37% used [0x71d00000,0x72c33820,0x74600000)
 PSPermGen       total 16384K, used 12895K [0x69d00000, 0x6ad00000, 0x71d00000)
  object space 16384K, 78% used [0x69d00000,0x6a997da8,0x6ad00000)
}

