# JRE version: OpenJDK Runtime Environment (8.0_91-b14) (build 1.8.0_91-8u91-b14-3ubuntu1~16.04.1-b14)
# Java VM: OpenJDK 64-Bit Server VM (25.91-b14 mixed mode linux-amd64 compressed oops)
Heap:
 PSYoungGen      total 112640K, used 38834K [0x00000000e1500000, 0x00000000e9200000, 0x0000000100000000)
  eden space 98304K, 31% used [0x00000000e1500000,0x00000000e32f3590,0x00000000e7500000)
  from space 14336K, 56% used [0x00000000e8400000,0x00000000e8bf9300,0x00000000e9200000)
  to   space 14848K, 0% used [0x00000000e7500000,0x00000000e7500000,0x00000000e8380000)
 ParOldGen       total 64512K, used 30580K [0x00000000a3e00000, 0x00000000a7d00000, 0x00000000e1500000)
  object space 64512K, 47% used [0x00000000a3e00000,0x00000000a5bdd388,0x00000000a7d00000)
 Metaspace       used 20513K, capacity 20722K, committed 21120K, reserved 1069056K
  class space    used 2266K, capacity 2354K, committed 2432K, reserved 1048576K
GC Heap History (10 events):
Event: 5.321 GC heap before
{Heap before GC invocations=2 (full 0):
 PSYoungGen      total 28160K, used 28128K [0x00000000e1500000, 0x00000000e3400000, 0x0000000100000000)
  eden space 24576K, 100% used [0x00000000e1500000,0x00000000e2d00000,0x00000000e2d00000)
  from space 3584K, 99% used [0x00000000e2d00000,0x00000000e3078040,0x00000000e3080000)
  to   space 3584K, 0% used [0x00000000e3080000,0x00000000e3080000,0x00000000e3400000)
 ParOldGen       total 64512K, used 2185K [0x00000000a3e00000, 0x00000000a7d00000, 0x00000000e1500000)
  object space 64512K, 3% used [0x00000000a3e00000,0x00000000a40225c8,0x00000000a7d00000)
 Metaspace       used 17141K, capacity 17322K, committed 17408K, reserved 1064960K
  class space    used 1953K, capacity 2022K, committed 2048K, reserved 1048576K
Event: 5.334 GC heap after
Heap after GC invocations=2 (full 0):
 PSYoungGen      total 28160K, used 3580K [0x00000000e1500000, 0x00000000e4c00000, 0x0000000100000000)
  eden space 24576K, 0% used [0x00000000e1500000,0x00000000e1500000,0x00000000e2d00000)
  from space 3584K, 99% used [0x00000000e3080000,0x00000000e33ff340,0x00000000e3400000)
  to   space 3584K, 0% used [0x00000000e2d00000,0x00000000e2d00000,0x00000000e3080000)
 ParOldGen       total 64512K, used 5442K [0x00000000a3e00000, 0x00000000a7d00000, 0x00000000e1500000)
  object space 64512K, 8% used [0x00000000a3e00000,0x00000000a4350b20,0x00000000a7d00000)
 Metaspace       used 17141K, capacity 17322K, committed 17408K, reserved 1064960K
  class space    used 1953K, capacity 2022K, committed 2048K, reserved 1048576K
}
Event: 5.416 GC heap before
{Heap before GC invocations=3 (full 0):
 PSYoungGen      total 28160K, used 28156K [0x00000000e1500000, 0x00000000e4c00000, 0x0000000100000000)
  eden space 24576K, 100% used [0x00000000e1500000,0x00000000e2d00000,0x00000000e2d00000)
  from space 3584K, 99% used [0x00000000e3080000,0x00000000e33ff340,0x00000000e3400000)
  to   space 3584K, 0% used [0x00000000e2d00000,0x00000000e2d00000,0x00000000e3080000)
 ParOldGen       total 64512K, used 5442K [0x00000000a3e00000, 0x00000000a7d00000, 0x00000000e1500000)
  object space 64512K, 8% used [0x00000000a3e00000,0x00000000a4350b20,0x00000000a7d00000)
 Metaspace       used 17155K, capacity 17322K, committed 17408K, reserved 1064960K
  class space    used 1953K, capacity 2022K, committed 2048K, reserved 1048576K
Event: 5.443 GC heap after
Heap after GC invocations=3 (full 0):
 PSYoungGen      total 28160K, used 3559K [0x00000000e1500000, 0x00000000e4c00000, 0x0000000100000000)
  eden space 24576K, 0% used [0x00000000e1500000,0x00000000e1500000,0x00000000e2d00000)
  from space 3584K, 99% used [0x00000000e2d00000,0x00000000e3079dd0,0x00000000e3080000)
  to   space 3584K, 0% used [0x00000000e4880000,0x00000000e4880000,0x00000000e4c00000)
 ParOldGen       total 64512K, used 14390K [0x00000000a3e00000, 0x00000000a7d00000, 0x00000000e1500000)
  object space 64512K, 22% used [0x00000000a3e00000,0x00000000a4c0dbc0,0x00000000a7d00000)
 Metaspace       used 17155K, capacity 17322K, committed 17408K, reserved 1064960K
  class space    used 1953K, capacity 2022K, committed 2048K, reserved 1048576K
}
Event: 5.817 GC heap before
{Heap before GC invocations=4 (full 0):
 PSYoungGen      total 28160K, used 28135K [0x00000000e1500000, 0x00000000e4c00000, 0x0000000100000000)
  eden space 24576K, 100% used [0x00000000e1500000,0x00000000e2d00000,0x00000000e2d00000)
  from space 3584K, 99% used [0x00000000e2d00000,0x00000000e3079dd0,0x00000000e3080000)
  to   space 3584K, 0% used [0x00000000e4880000,0x00000000e4880000,0x00000000e4c00000)
 ParOldGen       total 64512K, used 14390K [0x00000000a3e00000, 0x00000000a7d00000, 0x00000000e1500000)
  object space 64512K, 22% used [0x00000000a3e00000,0x00000000a4c0dbc0,0x00000000a7d00000)
 Metaspace       used 18060K, capacity 18260K, committed 18560K, reserved 1064960K
  class space    used 2062K, capacity 2157K, committed 2176K, reserved 1048576K
Event: 5.861 GC heap after
Heap after GC invocations=4 (full 0):
 PSYoungGen      total 52736K, used 3574K [0x00000000e1500000, 0x00000000e4c00000, 0x0000000100000000)
  eden space 49152K, 0% used [0x00000000e1500000,0x00000000e1500000,0x00000000e4500000)
  from space 3584K, 99% used [0x00000000e4880000,0x00000000e4bfdb20,0x00000000e4c00000)
  to   space 3584K, 0% used [0x00000000e4500000,0x00000000e4500000,0x00000000e4880000)
 ParOldGen       total 64512K, used 21230K [0x00000000a3e00000, 0x00000000a7d00000, 0x00000000e1500000)
  object space 64512K, 32% used [0x00000000a3e00000,0x00000000a52bb998,0x00000000a7d00000)
 Metaspace       used 18060K, capacity 18260K, committed 18560K, reserved 1064960K
  class space    used 2062K, capacity 2157K, committed 2176K, reserved 1048576K
}
Event: 6.148 GC heap before
{Heap before GC invocations=5 (full 0):
 PSYoungGen      total 52736K, used 52726K [0x00000000e1500000, 0x00000000e4c00000, 0x0000000100000000)
  eden space 49152K, 100% used [0x00000000e1500000,0x00000000e4500000,0x00000000e4500000)
  from space 3584K, 99% used [0x00000000e4880000,0x00000000e4bfdb20,0x00000000e4c00000)
  to   space 3584K, 0% used [0x00000000e4500000,0x00000000e4500000,0x00000000e4880000)
 ParOldGen       total 64512K, used 21230K [0x00000000a3e00000, 0x00000000a7d00000, 0x00000000e1500000)
  object space 64512K, 32% used [0x00000000a3e00000,0x00000000a52bb998,0x00000000a7d00000)
 Metaspace       used 18368K, capacity 18600K, committed 18816K, reserved 1067008K
  class space    used 2077K, capacity 2159K, committed 2176K, reserved 1048576K
Event: 6.183 GC heap after
Heap after GC invocations=5 (full 0):
 PSYoungGen      total 52736K, used 3565K [0x00000000e1500000, 0x00000000e9300000, 0x0000000100000000)
  eden space 49152K, 0% used [0x00000000e1500000,0x00000000e1500000,0x00000000e4500000)
  from space 3584K, 99% used [0x00000000e4500000,0x00000000e487b400,0x00000000e4880000)
  to   space 15360K, 0% used [0x00000000e8400000,0x00000000e8400000,0x00000000e9300000)
 ParOldGen       total 64512K, used 30580K [0x00000000a3e00000, 0x00000000a7d00000, 0x00000000e1500000)
  object space 64512K, 47% used [0x00000000a3e00000,0x00000000a5bdd388,0x00000000a7d00000)
 Metaspace       used 18368K, capacity 18600K, committed 18816K, reserved 1067008K
  class space    used 2077K, capacity 2159K, committed 2176K, reserved 1048576K
}
Event: 6.358 GC heap before
{Heap before GC invocations=6 (full 0):
 PSYoungGen      total 52736K, used 52717K [0x00000000e1500000, 0x00000000e9300000, 0x0000000100000000)
  eden space 49152K, 100% used [0x00000000e1500000,0x00000000e4500000,0x00000000e4500000)
  from space 3584K, 99% used [0x00000000e4500000,0x00000000e487b400,0x00000000e4880000)
  to   space 15360K, 0% used [0x00000000e8400000,0x00000000e8400000,0x00000000e9300000)
 ParOldGen       total 64512K, used 30580K [0x00000000a3e00000, 0x00000000a7d00000, 0x00000000e1500000)
  object space 64512K, 47% used [0x00000000a3e00000,0x00000000a5bdd388,0x00000000a7d00000)
 Metaspace       used 18501K, capacity 18732K, committed 19072K, reserved 1067008K
  class space    used 2077K, capacity 2159K, committed 2176K, reserved 1048576K
Event: 6.369 GC heap after
Heap after GC invocations=6 (full 0):
 PSYoungGen      total 112640K, used 8164K [0x00000000e1500000, 0x00000000e9200000, 0x0000000100000000)
  eden space 98304K, 0% used [0x00000000e1500000,0x00000000e1500000,0x00000000e7500000)
  from space 14336K, 56% used [0x00000000e8400000,0x00000000e8bf9300,0x00000000e9200000)
  to   space 14848K, 0% used [0x00000000e7500000,0x00000000e7500000,0x00000000e8380000)
 ParOldGen       total 64512K, used 30580K [0x00000000a3e00000, 0x00000000a7d00000, 0x00000000e1500000)
  object space 64512K, 47% used [0x00000000a3e00000,0x00000000a5bdd388,0x00000000a7d00000)
 Metaspace       used 18501K, capacity 18732K, committed 19072K, reserved 1067008K
  class space    used 2077K, capacity 2159K, committed 2176K, reserved 1048576K
}

