# JRE version: OpenJDK Runtime Environment (8.0_111-b14) (build 1.8.0_111-8u111-b14-2ubuntu0.16.04.2-b14)
# Java VM: OpenJDK 64-Bit Server VM (25.111-b14 mixed mode linux-amd64 compressed oops)
Heap:
 PSYoungGen      total 113152K, used 33242K [0x00000000e1500000, 0x00000000e9400000, 0x0000000100000000)
  eden space 98304K, 25% used [0x00000000e1500000,0x00000000e2d8e018,0x00000000e7500000)
  from space 14848K, 54% used [0x00000000e8580000,0x00000000e8d68bd0,0x00000000e9400000)
  to   space 15872K, 0% used [0x00000000e7500000,0x00000000e7500000,0x00000000e8480000)
 ParOldGen       total 64512K, used 32472K [0x00000000a3e00000, 0x00000000a7d00000, 0x00000000e1500000)
  object space 64512K, 50% used [0x00000000a3e00000,0x00000000a5db60f0,0x00000000a7d00000)
 Metaspace       used 20283K, capacity 20482K, committed 20864K, reserved 1067008K
  class space    used 2277K, capacity 2354K, committed 2432K, reserved 1048576K
GC Heap History (10 events):
Event: 1.037 GC heap before
{Heap before GC invocations=2 (full 0):
 PSYoungGen      total 28160K, used 28128K [0x00000000e1500000, 0x00000000e3400000, 0x0000000100000000)
  eden space 24576K, 100% used [0x00000000e1500000,0x00000000e2d00000,0x00000000e2d00000)
  from space 3584K, 99% used [0x00000000e2d00000,0x00000000e3078030,0x00000000e3080000)
  to   space 3584K, 0% used [0x00000000e3080000,0x00000000e3080000,0x00000000e3400000)
 ParOldGen       total 64512K, used 2168K [0x00000000a3e00000, 0x00000000a7d00000, 0x00000000e1500000)
  object space 64512K, 3% used [0x00000000a3e00000,0x00000000a401e1f0,0x00000000a7d00000)
 Metaspace       used 17237K, capacity 17434K, committed 17792K, reserved 1064960K
  class space    used 1979K, capacity 2054K, committed 2176K, reserved 1048576K
Event: 1.046 GC heap after
Heap after GC invocations=2 (full 0):
 PSYoungGen      total 28160K, used 3578K [0x00000000e1500000, 0x00000000e4c00000, 0x0000000100000000)
  eden space 24576K, 0% used [0x00000000e1500000,0x00000000e1500000,0x00000000e2d00000)
  from space 3584K, 99% used [0x00000000e3080000,0x00000000e33fea30,0x00000000e3400000)
  to   space 3584K, 0% used [0x00000000e2d00000,0x00000000e2d00000,0x00000000e3080000)
 ParOldGen       total 64512K, used 5405K [0x00000000a3e00000, 0x00000000a7d00000, 0x00000000e1500000)
  object space 64512K, 8% used [0x00000000a3e00000,0x00000000a43474c0,0x00000000a7d00000)
 Metaspace       used 17237K, capacity 17434K, committed 17792K, reserved 1064960K
  class space    used 1979K, capacity 2054K, committed 2176K, reserved 1048576K
}
Event: 1.133 GC heap before
{Heap before GC invocations=3 (full 0):
 PSYoungGen      total 28160K, used 28154K [0x00000000e1500000, 0x00000000e4c00000, 0x0000000100000000)
  eden space 24576K, 100% used [0x00000000e1500000,0x00000000e2d00000,0x00000000e2d00000)
  from space 3584K, 99% used [0x00000000e3080000,0x00000000e33fea30,0x00000000e3400000)
  to   space 3584K, 0% used [0x00000000e2d00000,0x00000000e2d00000,0x00000000e3080000)
 ParOldGen       total 64512K, used 5405K [0x00000000a3e00000, 0x00000000a7d00000, 0x00000000e1500000)
  object space 64512K, 8% used [0x00000000a3e00000,0x00000000a43474c0,0x00000000a7d00000)
 Metaspace       used 17253K, capacity 17434K, committed 17792K, reserved 1064960K
  class space    used 1981K, capacity 2054K, committed 2176K, reserved 1048576K
Event: 1.151 GC heap after
Heap after GC invocations=3 (full 0):
 PSYoungGen      total 28160K, used 3581K [0x00000000e1500000, 0x00000000e4c00000, 0x0000000100000000)
  eden space 24576K, 0% used [0x00000000e1500000,0x00000000e1500000,0x00000000e2d00000)
  from space 3584K, 99% used [0x00000000e2d00000,0x00000000e307f540,0x00000000e3080000)
  to   space 3584K, 0% used [0x00000000e4880000,0x00000000e4880000,0x00000000e4c00000)
 ParOldGen       total 64512K, used 14303K [0x00000000a3e00000, 0x00000000a7d00000, 0x00000000e1500000)
  object space 64512K, 22% used [0x00000000a3e00000,0x00000000a4bf7d38,0x00000000a7d00000)
 Metaspace       used 17253K, capacity 17434K, committed 17792K, reserved 1064960K
  class space    used 1981K, capacity 2054K, committed 2176K, reserved 1048576K
}
Event: 1.299 GC heap before
{Heap before GC invocations=4 (full 0):
 PSYoungGen      total 28160K, used 28157K [0x00000000e1500000, 0x00000000e4c00000, 0x0000000100000000)
  eden space 24576K, 100% used [0x00000000e1500000,0x00000000e2d00000,0x00000000e2d00000)
  from space 3584K, 99% used [0x00000000e2d00000,0x00000000e307f540,0x00000000e3080000)
  to   space 3584K, 0% used [0x00000000e4880000,0x00000000e4880000,0x00000000e4c00000)
 ParOldGen       total 64512K, used 14303K [0x00000000a3e00000, 0x00000000a7d00000, 0x00000000e1500000)
  object space 64512K, 22% used [0x00000000a3e00000,0x00000000a4bf7d38,0x00000000a7d00000)
 Metaspace       used 18152K, capacity 18372K, committed 18688K, reserved 1064960K
  class space    used 2089K, capacity 2189K, committed 2304K, reserved 1048576K
Event: 1.327 GC heap after
Heap after GC invocations=4 (full 0):
 PSYoungGen      total 52736K, used 3557K [0x00000000e1500000, 0x00000000e4c00000, 0x0000000100000000)
  eden space 49152K, 0% used [0x00000000e1500000,0x00000000e1500000,0x00000000e4500000)
  from space 3584K, 99% used [0x00000000e4880000,0x00000000e4bf96c0,0x00000000e4c00000)
  to   space 3584K, 0% used [0x00000000e4500000,0x00000000e4500000,0x00000000e4880000)
 ParOldGen       total 64512K, used 23263K [0x00000000a3e00000, 0x00000000a7d00000, 0x00000000e1500000)
  object space 64512K, 36% used [0x00000000a3e00000,0x00000000a54b7e38,0x00000000a7d00000)
 Metaspace       used 18152K, capacity 18372K, committed 18688K, reserved 1064960K
  class space    used 2089K, capacity 2189K, committed 2304K, reserved 1048576K
}
Event: 1.617 GC heap before
{Heap before GC invocations=5 (full 0):
 PSYoungGen      total 52736K, used 52709K [0x00000000e1500000, 0x00000000e4c00000, 0x0000000100000000)
  eden space 49152K, 100% used [0x00000000e1500000,0x00000000e4500000,0x00000000e4500000)
  from space 3584K, 99% used [0x00000000e4880000,0x00000000e4bf96c0,0x00000000e4c00000)
  to   space 3584K, 0% used [0x00000000e4500000,0x00000000e4500000,0x00000000e4880000)
 ParOldGen       total 64512K, used 23263K [0x00000000a3e00000, 0x00000000a7d00000, 0x00000000e1500000)
  object space 64512K, 36% used [0x00000000a3e00000,0x00000000a54b7e38,0x00000000a7d00000)
 Metaspace       used 18460K, capacity 18716K, committed 19200K, reserved 1067008K
  class space    used 2103K, capacity 2191K, committed 2304K, reserved 1048576K
Event: 1.642 GC heap after
Heap after GC invocations=5 (full 0):
 PSYoungGen      total 52736K, used 3579K [0x00000000e1500000, 0x00000000e9600000, 0x0000000100000000)
  eden space 49152K, 0% used [0x00000000e1500000,0x00000000e1500000,0x00000000e4500000)
  from space 3584K, 99% used [0x00000000e4500000,0x00000000e487ecc0,0x00000000e4880000)
  to   space 16896K, 0% used [0x00000000e8580000,0x00000000e8580000,0x00000000e9600000)
 ParOldGen       total 64512K, used 32472K [0x00000000a3e00000, 0x00000000a7d00000, 0x00000000e1500000)
  object space 64512K, 50% used [0x00000000a3e00000,0x00000000a5db60f0,0x00000000a7d00000)
 Metaspace       used 18460K, capacity 18716K, committed 19200K, reserved 1067008K
  class space    used 2103K, capacity 2191K, committed 2304K, reserved 1048576K
}
Event: 1.824 GC heap before
{Heap before GC invocations=6 (full 0):
 PSYoungGen      total 52736K, used 52731K [0x00000000e1500000, 0x00000000e9600000, 0x0000000100000000)
  eden space 49152K, 100% used [0x00000000e1500000,0x00000000e4500000,0x00000000e4500000)
  from space 3584K, 99% used [0x00000000e4500000,0x00000000e487ecc0,0x00000000e4880000)
  to   space 16896K, 0% used [0x00000000e8580000,0x00000000e8580000,0x00000000e9600000)
 ParOldGen       total 64512K, used 32472K [0x00000000a3e00000, 0x00000000a7d00000, 0x00000000e1500000)
  object space 64512K, 50% used [0x00000000a3e00000,0x00000000a5db60f0,0x00000000a7d00000)
 Metaspace       used 18664K, capacity 18908K, committed 19200K, reserved 1067008K
  class space    used 2103K, capacity 2191K, committed 2304K, reserved 1048576K
Event: 1.832 GC heap after
Heap after GC invocations=6 (full 0):
 PSYoungGen      total 113152K, used 8098K [0x00000000e1500000, 0x00000000e9400000, 0x0000000100000000)
  eden space 98304K, 0% used [0x00000000e1500000,0x00000000e1500000,0x00000000e7500000)
  from space 14848K, 54% used [0x00000000e8580000,0x00000000e8d68bd0,0x00000000e9400000)
  to   space 15872K, 0% used [0x00000000e7500000,0x00000000e7500000,0x00000000e8480000)
 ParOldGen       total 64512K, used 32472K [0x00000000a3e00000, 0x00000000a7d00000, 0x00000000e1500000)
  object space 64512K, 50% used [0x00000000a3e00000,0x00000000a5db60f0,0x00000000a7d00000)
 Metaspace       used 18664K, capacity 18908K, committed 19200K, reserved 1067008K
  class space    used 2103K, capacity 2191K, committed 2304K, reserved 1048576K
}

