# JRE version: OpenJDK Runtime Environment (7.0_111-b01) (build 1.7.0_111-b01)
# Java VM: OpenJDK Server VM (24.111-b01 mixed mode linux-x86 )
Heap
 PSYoungGen      total 70656K, used 17584K [0x9aec0000, 0xa2740000, 0xaf780000)
  eden space 54784K, 15% used [0x9aec0000,0x9b6c7dc0,0x9e440000)
  from space 15872K, 58% used [0x9e440000,0x9ed64340,0x9f3c0000)
  to   space 15360K, 0% used [0xa1840000,0xa1840000,0xa2740000)
 ParOldGen       total 41984K, used 8805K [0x71d80000, 0x74680000, 0x9aec0000)
  object space 41984K, 20% used [0x71d80000,0x726194d8,0x74680000)
 PSPermGen       total 25856K, used 13936K [0x69d80000, 0x6b6c0000, 0x71d80000)
  object space 25856K, 53% used [0x69d80000,0x6ab1c038,0x6b6c0000)
GC Heap History (10 events):
Event: 2.805 GC heap before
{Heap before GC invocations=4 (full 0):
 PSYoungGen      total 18432K, used 18426K [0x9aec0000, 0x9d2c0000, 0xaf780000)
  eden space 15872K, 100% used [0x9aec0000,0x9be40000,0x9be40000)
  from space 2560K, 99% used [0x9be40000,0x9c0bea60,0x9c0c0000)
  to   space 2560K, 0% used [0x9d040000,0x9d040000,0x9d2c0000)
 ParOldGen       total 41984K, used 12572K [0x71d80000, 0x74680000, 0x9aec0000)
  object space 41984K, 29% used [0x71d80000,0x729c7150,0x74680000)
 PSPermGen       total 16384K, used 12172K [0x69d80000, 0x6ad80000, 0x71d80000)
  object space 16384K, 74% used [0x69d80000,0x6a963330,0x6ad80000)
Event: 2.843 GC heap after
Heap after GC invocations=4 (full 0):
 PSYoungGen      total 34304K, used 2545K [0x9aec0000, 0x9d2c0000, 0xaf780000)
  eden space 31744K, 0% used [0x9aec0000,0x9aec0000,0x9cdc0000)
  from space 2560K, 99% used [0x9d040000,0x9d2bc598,0x9d2c0000)
  to   space 2560K, 0% used [0x9cdc0000,0x9cdc0000,0x9d040000)
 ParOldGen       total 41984K, used 21876K [0x71d80000, 0x74680000, 0x9aec0000)
  object space 41984K, 52% used [0x71d80000,0x732dd360,0x74680000)
 PSPermGen       total 16384K, used 12172K [0x69d80000, 0x6ad80000, 0x71d80000)
  object space 16384K, 74% used [0x69d80000,0x6a963330,0x6ad80000)
}
Event: 3.216 GC heap before
{Heap before GC invocations=5 (full 0):
 PSYoungGen      total 34304K, used 34289K [0x9aec0000, 0x9d2c0000, 0xaf780000)
  eden space 31744K, 100% used [0x9aec0000,0x9cdc0000,0x9cdc0000)
  from space 2560K, 99% used [0x9d040000,0x9d2bc598,0x9d2c0000)
  to   space 2560K, 0% used [0x9cdc0000,0x9cdc0000,0x9d040000)
 ParOldGen       total 41984K, used 21876K [0x71d80000, 0x74680000, 0x9aec0000)
  object space 41984K, 52% used [0x71d80000,0x732dd360,0x74680000)
 PSPermGen       total 16384K, used 12852K [0x69d80000, 0x6ad80000, 0x71d80000)
  object space 16384K, 78% used [0x69d80000,0x6aa0d178,0x6ad80000)
Event: 3.255 GC heap after
Heap after GC invocations=5 (full 0):
 PSYoungGen      total 34304K, used 2553K [0x9aec0000, 0xa0c40000, 0xaf780000)
  eden space 31744K, 0% used [0x9aec0000,0x9aec0000,0x9cdc0000)
  from space 2560K, 99% used [0x9cdc0000,0x9d03e718,0x9d040000)
  to   space 16128K, 0% used [0x9fc80000,0x9fc80000,0xa0c40000)
 ParOldGen       total 41984K, used 29841K [0x71d80000, 0x74680000, 0x9aec0000)
  object space 41984K, 71% used [0x71d80000,0x73aa4588,0x74680000)
 PSPermGen       total 16384K, used 12852K [0x69d80000, 0x6ad80000, 0x71d80000)
  object space 16384K, 78% used [0x69d80000,0x6aa0d178,0x6ad80000)
}
Event: 3.256 GC heap before
{Heap before GC invocations=6 (full 1):
 PSYoungGen      total 34304K, used 2553K [0x9aec0000, 0xa0c40000, 0xaf780000)
  eden space 31744K, 0% used [0x9aec0000,0x9aec0000,0x9cdc0000)
  from space 2560K, 99% used [0x9cdc0000,0x9d03e718,0x9d040000)
  to   space 16128K, 0% used [0x9fc80000,0x9fc80000,0xa0c40000)
 ParOldGen       total 41984K, used 29841K [0x71d80000, 0x74680000, 0x9aec0000)
  object space 41984K, 71% used [0x71d80000,0x73aa4588,0x74680000)
 PSPermGen       total 16384K, used 12852K [0x69d80000, 0x6ad80000, 0x71d80000)
  object space 16384K, 78% used [0x69d80000,0x6aa0d178,0x6ad80000)
Event: 3.353 GC heap after
Heap after GC invocations=6 (full 1):
 PSYoungGen      total 34304K, used 0K [0x9aec0000, 0xa0c40000, 0xaf780000)
  eden space 31744K, 0% used [0x9aec0000,0x9aec0000,0x9cdc0000)
  from space 2560K, 0% used [0x9cdc0000,0x9cdc0000,0x9d040000)
  to   space 16128K, 0% used [0x9fc80000,0x9fc80000,0xa0c40000)
 ParOldGen       total 41984K, used 8805K [0x71d80000, 0x74680000, 0x9aec0000)
  object space 41984K, 20% used [0x71d80000,0x726194d8,0x74680000)
 PSPermGen       total 25856K, used 12848K [0x69d80000, 0x6b6c0000, 0x71d80000)
  object space 25856K, 49% used [0x69d80000,0x6aa0c208,0x6b6c0000)
}
Event: 3.805 GC heap before
{Heap before GC invocations=7 (full 1):
 PSYoungGen      total 34304K, used 31744K [0x9aec0000, 0xa0c40000, 0xaf780000)
  eden space 31744K, 100% used [0x9aec0000,0x9cdc0000,0x9cdc0000)
  from space 2560K, 0% used [0x9cdc0000,0x9cdc0000,0x9d040000)
  to   space 16128K, 0% used [0x9fc80000,0x9fc80000,0xa0c40000)
 ParOldGen       total 41984K, used 8805K [0x71d80000, 0x74680000, 0x9aec0000)
  object space 41984K, 20% used [0x71d80000,0x726194d8,0x74680000)
 PSPermGen       total 25856K, used 12892K [0x69d80000, 0x6b6c0000, 0x71d80000)
  object space 25856K, 49% used [0x69d80000,0x6aa17158,0x6b6c0000)
Event: 3.820 GC heap after
Heap after GC invocations=7 (full 1):
 PSYoungGen      total 61696K, used 4475K [0x9aec0000, 0xa0340000, 0xaf780000)
  eden space 54784K, 0% used [0x9aec0000,0x9aec0000,0x9e440000)
  from space 6912K, 64% used [0x9fc80000,0xa00dec20,0xa0340000)
  to   space 15872K, 0% used [0x9e440000,0x9e440000,0x9f3c0000)
 ParOldGen       total 41984K, used 8805K [0x71d80000, 0x74680000, 0x9aec0000)
  object space 41984K, 20% used [0x71d80000,0x726194d8,0x74680000)
 PSPermGen       total 25856K, used 12892K [0x69d80000, 0x6b6c0000, 0x71d80000)
  object space 25856K, 49% used [0x69d80000,0x6aa17158,0x6b6c0000)
}
Event: 4.398 GC heap before
{Heap before GC invocations=8 (full 1):
 PSYoungGen      total 61696K, used 59259K [0x9aec0000, 0xa0340000, 0xaf780000)
  eden space 54784K, 100% used [0x9aec0000,0x9e440000,0x9e440000)
  from space 6912K, 64% used [0x9fc80000,0xa00dec20,0xa0340000)
  to   space 15872K, 0% used [0x9e440000,0x9e440000,0x9f3c0000)
 ParOldGen       total 41984K, used 8805K [0x71d80000, 0x74680000, 0x9aec0000)
  object space 41984K, 20% used [0x71d80000,0x726194d8,0x74680000)
 PSPermGen       total 25856K, used 12925K [0x69d80000, 0x6b6c0000, 0x71d80000)
  object space 25856K, 49% used [0x69d80000,0x6aa1f6b0,0x6b6c0000)
Event: 4.415 GC heap after
Heap after GC invocations=8 (full 1):
 PSYoungGen      total 70656K, used 9360K [0x9aec0000, 0xa2740000, 0xaf780000)
  eden space 54784K, 0% used [0x9aec0000,0x9aec0000,0x9e440000)
  from space 15872K, 58% used [0x9e440000,0x9ed64340,0x9f3c0000)
  to   space 15360K, 0% used [0xa1840000,0xa1840000,0xa2740000)
 ParOldGen       total 41984K, used 8805K [0x71d80000, 0x74680000, 0x9aec0000)
  object space 41984K, 20% used [0x71d80000,0x726194d8,0x74680000)
 PSPermGen       total 25856K, used 12925K [0x69d80000, 0x6b6c0000, 0x71d80000)
  object space 25856K, 49% used [0x69d80000,0x6aa1f6b0,0x6b6c0000)
}

