# JRE version: OpenJDK Runtime Environment (7.0_111-b01) (build 1.7.0_111-b01)
# Java VM: OpenJDK Server VM (24.111-b01 mixed mode linux-x86 )
Heap
 PSYoungGen      total 68608K, used 18966K [0x9ae00000, 0xa1fc0000, 0xaf6c0000)
  eden space 53248K, 18% used [0x9ae00000,0x9b778b50,0x9e200000)
  from space 15360K, 60% used [0x9e200000,0x9eb0cef0,0x9f100000)
  to   space 15104K, 0% used [0xa1100000,0xa1100000,0xa1fc0000)
 ParOldGen       total 41984K, used 8117K [0x71cc0000, 0x745c0000, 0x9ae00000)
  object space 41984K, 19% used [0x71cc0000,0x724ad490,0x745c0000)
 PSPermGen       total 25856K, used 13948K [0x69cc0000, 0x6b600000, 0x71cc0000)
  object space 25856K, 53% used [0x69cc0000,0x6aa5f180,0x6b600000)
GC Heap History (10 events):
Event: 2.814 GC heap before
{Heap before GC invocations=4 (full 0):
 PSYoungGen      total 18432K, used 18428K [0x9ae00000, 0x9d200000, 0xaf6c0000)
  eden space 15872K, 100% used [0x9ae00000,0x9bd80000,0x9bd80000)
  from space 2560K, 99% used [0x9bd80000,0x9bfff378,0x9c000000)
  to   space 2560K, 0% used [0x9cf80000,0x9cf80000,0x9d200000)
 ParOldGen       total 41984K, used 12666K [0x71cc0000, 0x745c0000, 0x9ae00000)
  object space 41984K, 30% used [0x71cc0000,0x7291e950,0x745c0000)
 PSPermGen       total 16384K, used 12172K [0x69cc0000, 0x6acc0000, 0x71cc0000)
  object space 16384K, 74% used [0x69cc0000,0x6a8a3320,0x6acc0000)
Event: 2.861 GC heap after
Heap after GC invocations=4 (full 0):
 PSYoungGen      total 34304K, used 2554K [0x9ae00000, 0x9d200000, 0xaf6c0000)
  eden space 31744K, 0% used [0x9ae00000,0x9ae00000,0x9cd00000)
  from space 2560K, 99% used [0x9cf80000,0x9d1feb40,0x9d200000)
  to   space 2560K, 0% used [0x9cd00000,0x9cd00000,0x9cf80000)
 ParOldGen       total 41984K, used 21829K [0x71cc0000, 0x745c0000, 0x9ae00000)
  object space 41984K, 51% used [0x71cc0000,0x73211490,0x745c0000)
 PSPermGen       total 16384K, used 12172K [0x69cc0000, 0x6acc0000, 0x71cc0000)
  object space 16384K, 74% used [0x69cc0000,0x6a8a3320,0x6acc0000)
}
Event: 3.220 GC heap before
{Heap before GC invocations=5 (full 0):
 PSYoungGen      total 34304K, used 34298K [0x9ae00000, 0x9d200000, 0xaf6c0000)
  eden space 31744K, 100% used [0x9ae00000,0x9cd00000,0x9cd00000)
  from space 2560K, 99% used [0x9cf80000,0x9d1feb40,0x9d200000)
  to   space 2560K, 0% used [0x9cd00000,0x9cd00000,0x9cf80000)
 ParOldGen       total 41984K, used 21829K [0x71cc0000, 0x745c0000, 0x9ae00000)
  object space 41984K, 51% used [0x71cc0000,0x73211490,0x745c0000)
 PSPermGen       total 16384K, used 12852K [0x69cc0000, 0x6acc0000, 0x71cc0000)
  object space 16384K, 78% used [0x69cc0000,0x6a94d158,0x6acc0000)
Event: 3.257 GC heap after
Heap after GC invocations=5 (full 0):
 PSYoungGen      total 34304K, used 2550K [0x9ae00000, 0xa0a80000, 0xaf6c0000)
  eden space 31744K, 0% used [0x9ae00000,0x9ae00000,0x9cd00000)
  from space 2560K, 99% used [0x9cd00000,0x9cf7da10,0x9cf80000)
  to   space 15616K, 0% used [0x9fb40000,0x9fb40000,0xa0a80000)
 ParOldGen       total 41984K, used 29267K [0x71cc0000, 0x745c0000, 0x9ae00000)
  object space 41984K, 69% used [0x71cc0000,0x73954e30,0x745c0000)
 PSPermGen       total 16384K, used 12852K [0x69cc0000, 0x6acc0000, 0x71cc0000)
  object space 16384K, 78% used [0x69cc0000,0x6a94d158,0x6acc0000)
}
Event: 3.257 GC heap before
{Heap before GC invocations=6 (full 1):
 PSYoungGen      total 34304K, used 2550K [0x9ae00000, 0xa0a80000, 0xaf6c0000)
  eden space 31744K, 0% used [0x9ae00000,0x9ae00000,0x9cd00000)
  from space 2560K, 99% used [0x9cd00000,0x9cf7da10,0x9cf80000)
  to   space 15616K, 0% used [0x9fb40000,0x9fb40000,0xa0a80000)
 ParOldGen       total 41984K, used 29267K [0x71cc0000, 0x745c0000, 0x9ae00000)
  object space 41984K, 69% used [0x71cc0000,0x73954e30,0x745c0000)
 PSPermGen       total 16384K, used 12852K [0x69cc0000, 0x6acc0000, 0x71cc0000)
  object space 16384K, 78% used [0x69cc0000,0x6a94d158,0x6acc0000)
Event: 3.399 GC heap after
Heap after GC invocations=6 (full 1):
 PSYoungGen      total 34304K, used 0K [0x9ae00000, 0xa0a80000, 0xaf6c0000)
  eden space 31744K, 0% used [0x9ae00000,0x9ae00000,0x9cd00000)
  from space 2560K, 0% used [0x9cd00000,0x9cd00000,0x9cf80000)
  to   space 15616K, 0% used [0x9fb40000,0x9fb40000,0xa0a80000)
 ParOldGen       total 41984K, used 8117K [0x71cc0000, 0x745c0000, 0x9ae00000)
  object space 41984K, 19% used [0x71cc0000,0x724ad490,0x745c0000)
 PSPermGen       total 25856K, used 12848K [0x69cc0000, 0x6b600000, 0x71cc0000)
  object space 25856K, 49% used [0x69cc0000,0x6a94c208,0x6b600000)
}
Event: 3.873 GC heap before
{Heap before GC invocations=7 (full 1):
 PSYoungGen      total 34304K, used 31744K [0x9ae00000, 0xa0a80000, 0xaf6c0000)
  eden space 31744K, 100% used [0x9ae00000,0x9cd00000,0x9cd00000)
  from space 2560K, 0% used [0x9cd00000,0x9cd00000,0x9cf80000)
  to   space 15616K, 0% used [0x9fb40000,0x9fb40000,0xa0a80000)
 ParOldGen       total 41984K, used 8117K [0x71cc0000, 0x745c0000, 0x9ae00000)
  object space 41984K, 19% used [0x71cc0000,0x724ad490,0x745c0000)
 PSPermGen       total 25856K, used 12891K [0x69cc0000, 0x6b600000, 0x71cc0000)
  object space 25856K, 49% used [0x69cc0000,0x6a956e38,0x6b600000)
Event: 3.896 GC heap after
Heap after GC invocations=7 (full 1):
 PSYoungGen      total 57856K, used 4845K [0x9ae00000, 0xa0000000, 0xaf6c0000)
  eden space 52992K, 0% used [0x9ae00000,0x9ae00000,0x9e1c0000)
  from space 4864K, 99% used [0x9fb40000,0x9fffb4a0,0xa0000000)
  to   space 15360K, 0% used [0x9e200000,0x9e200000,0x9f100000)
 ParOldGen       total 41984K, used 8117K [0x71cc0000, 0x745c0000, 0x9ae00000)
  object space 41984K, 19% used [0x71cc0000,0x724ad490,0x745c0000)
 PSPermGen       total 25856K, used 12891K [0x69cc0000, 0x6b600000, 0x71cc0000)
  object space 25856K, 49% used [0x69cc0000,0x6a956e38,0x6b600000)
}
Event: 4.461 GC heap before
{Heap before GC invocations=8 (full 1):
 PSYoungGen      total 57856K, used 57837K [0x9ae00000, 0xa0000000, 0xaf6c0000)
  eden space 52992K, 100% used [0x9ae00000,0x9e1c0000,0x9e1c0000)
  from space 4864K, 99% used [0x9fb40000,0x9fffb4a0,0xa0000000)
  to   space 15360K, 0% used [0x9e200000,0x9e200000,0x9f100000)
 ParOldGen       total 41984K, used 8117K [0x71cc0000, 0x745c0000, 0x9ae00000)
  object space 41984K, 19% used [0x71cc0000,0x724ad490,0x745c0000)
 PSPermGen       total 25856K, used 12921K [0x69cc0000, 0x6b600000, 0x71cc0000)
  object space 25856K, 49% used [0x69cc0000,0x6a95e440,0x6b600000)
Event: 4.479 GC heap after
Heap after GC invocations=8 (full 1):
 PSYoungGen      total 68608K, used 9267K [0x9ae00000, 0xa1fc0000, 0xaf6c0000)
  eden space 53248K, 0% used [0x9ae00000,0x9ae00000,0x9e200000)
  from space 15360K, 60% used [0x9e200000,0x9eb0cef0,0x9f100000)
  to   space 15104K, 0% used [0xa1100000,0xa1100000,0xa1fc0000)
 ParOldGen       total 41984K, used 8117K [0x71cc0000, 0x745c0000, 0x9ae00000)
  object space 41984K, 19% used [0x71cc0000,0x724ad490,0x745c0000)
 PSPermGen       total 25856K, used 12921K [0x69cc0000, 0x6b600000, 0x71cc0000)
  object space 25856K, 49% used [0x69cc0000,0x6a95e440,0x6b600000)
}

